<?xml version="1.0" encoding="UTF-8"?>
<!-- Generated by org.testng.reporters.JUnitXMLReporter -->
<testsuite hostname="GEORGE" name="TC_1" tests="3" failures="0" timestamp="31 Oct 2020 10:20:12 GMT" time="80.147" errors="0">
  <testcase name="extentReportsDemo" time="0.0" classname="com.gSTAX.Setup.InitialSetup"/>
  <testcase name="AmazonTest" time="69.201" classname="com.gSTAX.Tests.Amazon"/>
  <testcase name="extentReportsDemo" time="0.001" classname="com.gSTAX.Tests.Amazon"/>
</testsuite> <!-- TC_1 -->
