<?xml version="1.0" encoding="UTF-8"?>
<!-- Generated by org.testng.reporters.JUnitXMLReporter -->
<testsuite ignored="0" hostname="DESKTOP-NNICN6Q" failures="1" tests="1" name="TC_1" time="7.82" errors="0" timestamp="2021-10-27T19:05:17 IST">
  <testcase classname="com.gSTAX.Tests.Tricentis" name="WebsiteTest" time="0.355">
    <failure type="java.lang.NullPointerException" message="Cannot invoke &amp;quot;com.aventstack.extentreports.ExtentTest.info(String, com.aventstack.extentreports.model.Media)&amp;quot; because &amp;quot;com.gSTAX.Functions.ReportImplementor.test&amp;quot; is null">
      <![CDATA[java.lang.NullPointerException: Cannot invoke "com.aventstack.extentreports.ExtentTest.info(String, com.aventstack.extentreports.model.Media)" because "com.gSTAX.Functions.ReportImplementor.test" is null
at com.gSTAX.Functions.ReportImplementor.takeScreenshot(ReportImplementor.java:76)
at com.gSTAX.Utilities.Report.takeScreenshot(Report.java:21)
at com.gSTAX.Tests.Tricentis.WebsiteTest(Tricentis.java:22)
at java.base/java.util.ArrayList.forEach(ArrayList.java:1511)
at java.base/java.util.concurrent.FutureTask.run(FutureTask.java:264)
at java.base/java.util.concurrent.ThreadPoolExecutor.runWorker(ThreadPoolExecutor.java:1130)
at java.base/java.util.concurrent.ThreadPoolExecutor$Worker.run(ThreadPoolExecutor.java:630)
at java.base/java.lang.Thread.run(Thread.java:832)
... Removed 18 stack frames]]>
    </failure>
  </testcase> <!-- WebsiteTest -->
</testsuite> <!-- TC_1 -->
