<?xml version="1.0" encoding="UTF-8"?>
<!-- Generated by org.testng.reporters.JUnitXMLReporter -->
<testsuite hostname="GEORGE" name="TC_3" tests="1" failures="1" timestamp="4 Nov 2020 19:36:50 GMT" time="15.63" errors="0">
  <testcase name="AmazonTest" time="5.076" classname="com.gSTAX.Tests.Website">
    <failure type="java.lang.StackOverflowError">
      <![CDATA[java.lang.StackOverflowError
	at com.gSTAX.Utilities.Report.failWithScreenshot(Report.java:45)
	at com.gSTAX.Utilities.Report.failWithScreenshot(Report.java:45)
	at com.gSTAX.Utilities.Report.failWithScreenshot(Report.java:45)
	at com.gSTAX.Utilities.Report.failWithScreenshot(Report.java:45)
	at com.gSTAX.Utilities.Report.failWithScreenshot(Report.java:45)
	at com.gSTAX.Utilities.Report.failWithScreenshot(Report.java:45)
	at com.gSTAX.Utilities.Report.failWithScreenshot(Report.java:45)
	at com.gSTAX.Utilities.Report.failWithScreenshot(Report.java:45)
	at com.gSTAX.Utilities.Report.failWithScreenshot(Report.java:45)
	at com.gSTAX.Utilities.Report.failWithScreenshot(Report.java:45)
	at com.gSTAX.Utilities.Report.failWithScreenshot(Report.java:45)
	at com.gSTAX.Utilities.Report.failWithScreenshot(Report.java:45)
	at com.gSTAX.Utilities.Report.failWithScreenshot(Report.java:45)
	at com.gSTAX.Utilities.Report.failWithScreenshot(Report.java:45)
	at com.gSTAX.Utilities.Report.failWithScreenshot(Report.java:45)
	at com.gSTAX.Utilities.Report.failWithScreenshot(Report.java:45)
	at com.gSTAX.Utilities.Report.failWithScreenshot(Report.java:45)
	at com.gSTAX.Utilities.Report.failWithScreenshot(Report.java:45)
	at com.gSTAX.Utilities.Report.failWithScreenshot(Report.java:45)
	at com.gSTAX.Utilities.Report.failWithScreenshot(Report.java:45)
	at com.gSTAX.Utilities.Report.failWithScreenshot(Report.java:45)
	at com.gSTAX.Utilities.Report.failWithScreenshot(Report.java:45)
	at com.gSTAX.Utilities.Report.failWithScreenshot(Report.java:45)
	at com.gSTAX.Utilities.Report.failWithScreenshot(Report.java:45)
	at com.gSTAX.Utilities.Report.failWithScreenshot(Report.java:45)
	at com.gSTAX.Utilities.Report.failWithScreenshot(Report.java:45)
	at com.gSTAX.Utilities.Report.failWithScreenshot(Report.java:45)
	at com.gSTAX.Utilities.Report.failWithScreenshot(Report.java:45)
	at com.gSTAX.Utilities.Report.failWithScreenshot(Report.java:45)
	at com.gSTAX.Utilities.Report.failWithScreenshot(Report.java:45)
	at com.gSTAX.Utilities.Report.failWithScreenshot(Report.java:45)
	at com.gSTAX.Utilities.Report.failWithScreenshot(Report.java:45)
	at com.gSTAX.Utilities.Report.failWithScreenshot(Report.java:45)
	at com.gSTAX.Utilities.Report.failWithScreenshot(Report.java:45)
	at com.gSTAX.Utilities.Report.failWithScreenshot(Report.java:45)
	at com.gSTAX.Utilities.Report.failWithScreenshot(Report.java:45)
	at com.gSTAX.Utilities.Report.failWithScreenshot(Report.java:45)
	at com.gSTAX.Utilities.Report.failWithScreenshot(Report.java:45)
	at com.gSTAX.Utilities.Report.failWithScreenshot(Report.java:45)
	at com.gSTAX.Utilities.Report.failWithScreenshot(Report.java:45)
	at com.gSTAX.Utilities.Report.failWithScreenshot(Report.java:45)
	at com.gSTAX.Utilities.Report.failWithScreenshot(Report.java:45)
	at com.gSTAX.Utilities.Report.failWithScreenshot(Report.java:45)
	at com.gSTAX.Utilities.Report.failWithScreenshot(Report.java:45)
	at com.gSTAX.Utilities.Report.failWithScreenshot(Report.java:45)
	at com.gSTAX.Utilities.Report.failWithScreenshot(Report.java:45)
	at com.gSTAX.Utilities.Report.failWithScreenshot(Report.java:45)
	at com.gSTAX.Utilities.Report.failWithScreenshot(Report.java:45)
	at com.gSTAX.Utilities.Report.failWithScreenshot(Report.java:45)
	at com.gSTAX.Utilities.Report.failWithScreenshot(Report.java:45)
	at com.gSTAX.Utilities.Report.failWithScreenshot(Report.java:45)
	at com.gSTAX.Utilities.Report.failWithScreenshot(Report.java:45)
	at com.gSTAX.Utilities.Report.failWithScreenshot(Report.java:45)
	at com.gSTAX.Utilities.Report.failWithScreenshot(Report.java:45)
	at com.gSTAX.Utilities.Report.failWithScreenshot(Report.java:45)
	at com.gSTAX.Utilities.Report.failWithScreenshot(Report.java:45)
	at com.gSTAX.Utilities.Report.failWithScreenshot(Report.java:45)
	at com.gSTAX.Utilities.Report.failWithScreenshot(Report.java:45)
	at com.gSTAX.Utilities.Report.failWithScreenshot(Report.java:45)
	at com.gSTAX.Utilities.Report.failWithScreenshot(Report.java:45)
	at com.gSTAX.Utilities.Report.failWithScreenshot(Report.java:45)
	at com.gSTAX.Utilities.Report.failWithScreenshot(Report.java:45)
	at com.gSTAX.Utilities.Report.failWithScreenshot(Report.java:45)
	at com.gSTAX.Utilities.Report.failWithScreenshot(Report.java:45)
	at com.gSTAX.Utilities.Report.failWithScreenshot(Report.java:45)
	at com.gSTAX.Utilities.Report.failWithScreenshot(Report.java:45)
	at com.gSTAX.Utilities.Report.failWithScreenshot(Report.java:45)
	at com.gSTAX.Utilities.Report.failWithScreenshot(Report.java:45)
	at com.gSTAX.Utilities.Report.failWithScreenshot(Report.java:45)
	at com.gSTAX.Utilities.Report.failWithScreenshot(Report.java:45)
	at com.gSTAX.Utilities.Report.failWithScreenshot(Report.java:45)
	at com.gSTAX.Utilities.Report.failWithScreenshot(Report.java:45)
	at com.gSTAX.Utilities.Report.failWithScreenshot(Report.java:45)
	at com.gSTAX.Utilities.Report.failWithScreenshot(Report.java:45)
	at com.gSTAX.Utilities.Report.failWithScreenshot(Report.java:45)
	at com.gSTAX.Utilities.Report.failWithScreenshot(Report.java:45)
	at com.gSTAX.Utilities.Report.failWithScreenshot(Report.java:45)
	at com.gSTAX.Utilities.Report.failWithScreenshot(Report.java:45)
	at com.gSTAX.Utilities.Report.failWithScreenshot(Report.java:45)
	at com.gSTAX.Utilities.Report.failWithScreenshot(Report.java:45)
	at com.gSTAX.Utilities.Report.failWithScreenshot(Report.java:45)
	at com.gSTAX.Utilities.Report.failWithScreenshot(Report.java:45)
	at com.gSTAX.Utilities.Report.failWithScreenshot(Report.java:45)
	at com.gSTAX.Utilities.Report.failWithScreenshot(Report.java:45)
	at com.gSTAX.Utilities.Report.failWithScreenshot(Report.java:45)
	at com.gSTAX.Utilities.Report.failWithScreenshot(Report.java:45)
	at com.gSTAX.Utilities.Report.failWithScreenshot(Report.java:45)
	at com.gSTAX.Utilities.Report.failWithScreenshot(Report.java:45)
	at com.gSTAX.Utilities.Report.failWithScreenshot(Report.java:45)
	at com.gSTAX.Utilities.Report.failWithScreenshot(Report.java:45)
	at com.gSTAX.Utilities.Report.failWithScreenshot(Report.java:45)
	at com.gSTAX.Utilities.Report.failWithScreenshot(Report.java:45)
	at com.gSTAX.Utilities.Report.failWithScreenshot(Report.java:45)
	at com.gSTAX.Utilities.Report.failWithScreenshot(Report.java:45)
	at com.gSTAX.Utilities.Report.failWithScreenshot(Report.java:45)
	at com.gSTAX.Utilities.Report.failWithScreenshot(Report.java:45)
	at com.gSTAX.Utilities.Report.failWithScreenshot(Report.java:45)
	at com.gSTAX.Utilities.Report.failWithScreenshot(Report.java:45)
	at com.gSTAX.Utilities.Report.failWithScreenshot(Report.java:45)
	at com.gSTAX.Utilities.Report.failWithScreenshot(Report.java:45)
	at com.gSTAX.Utilities.Report.failWithScreenshot(Report.java:45)
	at com.gSTAX.Utilities.Report.failWithScreenshot(Report.java:45)
	at com.gSTAX.Utilities.Report.failWithScreenshot(Report.java:45)
	at com.gSTAX.Utilities.Report.failWithScreenshot(Report.java:45)
	at com.gSTAX.Utilities.Report.failWithScreenshot(Report.java:45)
	at com.gSTAX.Utilities.Report.failWithScreenshot(Report.java:45)
	at com.gSTAX.Utilities.Report.failWithScreenshot(Report.java:45)
	at com.gSTAX.Utilities.Report.failWithScreenshot(Report.java:45)
	at com.gSTAX.Utilities.Report.failWithScreenshot(Report.java:45)
	at com.gSTAX.Utilities.Report.failWithScreenshot(Report.java:45)
	at com.gSTAX.Utilities.Report.failWithScreenshot(Report.java:45)
	at com.gSTAX.Utilities.Report.failWithScreenshot(Report.java:45)
	at com.gSTAX.Utilities.Report.failWithScreenshot(Report.java:45)
	at com.gSTAX.Utilities.Report.failWithScreenshot(Report.java:45)
	at com.gSTAX.Utilities.Report.failWithScreenshot(Report.java:45)
	at com.gSTAX.Utilities.Report.failWithScreenshot(Report.java:45)
	at com.gSTAX.Utilities.Report.failWithScreenshot(Report.java:45)
	at com.gSTAX.Utilities.Report.failWithScreenshot(Report.java:45)
	at com.gSTAX.Utilities.Report.failWithScreenshot(Report.java:45)
	at com.gSTAX.Utilities.Report.failWithScreenshot(Report.java:45)
	at com.gSTAX.Utilities.Report.failWithScreenshot(Report.java:45)
	at com.gSTAX.Utilities.Report.failWithScreenshot(Report.java:45)
	at com.gSTAX.Utilities.Report.failWithScreenshot(Report.java:45)
	at com.gSTAX.Utilities.Report.failWithScreenshot(Report.java:45)
	at com.gSTAX.Utilities.Report.failWithScreenshot(Report.java:45)
	at com.gSTAX.Utilities.Report.failWithScreenshot(Report.java:45)
	at com.gSTAX.Utilities.Report.failWithScreenshot(Report.java:45)
	at com.gSTAX.Utilities.Report.failWithScreenshot(Report.java:45)
	at com.gSTAX.Utilities.Report.failWithScreenshot(Report.java:45)
	at com.gSTAX.Utilities.Report.failWithScreenshot(Report.java:45)
	at com.gSTAX.Utilities.Report.failWithScreenshot(Report.java:45)
	at com.gSTAX.Utilities.Report.failWithScreenshot(Report.java:45)
	at com.gSTAX.Utilities.Report.failWithScreenshot(Report.java:45)
	at com.gSTAX.Utilities.Report.failWithScreenshot(Report.java:45)
	at com.gSTAX.Utilities.Report.failWithScreenshot(Report.java:45)
	at com.gSTAX.Utilities.Report.failWithScreenshot(Report.java:45)
	at com.gSTAX.Utilities.Report.failWithScreenshot(Report.java:45)
	at com.gSTAX.Utilities.Report.failWithScreenshot(Report.java:45)
	at com.gSTAX.Utilities.Report.failWithScreenshot(Report.java:45)
	at com.gSTAX.Utilities.Report.failWithScreenshot(Report.java:45)
	at com.gSTAX.Utilities.Report.failWithScreenshot(Report.java:45)
	at com.gSTAX.Utilities.Report.failWithScreenshot(Report.java:45)
	at com.gSTAX.Utilities.Report.failWithScreenshot(Report.java:45)
	at com.gSTAX.Utilities.Report.failWithScreenshot(Report.java:45)
	at com.gSTAX.Utilities.Report.failWithScreenshot(Report.java:45)
	at com.gSTAX.Utilities.Report.failWithScreenshot(Report.java:45)
	at com.gSTAX.Utilities.Report.failWithScreenshot(Report.java:45)
	at com.gSTAX.Utilities.Report.failWithScreenshot(Report.java:45)
	at com.gSTAX.Utilities.Report.failWithScreenshot(Report.java:45)
	at com.gSTAX.Utilities.Report.failWithScreenshot(Report.java:45)
	at com.gSTAX.Utilities.Report.failWithScreenshot(Report.java:45)
	at com.gSTAX.Utilities.Report.failWithScreenshot(Report.java:45)
	at com.gSTAX.Utilities.Report.failWithScreenshot(Report.java:45)
	at com.gSTAX.Utilities.Report.failWithScreenshot(Report.java:45)
	at com.gSTAX.Utilities.Report.failWithScreenshot(Report.java:45)
	at com.gSTAX.Utilities.Report.failWithScreenshot(Report.java:45)
	at com.gSTAX.Utilities.Report.failWithScreenshot(Report.java:45)
	at com.gSTAX.Utilities.Report.failWithScreenshot(Report.java:45)
	at com.gSTAX.Utilities.Report.failWithScreenshot(Report.java:45)
	at com.gSTAX.Utilities.Report.failWithScreenshot(Report.java:45)
	at com.gSTAX.Utilities.Report.failWithScreenshot(Report.java:45)
	at com.gSTAX.Utilities.Report.failWithScreenshot(Report.java:45)
	at com.gSTAX.Utilities.Report.failWithScreenshot(Report.java:45)
	at com.gSTAX.Utilities.Report.failWithScreenshot(Report.java:45)
	at com.gSTAX.Utilities.Report.failWithScreenshot(Report.java:45)
	at com.gSTAX.Utilities.Report.failWithScreenshot(Report.java:45)
	at com.gSTAX.Utilities.Report.failWithScreenshot(Report.java:45)
	at com.gSTAX.Utilities.Report.failWithScreenshot(Report.java:45)
	at com.gSTAX.Utilities.Report.failWithScreenshot(Report.java:45)
	at com.gSTAX.Utilities.Report.failWithScreenshot(Report.java:45)
	at com.gSTAX.Utilities.Report.failWithScreenshot(Report.java:45)
	at com.gSTAX.Utilities.Report.failWithScreenshot(Report.java:45)
	at com.gSTAX.Utilities.Report.failWithScreenshot(Report.java:45)
	at com.gSTAX.Utilities.Report.failWithScreenshot(Report.java:45)
	at com.gSTAX.Utilities.Report.failWithScreenshot(Report.java:45)
	at com.gSTAX.Utilities.Report.failWithScreenshot(Report.java:45)
	at com.gSTAX.Utilities.Report.failWithScreenshot(Report.java:45)
	at com.gSTAX.Utilities.Report.failWithScreenshot(Report.java:45)
	at com.gSTAX.Utilities.Report.failWithScreenshot(Report.java:45)
	at com.gSTAX.Utilities.Report.failWithScreenshot(Report.java:45)
	at com.gSTAX.Utilities.Report.failWithScreenshot(Report.java:45)
	at com.gSTAX.Utilities.Report.failWithScreenshot(Report.java:45)
	at com.gSTAX.Utilities.Report.failWithScreenshot(Report.java:45)
	at com.gSTAX.Utilities.Report.failWithScreenshot(Report.java:45)
	at com.gSTAX.Utilities.Report.failWithScreenshot(Report.java:45)
	at com.gSTAX.Utilities.Report.failWithScreenshot(Report.java:45)
	at com.gSTAX.Utilities.Report.failWithScreenshot(Report.java:45)
	at com.gSTAX.Utilities.Report.failWithScreenshot(Report.java:45)
	at com.gSTAX.Utilities.Report.failWithScreenshot(Report.java:45)
	at com.gSTAX.Utilities.Report.failWithScreenshot(Report.java:45)
	at com.gSTAX.Utilities.Report.failWithScreenshot(Report.java:45)
	at com.gSTAX.Utilities.Report.failWithScreenshot(Report.java:45)
	at com.gSTAX.Utilities.Report.failWithScreenshot(Report.java:45)
	at com.gSTAX.Utilities.Report.failWithScreenshot(Report.java:45)
	at com.gSTAX.Utilities.Report.failWithScreenshot(Report.java:45)
	at com.gSTAX.Utilities.Report.failWithScreenshot(Report.java:45)
	at com.gSTAX.Utilities.Report.failWithScreenshot(Report.java:45)
	at com.gSTAX.Utilities.Report.failWithScreenshot(Report.java:45)
	at com.gSTAX.Utilities.Report.failWithScreenshot(Report.java:45)
	at com.gSTAX.Utilities.Report.failWithScreenshot(Report.java:45)
	at com.gSTAX.Utilities.Report.failWithScreenshot(Report.java:45)
	at com.gSTAX.Utilities.Report.failWithScreenshot(Report.java:45)
	at com.gSTAX.Utilities.Report.failWithScreenshot(Report.java:45)
	at com.gSTAX.Utilities.Report.failWithScreenshot(Report.java:45)
	at com.gSTAX.Utilities.Report.failWithScreenshot(Report.java:45)
	at com.gSTAX.Utilities.Report.failWithScreenshot(Report.java:45)
	at com.gSTAX.Utilities.Report.failWithScreenshot(Report.java:45)
	at com.gSTAX.Utilities.Report.failWithScreenshot(Report.java:45)
	at com.gSTAX.Utilities.Report.failWithScreenshot(Report.java:45)
	at com.gSTAX.Utilities.Report.failWithScreenshot(Report.java:45)
	at com.gSTAX.Utilities.Report.failWithScreenshot(Report.java:45)
	at com.gSTAX.Utilities.Report.failWithScreenshot(Report.java:45)
	at com.gSTAX.Utilities.Report.failWithScreenshot(Report.java:45)
	at com.gSTAX.Utilities.Report.failWithScreenshot(Report.java:45)
	at com.gSTAX.Utilities.Report.failWithScreenshot(Report.java:45)
	at com.gSTAX.Utilities.Report.failWithScreenshot(Report.java:45)
	at com.gSTAX.Utilities.Report.failWithScreenshot(Report.java:45)
	at com.gSTAX.Utilities.Report.failWithScreenshot(Report.java:45)
	at com.gSTAX.Utilities.Report.failWithScreenshot(Report.java:45)
	at com.gSTAX.Utilities.Report.failWithScreenshot(Report.java:45)
	at com.gSTAX.Utilities.Report.failWithScreenshot(Report.java:45)
	at com.gSTAX.Utilities.Report.failWithScreenshot(Report.java:45)
	at com.gSTAX.Utilities.Report.failWithScreenshot(Report.java:45)
	at com.gSTAX.Utilities.Report.failWithScreenshot(Report.java:45)
	at com.gSTAX.Utilities.Report.failWithScreenshot(Report.java:45)
	at com.gSTAX.Utilities.Report.failWithScreenshot(Report.java:45)
	at com.gSTAX.Utilities.Report.failWithScreenshot(Report.java:45)
	at com.gSTAX.Utilities.Report.failWithScreenshot(Report.java:45)
	at com.gSTAX.Utilities.Report.failWithScreenshot(Report.java:45)
	at com.gSTAX.Utilities.Report.failWithScreenshot(Report.java:45)
	at com.gSTAX.Utilities.Report.failWithScreenshot(Report.java:45)
	at com.gSTAX.Utilities.Report.failWithScreenshot(Report.java:45)
	at com.gSTAX.Utilities.Report.failWithScreenshot(Report.java:45)
	at com.gSTAX.Utilities.Report.failWithScreenshot(Report.java:45)
	at com.gSTAX.Utilities.Report.failWithScreenshot(Report.java:45)
	at com.gSTAX.Utilities.Report.failWithScreenshot(Report.java:45)
	at com.gSTAX.Utilities.Report.failWithScreenshot(Report.java:45)
	at com.gSTAX.Utilities.Report.failWithScreenshot(Report.java:45)
	at com.gSTAX.Utilities.Report.failWithScreenshot(Report.java:45)
	at com.gSTAX.Utilities.Report.failWithScreenshot(Report.java:45)
	at com.gSTAX.Utilities.Report.failWithScreenshot(Report.java:45)
	at com.gSTAX.Utilities.Report.failWithScreenshot(Report.java:45)
	at com.gSTAX.Utilities.Report.failWithScreenshot(Report.java:45)
	at com.gSTAX.Utilities.Report.failWithScreenshot(Report.java:45)
	at com.gSTAX.Utilities.Report.failWithScreenshot(Report.java:45)
	at com.gSTAX.Utilities.Report.failWithScreenshot(Report.java:45)
	at com.gSTAX.Utilities.Report.failWithScreenshot(Report.java:45)
	at com.gSTAX.Utilities.Report.failWithScreenshot(Report.java:45)
	at com.gSTAX.Utilities.Report.failWithScreenshot(Report.java:45)
	at com.gSTAX.Utilities.Report.failWithScreenshot(Report.java:45)
	at com.gSTAX.Utilities.Report.failWithScreenshot(Report.java:45)
	at com.gSTAX.Utilities.Report.failWithScreenshot(Report.java:45)
	at com.gSTAX.Utilities.Report.failWithScreenshot(Report.java:45)
	at com.gSTAX.Utilities.Report.failWithScreenshot(Report.java:45)
	at com.gSTAX.Utilities.Report.failWithScreenshot(Report.java:45)
	at com.gSTAX.Utilities.Report.failWithScreenshot(Report.java:45)
	at com.gSTAX.Utilities.Report.failWithScreenshot(Report.java:45)
	at com.gSTAX.Utilities.Report.failWithScreenshot(Report.java:45)
	at com.gSTAX.Utilities.Report.failWithScreenshot(Report.java:45)
	at com.gSTAX.Utilities.Report.failWithScreenshot(Report.java:45)
	at com.gSTAX.Utilities.Report.failWithScreenshot(Report.java:45)
	at com.gSTAX.Utilities.Report.failWithScreenshot(Report.java:45)
	at com.gSTAX.Utilities.Report.failWithScreenshot(Report.java:45)
	at com.gSTAX.Utilities.Report.failWithScreenshot(Report.java:45)
	at com.gSTAX.Utilities.Report.failWithScreenshot(Report.java:45)
	at com.gSTAX.Utilities.Report.failWithScreenshot(Report.java:45)
	at com.gSTAX.Utilities.Report.failWithScreenshot(Report.java:45)
	at com.gSTAX.Utilities.Report.failWithScreenshot(Report.java:45)
	at com.gSTAX.Utilities.Report.failWithScreenshot(Report.java:45)
	at com.gSTAX.Utilities.Report.failWithScreenshot(Report.java:45)
	at com.gSTAX.Utilities.Report.failWithScreenshot(Report.java:45)
	at com.gSTAX.Utilities.Report.failWithScreenshot(Report.java:45)
	at com.gSTAX.Utilities.Report.failWithScreenshot(Report.java:45)
	at com.gSTAX.Utilities.Report.failWithScreenshot(Report.java:45)
	at com.gSTAX.Utilities.Report.failWithScreenshot(Report.java:45)
	at com.gSTAX.Utilities.Report.failWithScreenshot(Report.java:45)
	at com.gSTAX.Utilities.Report.failWithScreenshot(Report.java:45)
	at com.gSTAX.Utilities.Report.failWithScreenshot(Report.java:45)
	at com.gSTAX.Utilities.Report.failWithScreenshot(Report.java:45)
	at com.gSTAX.Utilities.Report.failWithScreenshot(Report.java:45)
	at com.gSTAX.Utilities.Report.failWithScreenshot(Report.java:45)
	at com.gSTAX.Utilities.Report.failWithScreenshot(Report.java:45)
	at com.gSTAX.Utilities.Report.failWithScreenshot(Report.java:45)
	at com.gSTAX.Utilities.Report.failWithScreenshot(Report.java:45)
	at com.gSTAX.Utilities.Report.failWithScreenshot(Report.java:45)
	at com.gSTAX.Utilities.Report.failWithScreenshot(Report.java:45)
	at com.gSTAX.Utilities.Report.failWithScreenshot(Report.java:45)
	at com.gSTAX.Utilities.Report.failWithScreenshot(Report.java:45)
	at com.gSTAX.Utilities.Report.failWithScreenshot(Report.java:45)
	at com.gSTAX.Utilities.Report.failWithScreenshot(Report.java:45)
	at com.gSTAX.Utilities.Report.failWithScreenshot(Report.java:45)
	at com.gSTAX.Utilities.Report.failWithScreenshot(Report.java:45)
	at com.gSTAX.Utilities.Report.failWithScreenshot(Report.java:45)
	at com.gSTAX.Utilities.Report.failWithScreenshot(Report.java:45)
	at com.gSTAX.Utilities.Report.failWithScreenshot(Report.java:45)
	at com.gSTAX.Utilities.Report.failWithScreenshot(Report.java:45)
	at com.gSTAX.Utilities.Report.failWithScreenshot(Report.java:45)
	at com.gSTAX.Utilities.Report.failWithScreenshot(Report.java:45)
	at com.gSTAX.Utilities.Report.failWithScreenshot(Report.java:45)
	at com.gSTAX.Utilities.Report.failWithScreenshot(Report.java:45)
	at com.gSTAX.Utilities.Report.failWithScreenshot(Report.java:45)
	at com.gSTAX.Utilities.Report.failWithScreenshot(Report.java:45)
	at com.gSTAX.Utilities.Report.failWithScreenshot(Report.java:45)
	at com.gSTAX.Utilities.Report.failWithScreenshot(Report.java:45)
	at com.gSTAX.Utilities.Report.failWithScreenshot(Report.java:45)
	at com.gSTAX.Utilities.Report.failWithScreenshot(Report.java:45)
	at com.gSTAX.Utilities.Report.failWithScreenshot(Report.java:45)
	at com.gSTAX.Utilities.Report.failWithScreenshot(Report.java:45)
	at com.gSTAX.Utilities.Report.failWithScreenshot(Report.java:45)
	at com.gSTAX.Utilities.Report.failWithScreenshot(Report.java:45)
	at com.gSTAX.Utilities.Report.failWithScreenshot(Report.java:45)
	at com.gSTAX.Utilities.Report.failWithScreenshot(Report.java:45)
	at com.gSTAX.Utilities.Report.failWithScreenshot(Report.java:45)
	at com.gSTAX.Utilities.Report.failWithScreenshot(Report.java:45)
	at com.gSTAX.Utilities.Report.failWithScreenshot(Report.java:45)
	at com.gSTAX.Utilities.Report.failWithScreenshot(Report.java:45)
	at com.gSTAX.Utilities.Report.failWithScreenshot(Report.java:45)
	at com.gSTAX.Utilities.Report.failWithScreenshot(Report.java:45)
	at com.gSTAX.Utilities.Report.failWithScreenshot(Report.java:45)
	at com.gSTAX.Utilities.Report.failWithScreenshot(Report.java:45)
	at com.gSTAX.Utilities.Report.failWithScreenshot(Report.java:45)
	at com.gSTAX.Utilities.Report.failWithScreenshot(Report.java:45)
	at com.gSTAX.Utilities.Report.failWithScreenshot(Report.java:45)
	at com.gSTAX.Utilities.Report.failWithScreenshot(Report.java:45)
	at com.gSTAX.Utilities.Report.failWithScreenshot(Report.java:45)
	at com.gSTAX.Utilities.Report.failWithScreenshot(Report.java:45)
	at com.gSTAX.Utilities.Report.failWithScreenshot(Report.java:45)
	at com.gSTAX.Utilities.Report.failWithScreenshot(Report.java:45)
	at com.gSTAX.Utilities.Report.failWithScreenshot(Report.java:45)
	at com.gSTAX.Utilities.Report.failWithScreenshot(Report.java:45)
	at com.gSTAX.Utilities.Report.failWithScreenshot(Report.java:45)
	at com.gSTAX.Utilities.Report.failWithScreenshot(Report.java:45)
	at com.gSTAX.Utilities.Report.failWithScreenshot(Report.java:45)
	at com.gSTAX.Utilities.Report.failWithScreenshot(Report.java:45)
	at com.gSTAX.Utilities.Report.failWithScreenshot(Report.java:45)
	at com.gSTAX.Utilities.Report.failWithScreenshot(Report.java:45)
	at com.gSTAX.Utilities.Report.failWithScreenshot(Report.java:45)
	at com.gSTAX.Utilities.Report.failWithScreenshot(Report.java:45)
	at com.gSTAX.Utilities.Report.failWithScreenshot(Report.java:45)
	at com.gSTAX.Utilities.Report.failWithScreenshot(Report.java:45)
	at com.gSTAX.Utilities.Report.failWithScreenshot(Report.java:45)
	at com.gSTAX.Utilities.Report.failWithScreenshot(Report.java:45)
	at com.gSTAX.Utilities.Report.failWithScreenshot(Report.java:45)
	at com.gSTAX.Utilities.Report.failWithScreenshot(Report.java:45)
	at com.gSTAX.Utilities.Report.failWithScreenshot(Report.java:45)
	at com.gSTAX.Utilities.Report.failWithScreenshot(Report.java:45)
	at com.gSTAX.Utilities.Report.failWithScreenshot(Report.java:45)
	at com.gSTAX.Utilities.Report.failWithScreenshot(Report.java:45)
	at com.gSTAX.Utilities.Report.failWithScreenshot(Report.java:45)
	at com.gSTAX.Utilities.Report.failWithScreenshot(Report.java:45)
	at com.gSTAX.Utilities.Report.failWithScreenshot(Report.java:45)
	at com.gSTAX.Utilities.Report.failWithScreenshot(Report.java:45)
	at com.gSTAX.Utilities.Report.failWithScreenshot(Report.java:45)
	at com.gSTAX.Utilities.Report.failWithScreenshot(Report.java:45)
	at com.gSTAX.Utilities.Report.failWithScreenshot(Report.java:45)
	at com.gSTAX.Utilities.Report.failWithScreenshot(Report.java:45)
	at com.gSTAX.Utilities.Report.failWithScreenshot(Report.java:45)
	at com.gSTAX.Utilities.Report.failWithScreenshot(Report.java:45)
	at com.gSTAX.Utilities.Report.failWithScreenshot(Report.java:45)
	at com.gSTAX.Utilities.Report.failWithScreenshot(Report.java:45)
	at com.gSTAX.Utilities.Report.failWithScreenshot(Report.java:45)
	at com.gSTAX.Utilities.Report.failWithScreenshot(Report.java:45)
	at com.gSTAX.Utilities.Report.failWithScreenshot(Report.java:45)
	at com.gSTAX.Utilities.Report.failWithScreenshot(Report.java:45)
	at com.gSTAX.Utilities.Report.failWithScreenshot(Report.java:45)
	at com.gSTAX.Utilities.Report.failWithScreenshot(Report.java:45)
	at com.gSTAX.Utilities.Report.failWithScreenshot(Report.java:45)
	at com.gSTAX.Utilities.Report.failWithScreenshot(Report.java:45)
	at com.gSTAX.Utilities.Report.failWithScreenshot(Report.java:45)
	at com.gSTAX.Utilities.Report.failWithScreenshot(Report.java:45)
	at com.gSTAX.Utilities.Report.failWithScreenshot(Report.java:45)
	at com.gSTAX.Utilities.Report.failWithScreenshot(Report.java:45)
	at com.gSTAX.Utilities.Report.failWithScreenshot(Report.java:45)
	at com.gSTAX.Utilities.Report.failWithScreenshot(Report.java:45)
	at com.gSTAX.Utilities.Report.failWithScreenshot(Report.java:45)
	at com.gSTAX.Utilities.Report.failWithScreenshot(Report.java:45)
	at com.gSTAX.Utilities.Report.failWithScreenshot(Report.java:45)
	at com.gSTAX.Utilities.Report.failWithScreenshot(Report.java:45)
	at com.gSTAX.Utilities.Report.failWithScreenshot(Report.java:45)
	at com.gSTAX.Utilities.Report.failWithScreenshot(Report.java:45)
	at com.gSTAX.Utilities.Report.failWithScreenshot(Report.java:45)
	at com.gSTAX.Utilities.Report.failWithScreenshot(Report.java:45)
	at com.gSTAX.Utilities.Report.failWithScreenshot(Report.java:45)
	at com.gSTAX.Utilities.Report.failWithScreenshot(Report.java:45)
	at com.gSTAX.Utilities.Report.failWithScreenshot(Report.java:45)
	at com.gSTAX.Utilities.Report.failWithScreenshot(Report.java:45)
	at com.gSTAX.Utilities.Report.failWithScreenshot(Report.java:45)
	at com.gSTAX.Utilities.Report.failWithScreenshot(Report.java:45)
	at com.gSTAX.Utilities.Report.failWithScreenshot(Report.java:45)
	at com.gSTAX.Utilities.Report.failWithScreenshot(Report.java:45)
	at com.gSTAX.Utilities.Report.failWithScreenshot(Report.java:45)
	at com.gSTAX.Utilities.Report.failWithScreenshot(Report.java:45)
	at com.gSTAX.Utilities.Report.failWithScreenshot(Report.java:45)
	at com.gSTAX.Utilities.Report.failWithScreenshot(Report.java:45)
	at com.gSTAX.Utilities.Report.failWithScreenshot(Report.java:45)
	at com.gSTAX.Utilities.Report.failWithScreenshot(Report.java:45)
	at com.gSTAX.Utilities.Report.failWithScreenshot(Report.java:45)
	at com.gSTAX.Utilities.Report.failWithScreenshot(Report.java:45)
	at com.gSTAX.Utilities.Report.failWithScreenshot(Report.java:45)
	at com.gSTAX.Utilities.Report.failWithScreenshot(Report.java:45)
	at com.gSTAX.Utilities.Report.failWithScreenshot(Report.java:45)
	at com.gSTAX.Utilities.Report.failWithScreenshot(Report.java:45)
	at com.gSTAX.Utilities.Report.failWithScreenshot(Report.java:45)
	at com.gSTAX.Utilities.Report.failWithScreenshot(Report.java:45)
	at com.gSTAX.Utilities.Report.failWithScreenshot(Report.java:45)
	at com.gSTAX.Utilities.Report.failWithScreenshot(Report.java:45)
	at com.gSTAX.Utilities.Report.failWithScreenshot(Report.java:45)
	at com.gSTAX.Utilities.Report.failWithScreenshot(Report.java:45)
	at com.gSTAX.Utilities.Report.failWithScreenshot(Report.java:45)
	at com.gSTAX.Utilities.Report.failWithScreenshot(Report.java:45)
	at com.gSTAX.Utilities.Report.failWithScreenshot(Report.java:45)
	at com.gSTAX.Utilities.Report.failWithScreenshot(Report.java:45)
	at com.gSTAX.Utilities.Report.failWithScreenshot(Report.java:45)
	at com.gSTAX.Utilities.Report.failWithScreenshot(Report.java:45)
	at com.gSTAX.Utilities.Report.failWithScreenshot(Report.java:45)
	at com.gSTAX.Utilities.Report.failWithScreenshot(Report.java:45)
	at com.gSTAX.Utilities.Report.failWithScreenshot(Report.java:45)
	at com.gSTAX.Utilities.Report.failWithScreenshot(Report.java:45)
	at com.gSTAX.Utilities.Report.failWithScreenshot(Report.java:45)
	at com.gSTAX.Utilities.Report.failWithScreenshot(Report.java:45)
	at com.gSTAX.Utilities.Report.failWithScreenshot(Report.java:45)
	at com.gSTAX.Utilities.Report.failWithScreenshot(Report.java:45)
	at com.gSTAX.Utilities.Report.failWithScreenshot(Report.java:45)
	at com.gSTAX.Utilities.Report.failWithScreenshot(Report.java:45)
	at com.gSTAX.Utilities.Report.failWithScreenshot(Report.java:45)
	at com.gSTAX.Utilities.Report.failWithScreenshot(Report.java:45)
	at com.gSTAX.Utilities.Report.failWithScreenshot(Report.java:45)
	at com.gSTAX.Utilities.Report.failWithScreenshot(Report.java:45)
	at com.gSTAX.Utilities.Report.failWithScreenshot(Report.java:45)
	at com.gSTAX.Utilities.Report.failWithScreenshot(Report.java:45)
	at com.gSTAX.Utilities.Report.failWithScreenshot(Report.java:45)
	at com.gSTAX.Utilities.Report.failWithScreenshot(Report.java:45)
	at com.gSTAX.Utilities.Report.failWithScreenshot(Report.java:45)
	at com.gSTAX.Utilities.Report.failWithScreenshot(Report.java:45)
	at com.gSTAX.Utilities.Report.failWithScreenshot(Report.java:45)
	at com.gSTAX.Utilities.Report.failWithScreenshot(Report.java:45)
	at com.gSTAX.Utilities.Report.failWithScreenshot(Report.java:45)
	at com.gSTAX.Utilities.Report.failWithScreenshot(Report.java:45)
	at com.gSTAX.Utilities.Report.failWithScreenshot(Report.java:45)
	at com.gSTAX.Utilities.Report.failWithScreenshot(Report.java:45)
	at com.gSTAX.Utilities.Report.failWithScreenshot(Report.java:45)
	at com.gSTAX.Utilities.Report.failWithScreenshot(Report.java:45)
	at com.gSTAX.Utilities.Report.failWithScreenshot(Report.java:45)
	at com.gSTAX.Utilities.Report.failWithScreenshot(Report.java:45)
	at com.gSTAX.Utilities.Report.failWithScreenshot(Report.java:45)
	at com.gSTAX.Utilities.Report.failWithScreenshot(Report.java:45)
	at com.gSTAX.Utilities.Report.failWithScreenshot(Report.java:45)
	at com.gSTAX.Utilities.Report.failWithScreenshot(Report.java:45)
	at com.gSTAX.Utilities.Report.failWithScreenshot(Report.java:45)
	at com.gSTAX.Utilities.Report.failWithScreenshot(Report.java:45)
	at com.gSTAX.Utilities.Report.failWithScreenshot(Report.java:45)
	at com.gSTAX.Utilities.Report.failWithScreenshot(Report.java:45)
	at com.gSTAX.Utilities.Report.failWithScreenshot(Report.java:45)
	at com.gSTAX.Utilities.Report.failWithScreenshot(Report.java:45)
	at com.gSTAX.Utilities.Report.failWithScreenshot(Report.java:45)
	at com.gSTAX.Utilities.Report.failWithScreenshot(Report.java:45)
	at com.gSTAX.Utilities.Report.failWithScreenshot(Report.java:45)
	at com.gSTAX.Utilities.Report.failWithScreenshot(Report.java:45)
	at com.gSTAX.Utilities.Report.failWithScreenshot(Report.java:45)
	at com.gSTAX.Utilities.Report.failWithScreenshot(Report.java:45)
	at com.gSTAX.Utilities.Report.failWithScreenshot(Report.java:45)
	at com.gSTAX.Utilities.Report.failWithScreenshot(Report.java:45)
	at com.gSTAX.Utilities.Report.failWithScreenshot(Report.java:45)
	at com.gSTAX.Utilities.Report.failWithScreenshot(Report.java:45)
	at com.gSTAX.Utilities.Report.failWithScreenshot(Report.java:45)
	at com.gSTAX.Utilities.Report.failWithScreenshot(Report.java:45)
	at com.gSTAX.Utilities.Report.failWithScreenshot(Report.java:45)
	at com.gSTAX.Utilities.Report.failWithScreenshot(Report.java:45)
	at com.gSTAX.Utilities.Report.failWithScreenshot(Report.java:45)
	at com.gSTAX.Utilities.Report.failWithScreenshot(Report.java:45)
	at com.gSTAX.Utilities.Report.failWithScreenshot(Report.java:45)
	at com.gSTAX.Utilities.Report.failWithScreenshot(Report.java:45)
	at com.gSTAX.Utilities.Report.failWithScreenshot(Report.java:45)
	at com.gSTAX.Utilities.Report.failWithScreenshot(Report.java:45)
	at com.gSTAX.Utilities.Report.failWithScreenshot(Report.java:45)
	at com.gSTAX.Utilities.Report.failWithScreenshot(Report.java:45)
	at com.gSTAX.Utilities.Report.failWithScreenshot(Report.java:45)
	at com.gSTAX.Utilities.Report.failWithScreenshot(Report.java:45)
	at com.gSTAX.Utilities.Report.failWithScreenshot(Report.java:45)
	at com.gSTAX.Utilities.Report.failWithScreenshot(Report.java:45)
	at com.gSTAX.Utilities.Report.failWithScreenshot(Report.java:45)
	at com.gSTAX.Utilities.Report.failWithScreenshot(Report.java:45)
	at com.gSTAX.Utilities.Report.failWithScreenshot(Report.java:45)
	at com.gSTAX.Utilities.Report.failWithScreenshot(Report.java:45)
	at com.gSTAX.Utilities.Report.failWithScreenshot(Report.java:45)
	at com.gSTAX.Utilities.Report.failWithScreenshot(Report.java:45)
	at com.gSTAX.Utilities.Report.failWithScreenshot(Report.java:45)
	at com.gSTAX.Utilities.Report.failWithScreenshot(Report.java:45)
	at com.gSTAX.Utilities.Report.failWithScreenshot(Report.java:45)
	at com.gSTAX.Utilities.Report.failWithScreenshot(Report.java:45)
	at com.gSTAX.Utilities.Report.failWithScreenshot(Report.java:45)
	at com.gSTAX.Utilities.Report.failWithScreenshot(Report.java:45)
	at com.gSTAX.Utilities.Report.failWithScreenshot(Report.java:45)
	at com.gSTAX.Utilities.Report.failWithScreenshot(Report.java:45)
	at com.gSTAX.Utilities.Report.failWithScreenshot(Report.java:45)
	at com.gSTAX.Utilities.Report.failWithScreenshot(Report.java:45)
	at com.gSTAX.Utilities.Report.failWithScreenshot(Report.java:45)
	at com.gSTAX.Utilities.Report.failWithScreenshot(Report.java:45)
	at com.gSTAX.Utilities.Report.failWithScreenshot(Report.java:45)
	at com.gSTAX.Utilities.Report.failWithScreenshot(Report.java:45)
	at com.gSTAX.Utilities.Report.failWithScreenshot(Report.java:45)
	at com.gSTAX.Utilities.Report.failWithScreenshot(Report.java:45)
	at com.gSTAX.Utilities.Report.failWithScreenshot(Report.java:45)
	at com.gSTAX.Utilities.Report.failWithScreenshot(Report.java:45)
	at com.gSTAX.Utilities.Report.failWithScreenshot(Report.java:45)
	at com.gSTAX.Utilities.Report.failWithScreenshot(Report.java:45)
	at com.gSTAX.Utilities.Report.failWithScreenshot(Report.java:45)
	at com.gSTAX.Utilities.Report.failWithScreenshot(Report.java:45)
	at com.gSTAX.Utilities.Report.failWithScreenshot(Report.java:45)
	at com.gSTAX.Utilities.Report.failWithScreenshot(Report.java:45)
	at com.gSTAX.Utilities.Report.failWithScreenshot(Report.java:45)
	at com.gSTAX.Utilities.Report.failWithScreenshot(Report.java:45)
	at com.gSTAX.Utilities.Report.failWithScreenshot(Report.java:45)
	at com.gSTAX.Utilities.Report.failWithScreenshot(Report.java:45)
	at com.gSTAX.Utilities.Report.failWithScreenshot(Report.java:45)
	at com.gSTAX.Utilities.Report.failWithScreenshot(Report.java:45)
	at com.gSTAX.Utilities.Report.failWithScreenshot(Report.java:45)
	at com.gSTAX.Utilities.Report.failWithScreenshot(Report.java:45)
	at com.gSTAX.Utilities.Report.failWithScreenshot(Report.java:45)
	at com.gSTAX.Utilities.Report.failWithScreenshot(Report.java:45)
	at com.gSTAX.Utilities.Report.failWithScreenshot(Report.java:45)
	at com.gSTAX.Utilities.Report.failWithScreenshot(Report.java:45)
	at com.gSTAX.Utilities.Report.failWithScreenshot(Report.java:45)
	at com.gSTAX.Utilities.Report.failWithScreenshot(Report.java:45)
	at com.gSTAX.Utilities.Report.failWithScreenshot(Report.java:45)
	at com.gSTAX.Utilities.Report.failWithScreenshot(Report.java:45)
	at com.gSTAX.Utilities.Report.failWithScreenshot(Report.java:45)
	at com.gSTAX.Utilities.Report.failWithScreenshot(Report.java:45)
	at com.gSTAX.Utilities.Report.failWithScreenshot(Report.java:45)
	at com.gSTAX.Utilities.Report.failWithScreenshot(Report.java:45)
	at com.gSTAX.Utilities.Report.failWithScreenshot(Report.java:45)
	at com.gSTAX.Utilities.Report.failWithScreenshot(Report.java:45)
	at com.gSTAX.Utilities.Report.failWithScreenshot(Report.java:45)
	at com.gSTAX.Utilities.Report.failWithScreenshot(Report.java:45)
	at com.gSTAX.Utilities.Report.failWithScreenshot(Report.java:45)
	at com.gSTAX.Utilities.Report.failWithScreenshot(Report.java:45)
	at com.gSTAX.Utilities.Report.failWithScreenshot(Report.java:45)
	at com.gSTAX.Utilities.Report.failWithScreenshot(Report.java:45)
	at com.gSTAX.Utilities.Report.failWithScreenshot(Report.java:45)
	at com.gSTAX.Utilities.Report.failWithScreenshot(Report.java:45)
	at com.gSTAX.Utilities.Report.failWithScreenshot(Report.java:45)
	at com.gSTAX.Utilities.Report.failWithScreenshot(Report.java:45)
	at com.gSTAX.Utilities.Report.failWithScreenshot(Report.java:45)
	at com.gSTAX.Utilities.Report.failWithScreenshot(Report.java:45)
	at com.gSTAX.Utilities.Report.failWithScreenshot(Report.java:45)
	at com.gSTAX.Utilities.Report.failWithScreenshot(Report.java:45)
	at com.gSTAX.Utilities.Report.failWithScreenshot(Report.java:45)
	at com.gSTAX.Utilities.Report.failWithScreenshot(Report.java:45)
	at com.gSTAX.Utilities.Report.failWithScreenshot(Report.java:45)
	at com.gSTAX.Utilities.Report.failWithScreenshot(Report.java:45)
	at com.gSTAX.Utilities.Report.failWithScreenshot(Report.java:45)
	at com.gSTAX.Utilities.Report.failWithScreenshot(Report.java:45)
	at com.gSTAX.Utilities.Report.failWithScreenshot(Report.java:45)
	at com.gSTAX.Utilities.Report.failWithScreenshot(Report.java:45)
	at com.gSTAX.Utilities.Report.failWithScreenshot(Report.java:45)
	at com.gSTAX.Utilities.Report.failWithScreenshot(Report.java:45)
	at com.gSTAX.Utilities.Report.failWithScreenshot(Report.java:45)
	at com.gSTAX.Utilities.Report.failWithScreenshot(Report.java:45)
	at com.gSTAX.Utilities.Report.failWithScreenshot(Report.java:45)
	at com.gSTAX.Utilities.Report.failWithScreenshot(Report.java:45)
	at com.gSTAX.Utilities.Report.failWithScreenshot(Report.java:45)
	at com.gSTAX.Utilities.Report.failWithScreenshot(Report.java:45)
	at com.gSTAX.Utilities.Report.failWithScreenshot(Report.java:45)
	at com.gSTAX.Utilities.Report.failWithScreenshot(Report.java:45)
	at com.gSTAX.Utilities.Report.failWithScreenshot(Report.java:45)
	at com.gSTAX.Utilities.Report.failWithScreenshot(Report.java:45)
	at com.gSTAX.Utilities.Report.failWithScreenshot(Report.java:45)
	at com.gSTAX.Utilities.Report.failWithScreenshot(Report.java:45)
	at com.gSTAX.Utilities.Report.failWithScreenshot(Report.java:45)
	at com.gSTAX.Utilities.Report.failWithScreenshot(Report.java:45)
	at com.gSTAX.Utilities.Report.failWithScreenshot(Report.java:45)
	at com.gSTAX.Utilities.Report.failWithScreenshot(Report.java:45)
	at com.gSTAX.Utilities.Report.failWithScreenshot(Report.java:45)
	at com.gSTAX.Utilities.Report.failWithScreenshot(Report.java:45)
	at com.gSTAX.Utilities.Report.failWithScreenshot(Report.java:45)
	at com.gSTAX.Utilities.Report.failWithScreenshot(Report.java:45)
	at com.gSTAX.Utilities.Report.failWithScreenshot(Report.java:45)
	at com.gSTAX.Utilities.Report.failWithScreenshot(Report.java:45)
	at com.gSTAX.Utilities.Report.failWithScreenshot(Report.java:45)
	at com.gSTAX.Utilities.Report.failWithScreenshot(Report.java:45)
	at com.gSTAX.Utilities.Report.failWithScreenshot(Report.java:45)
	at com.gSTAX.Utilities.Report.failWithScreenshot(Report.java:45)
	at com.gSTAX.Utilities.Report.failWithScreenshot(Report.java:45)
	at com.gSTAX.Utilities.Report.failWithScreenshot(Report.java:45)
	at com.gSTAX.Utilities.Report.failWithScreenshot(Report.java:45)
	at com.gSTAX.Utilities.Report.failWithScreenshot(Report.java:45)
	at com.gSTAX.Utilities.Report.failWithScreenshot(Report.java:45)
	at com.gSTAX.Utilities.Report.failWithScreenshot(Report.java:45)
	at com.gSTAX.Utilities.Report.failWithScreenshot(Report.java:45)
	at com.gSTAX.Utilities.Report.failWithScreenshot(Report.java:45)
	at com.gSTAX.Utilities.Report.failWithScreenshot(Report.java:45)
	at com.gSTAX.Utilities.Report.failWithScreenshot(Report.java:45)
	at com.gSTAX.Utilities.Report.failWithScreenshot(Report.java:45)
	at com.gSTAX.Utilities.Report.failWithScreenshot(Report.java:45)
	at com.gSTAX.Utilities.Report.failWithScreenshot(Report.java:45)
	at com.gSTAX.Utilities.Report.failWithScreenshot(Report.java:45)
	at com.gSTAX.Utilities.Report.failWithScreenshot(Report.java:45)
	at com.gSTAX.Utilities.Report.failWithScreenshot(Report.java:45)
	at com.gSTAX.Utilities.Report.failWithScreenshot(Report.java:45)
	at com.gSTAX.Utilities.Report.failWithScreenshot(Report.java:45)
	at com.gSTAX.Utilities.Report.failWithScreenshot(Report.java:45)
	at com.gSTAX.Utilities.Report.failWithScreenshot(Report.java:45)
	at com.gSTAX.Utilities.Report.failWithScreenshot(Report.java:45)
	at com.gSTAX.Utilities.Report.failWithScreenshot(Report.java:45)
	at com.gSTAX.Utilities.Report.failWithScreenshot(Report.java:45)
	at com.gSTAX.Utilities.Report.failWithScreenshot(Report.java:45)
	at com.gSTAX.Utilities.Report.failWithScreenshot(Report.java:45)
	at com.gSTAX.Utilities.Report.failWithScreenshot(Report.java:45)
	at com.gSTAX.Utilities.Report.failWithScreenshot(Report.java:45)
	at com.gSTAX.Utilities.Report.failWithScreenshot(Report.java:45)
	at com.gSTAX.Utilities.Report.failWithScreenshot(Report.java:45)
	at com.gSTAX.Utilities.Report.failWithScreenshot(Report.java:45)
	at com.gSTAX.Utilities.Report.failWithScreenshot(Report.java:45)
	at com.gSTAX.Utilities.Report.failWithScreenshot(Report.java:45)
	at com.gSTAX.Utilities.Report.failWithScreenshot(Report.java:45)
	at com.gSTAX.Utilities.Report.failWithScreenshot(Report.java:45)
	at com.gSTAX.Utilities.Report.failWithScreenshot(Report.java:45)
	at com.gSTAX.Utilities.Report.failWithScreenshot(Report.java:45)
	at com.gSTAX.Utilities.Report.failWithScreenshot(Report.java:45)
	at com.gSTAX.Utilities.Report.failWithScreenshot(Report.java:45)
	at com.gSTAX.Utilities.Report.failWithScreenshot(Report.java:45)
	at com.gSTAX.Utilities.Report.failWithScreenshot(Report.java:45)
	at com.gSTAX.Utilities.Report.failWithScreenshot(Report.java:45)
	at com.gSTAX.Utilities.Report.failWithScreenshot(Report.java:45)
	at com.gSTAX.Utilities.Report.failWithScreenshot(Report.java:45)
	at com.gSTAX.Utilities.Report.failWithScreenshot(Report.java:45)
	at com.gSTAX.Utilities.Report.failWithScreenshot(Report.java:45)
	at com.gSTAX.Utilities.Report.failWithScreenshot(Report.java:45)
	at com.gSTAX.Utilities.Report.failWithScreenshot(Report.java:45)
	at com.gSTAX.Utilities.Report.failWithScreenshot(Report.java:45)
	at com.gSTAX.Utilities.Report.failWithScreenshot(Report.java:45)
	at com.gSTAX.Utilities.Report.failWithScreenshot(Report.java:45)
	at com.gSTAX.Utilities.Report.failWithScreenshot(Report.java:45)
	at com.gSTAX.Utilities.Report.failWithScreenshot(Report.java:45)
	at com.gSTAX.Utilities.Report.failWithScreenshot(Report.java:45)
	at com.gSTAX.Utilities.Report.failWithScreenshot(Report.java:45)
	at com.gSTAX.Utilities.Report.failWithScreenshot(Report.java:45)
	at com.gSTAX.Utilities.Report.failWithScreenshot(Report.java:45)
	at com.gSTAX.Utilities.Report.failWithScreenshot(Report.java:45)
	at com.gSTAX.Utilities.Report.failWithScreenshot(Report.java:45)
	at com.gSTAX.Utilities.Report.failWithScreenshot(Report.java:45)
	at com.gSTAX.Utilities.Report.failWithScreenshot(Report.java:45)
	at com.gSTAX.Utilities.Report.failWithScreenshot(Report.java:45)
	at com.gSTAX.Utilities.Report.failWithScreenshot(Report.java:45)
	at com.gSTAX.Utilities.Report.failWithScreenshot(Report.java:45)
	at com.gSTAX.Utilities.Report.failWithScreenshot(Report.java:45)
	at com.gSTAX.Utilities.Report.failWithScreenshot(Report.java:45)
	at com.gSTAX.Utilities.Report.failWithScreenshot(Report.java:45)
	at com.gSTAX.Utilities.Report.failWithScreenshot(Report.java:45)
	at com.gSTAX.Utilities.Report.failWithScreenshot(Report.java:45)
	at com.gSTAX.Utilities.Report.failWithScreenshot(Report.java:45)
	at com.gSTAX.Utilities.Report.failWithScreenshot(Report.java:45)
	at com.gSTAX.Utilities.Report.failWithScreenshot(Report.java:45)
	at com.gSTAX.Utilities.Report.failWithScreenshot(Report.java:45)
	at com.gSTAX.Utilities.Report.failWithScreenshot(Report.java:45)
	at com.gSTAX.Utilities.Report.failWithScreenshot(Report.java:45)
	at com.gSTAX.Utilities.Report.failWithScreenshot(Report.java:45)
	at com.gSTAX.Utilities.Report.failWithScreenshot(Report.java:45)
	at com.gSTAX.Utilities.Report.failWithScreenshot(Report.java:45)
	at com.gSTAX.Utilities.Report.failWithScreenshot(Report.java:45)
	at com.gSTAX.Utilities.Report.failWithScreenshot(Report.java:45)
	at com.gSTAX.Utilities.Report.failWithScreenshot(Report.java:45)
	at com.gSTAX.Utilities.Report.failWithScreenshot(Report.java:45)
	at com.gSTAX.Utilities.Report.failWithScreenshot(Report.java:45)
	at com.gSTAX.Utilities.Report.failWithScreenshot(Report.java:45)
	at com.gSTAX.Utilities.Report.failWithScreenshot(Report.java:45)
	at com.gSTAX.Utilities.Report.failWithScreenshot(Report.java:45)
	at com.gSTAX.Utilities.Report.failWithScreenshot(Report.java:45)
	at com.gSTAX.Utilities.Report.failWithScreenshot(Report.java:45)
	at com.gSTAX.Utilities.Report.failWithScreenshot(Report.java:45)
	at com.gSTAX.Utilities.Report.failWithScreenshot(Report.java:45)
	at com.gSTAX.Utilities.Report.failWithScreenshot(Report.java:45)
	at com.gSTAX.Utilities.Report.failWithScreenshot(Report.java:45)
	at com.gSTAX.Utilities.Report.failWithScreenshot(Report.java:45)
	at com.gSTAX.Utilities.Report.failWithScreenshot(Report.java:45)
	at com.gSTAX.Utilities.Report.failWithScreenshot(Report.java:45)
	at com.gSTAX.Utilities.Report.failWithScreenshot(Report.java:45)
	at com.gSTAX.Utilities.Report.failWithScreenshot(Report.java:45)
	at com.gSTAX.Utilities.Report.failWithScreenshot(Report.java:45)
	at com.gSTAX.Utilities.Report.failWithScreenshot(Report.java:45)
	at com.gSTAX.Utilities.Report.failWithScreenshot(Report.java:45)
	at com.gSTAX.Utilities.Report.failWithScreenshot(Report.java:45)
	at com.gSTAX.Utilities.Report.failWithScreenshot(Report.java:45)
	at com.gSTAX.Utilities.Report.failWithScreenshot(Report.java:45)
	at com.gSTAX.Utilities.Report.failWithScreenshot(Report.java:45)
	at com.gSTAX.Utilities.Report.failWithScreenshot(Report.java:45)
	at com.gSTAX.Utilities.Report.failWithScreenshot(Report.java:45)
	at com.gSTAX.Utilities.Report.failWithScreenshot(Report.java:45)
	at com.gSTAX.Utilities.Report.failWithScreenshot(Report.java:45)
	at com.gSTAX.Utilities.Report.failWithScreenshot(Report.java:45)
	at com.gSTAX.Utilities.Report.failWithScreenshot(Report.java:45)
	at com.gSTAX.Utilities.Report.failWithScreenshot(Report.java:45)
	at com.gSTAX.Utilities.Report.failWithScreenshot(Report.java:45)
	at com.gSTAX.Utilities.Report.failWithScreenshot(Report.java:45)
	at com.gSTAX.Utilities.Report.failWithScreenshot(Report.java:45)
	at com.gSTAX.Utilities.Report.failWithScreenshot(Report.java:45)
	at com.gSTAX.Utilities.Report.failWithScreenshot(Report.java:45)
	at com.gSTAX.Utilities.Report.failWithScreenshot(Report.java:45)
	at com.gSTAX.Utilities.Report.failWithScreenshot(Report.java:45)
	at com.gSTAX.Utilities.Report.failWithScreenshot(Report.java:45)
	at com.gSTAX.Utilities.Report.failWithScreenshot(Report.java:45)
	at com.gSTAX.Utilities.Report.failWithScreenshot(Report.java:45)
	at com.gSTAX.Utilities.Report.failWithScreenshot(Report.java:45)
	at com.gSTAX.Utilities.Report.failWithScreenshot(Report.java:45)
	at com.gSTAX.Utilities.Report.failWithScreenshot(Report.java:45)
	at com.gSTAX.Utilities.Report.failWithScreenshot(Report.java:45)
	at com.gSTAX.Utilities.Report.failWithScreenshot(Report.java:45)
	at com.gSTAX.Utilities.Report.failWithScreenshot(Report.java:45)
	at com.gSTAX.Utilities.Report.failWithScreenshot(Report.java:45)
	at com.gSTAX.Utilities.Report.failWithScreenshot(Report.java:45)
	at com.gSTAX.Utilities.Report.failWithScreenshot(Report.java:45)
	at com.gSTAX.Utilities.Report.failWithScreenshot(Report.java:45)
	at com.gSTAX.Utilities.Report.failWithScreenshot(Report.java:45)
	at com.gSTAX.Utilities.Report.failWithScreenshot(Report.java:45)
	at com.gSTAX.Utilities.Report.failWithScreenshot(Report.java:45)
	at com.gSTAX.Utilities.Report.failWithScreenshot(Report.java:45)
	at com.gSTAX.Utilities.Report.failWithScreenshot(Report.java:45)
	at com.gSTAX.Utilities.Report.failWithScreenshot(Report.java:45)
	at com.gSTAX.Utilities.Report.failWithScreenshot(Report.java:45)
	at com.gSTAX.Utilities.Report.failWithScreenshot(Report.java:45)
	at com.gSTAX.Utilities.Report.failWithScreenshot(Report.java:45)
	at com.gSTAX.Utilities.Report.failWithScreenshot(Report.java:45)
	at com.gSTAX.Utilities.Report.failWithScreenshot(Report.java:45)
	at com.gSTAX.Utilities.Report.failWithScreenshot(Report.java:45)
	at com.gSTAX.Utilities.Report.failWithScreenshot(Report.java:45)
	at com.gSTAX.Utilities.Report.failWithScreenshot(Report.java:45)
	at com.gSTAX.Utilities.Report.failWithScreenshot(Report.java:45)
	at com.gSTAX.Utilities.Report.failWithScreenshot(Report.java:45)
	at com.gSTAX.Utilities.Report.failWithScreenshot(Report.java:45)
	at com.gSTAX.Utilities.Report.failWithScreenshot(Report.java:45)
	at com.gSTAX.Utilities.Report.failWithScreenshot(Report.java:45)
	at com.gSTAX.Utilities.Report.failWithScreenshot(Report.java:45)
	at com.gSTAX.Utilities.Report.failWithScreenshot(Report.java:45)
	at com.gSTAX.Utilities.Report.failWithScreenshot(Report.java:45)
	at com.gSTAX.Utilities.Report.failWithScreenshot(Report.java:45)
	at com.gSTAX.Utilities.Report.failWithScreenshot(Report.java:45)
	at com.gSTAX.Utilities.Report.failWithScreenshot(Report.java:45)
	at com.gSTAX.Utilities.Report.failWithScreenshot(Report.java:45)
	at com.gSTAX.Utilities.Report.failWithScreenshot(Report.java:45)
	at com.gSTAX.Utilities.Report.failWithScreenshot(Report.java:45)
	at com.gSTAX.Utilities.Report.failWithScreenshot(Report.java:45)
	at com.gSTAX.Utilities.Report.failWithScreenshot(Report.java:45)
	at com.gSTAX.Utilities.Report.failWithScreenshot(Report.java:45)
	at com.gSTAX.Utilities.Report.failWithScreenshot(Report.java:45)
	at com.gSTAX.Utilities.Report.failWithScreenshot(Report.java:45)
	at com.gSTAX.Utilities.Report.failWithScreenshot(Report.java:45)
	at com.gSTAX.Utilities.Report.failWithScreenshot(Report.java:45)
	at com.gSTAX.Utilities.Report.failWithScreenshot(Report.java:45)
	at com.gSTAX.Utilities.Report.failWithScreenshot(Report.java:45)
	at com.gSTAX.Utilities.Report.failWithScreenshot(Report.java:45)
	at com.gSTAX.Utilities.Report.failWithScreenshot(Report.java:45)
	at com.gSTAX.Utilities.Report.failWithScreenshot(Report.java:45)
	at com.gSTAX.Utilities.Report.failWithScreenshot(Report.java:45)
	at com.gSTAX.Utilities.Report.failWithScreenshot(Report.java:45)
	at com.gSTAX.Utilities.Report.failWithScreenshot(Report.java:45)
	at com.gSTAX.Utilities.Report.failWithScreenshot(Report.java:45)
	at com.gSTAX.Utilities.Report.failWithScreenshot(Report.java:45)
	at com.gSTAX.Utilities.Report.failWithScreenshot(Report.java:45)
	at com.gSTAX.Utilities.Report.failWithScreenshot(Report.java:45)
	at com.gSTAX.Utilities.Report.failWithScreenshot(Report.java:45)
	at com.gSTAX.Utilities.Report.failWithScreenshot(Report.java:45)
	at com.gSTAX.Utilities.Report.failWithScreenshot(Report.java:45)
	at com.gSTAX.Utilities.Report.failWithScreenshot(Report.java:45)
	at com.gSTAX.Utilities.Report.failWithScreenshot(Report.java:45)
	at com.gSTAX.Utilities.Report.failWithScreenshot(Report.java:45)
	at com.gSTAX.Utilities.Report.failWithScreenshot(Report.java:45)
	at com.gSTAX.Utilities.Report.failWithScreenshot(Report.java:45)
	at com.gSTAX.Utilities.Report.failWithScreenshot(Report.java:45)
	at com.gSTAX.Utilities.Report.failWithScreenshot(Report.java:45)
	at com.gSTAX.Utilities.Report.failWithScreenshot(Report.java:45)
	at com.gSTAX.Utilities.Report.failWithScreenshot(Report.java:45)
	at com.gSTAX.Utilities.Report.failWithScreenshot(Report.java:45)
	at com.gSTAX.Utilities.Report.failWithScreenshot(Report.java:45)
	at com.gSTAX.Utilities.Report.failWithScreenshot(Report.java:45)
	at com.gSTAX.Utilities.Report.failWithScreenshot(Report.java:45)
	at com.gSTAX.Utilities.Report.failWithScreenshot(Report.java:45)
	at com.gSTAX.Utilities.Report.failWithScreenshot(Report.java:45)
	at com.gSTAX.Utilities.Report.failWithScreenshot(Report.java:45)
	at com.gSTAX.Utilities.Report.failWithScreenshot(Report.java:45)
	at com.gSTAX.Utilities.Report.failWithScreenshot(Report.java:45)
	at com.gSTAX.Utilities.Report.failWithScreenshot(Report.java:45)
	at com.gSTAX.Utilities.Report.failWithScreenshot(Report.java:45)
	at com.gSTAX.Utilities.Report.failWithScreenshot(Report.java:45)
	at com.gSTAX.Utilities.Report.failWithScreenshot(Report.java:45)
	at com.gSTAX.Utilities.Report.failWithScreenshot(Report.java:45)
	at com.gSTAX.Utilities.Report.failWithScreenshot(Report.java:45)
	at com.gSTAX.Utilities.Report.failWithScreenshot(Report.java:45)
	at com.gSTAX.Utilities.Report.failWithScreenshot(Report.java:45)
	at com.gSTAX.Utilities.Report.failWithScreenshot(Report.java:45)
	at com.gSTAX.Utilities.Report.failWithScreenshot(Report.java:45)
	at com.gSTAX.Utilities.Report.failWithScreenshot(Report.java:45)
	at com.gSTAX.Utilities.Report.failWithScreenshot(Report.java:45)
	at com.gSTAX.Utilities.Report.failWithScreenshot(Report.java:45)
	at com.gSTAX.Utilities.Report.failWithScreenshot(Report.java:45)
	at com.gSTAX.Utilities.Report.failWithScreenshot(Report.java:45)
	at com.gSTAX.Utilities.Report.failWithScreenshot(Report.java:45)
	at com.gSTAX.Utilities.Report.failWithScreenshot(Report.java:45)
	at com.gSTAX.Utilities.Report.failWithScreenshot(Report.java:45)
	at com.gSTAX.Utilities.Report.failWithScreenshot(Report.java:45)
	at com.gSTAX.Utilities.Report.failWithScreenshot(Report.java:45)
	at com.gSTAX.Utilities.Report.failWithScreenshot(Report.java:45)
	at com.gSTAX.Utilities.Report.failWithScreenshot(Report.java:45)
	at com.gSTAX.Utilities.Report.failWithScreenshot(Report.java:45)
	at com.gSTAX.Utilities.Report.failWithScreenshot(Report.java:45)
	at com.gSTAX.Utilities.Report.failWithScreenshot(Report.java:45)
	at com.gSTAX.Utilities.Report.failWithScreenshot(Report.java:45)
	at com.gSTAX.Utilities.Report.failWithScreenshot(Report.java:45)
	at com.gSTAX.Utilities.Report.failWithScreenshot(Report.java:45)
	at com.gSTAX.Utilities.Report.failWithScreenshot(Report.java:45)
	at com.gSTAX.Utilities.Report.failWithScreenshot(Report.java:45)
	at com.gSTAX.Utilities.Report.failWithScreenshot(Report.java:45)
	at com.gSTAX.Utilities.Report.failWithScreenshot(Report.java:45)
	at com.gSTAX.Utilities.Report.failWithScreenshot(Report.java:45)
	at com.gSTAX.Utilities.Report.failWithScreenshot(Report.java:45)
	at com.gSTAX.Utilities.Report.failWithScreenshot(Report.java:45)
	at com.gSTAX.Utilities.Report.failWithScreenshot(Report.java:45)
	at com.gSTAX.Utilities.Report.failWithScreenshot(Report.java:45)
	at com.gSTAX.Utilities.Report.failWithScreenshot(Report.java:45)
	at com.gSTAX.Utilities.Report.failWithScreenshot(Report.java:45)
	at com.gSTAX.Utilities.Report.failWithScreenshot(Report.java:45)
	at com.gSTAX.Utilities.Report.failWithScreenshot(Report.java:45)
	at com.gSTAX.Utilities.Report.failWithScreenshot(Report.java:45)
	at com.gSTAX.Utilities.Report.failWithScreenshot(Report.java:45)
	at com.gSTAX.Utilities.Report.failWithScreenshot(Report.java:45)
	at com.gSTAX.Utilities.Report.failWithScreenshot(Report.java:45)
	at com.gSTAX.Utilities.Report.failWithScreenshot(Report.java:45)
	at com.gSTAX.Utilities.Report.failWithScreenshot(Report.java:45)
	at com.gSTAX.Utilities.Report.failWithScreenshot(Report.java:45)
	at com.gSTAX.Utilities.Report.failWithScreenshot(Report.java:45)
	at com.gSTAX.Utilities.Report.failWithScreenshot(Report.java:45)
	at com.gSTAX.Utilities.Report.failWithScreenshot(Report.java:45)
	at com.gSTAX.Utilities.Report.failWithScreenshot(Report.java:45)
	at com.gSTAX.Utilities.Report.failWithScreenshot(Report.java:45)
	at com.gSTAX.Utilities.Report.failWithScreenshot(Report.java:45)
	at com.gSTAX.Utilities.Report.failWithScreenshot(Report.java:45)
	at com.gSTAX.Utilities.Report.failWithScreenshot(Report.java:45)
	at com.gSTAX.Utilities.Report.failWithScreenshot(Report.java:45)
	at com.gSTAX.Utilities.Report.failWithScreenshot(Report.java:45)
	at com.gSTAX.Utilities.Report.failWithScreenshot(Report.java:45)
	at com.gSTAX.Utilities.Report.failWithScreenshot(Report.java:45)
	at com.gSTAX.Utilities.Report.failWithScreenshot(Report.java:45)
	at com.gSTAX.Utilities.Report.failWithScreenshot(Report.java:45)
	at com.gSTAX.Utilities.Report.failWithScreenshot(Report.java:45)
	at com.gSTAX.Utilities.Report.failWithScreenshot(Report.java:45)
	at com.gSTAX.Utilities.Report.failWithScreenshot(Report.java:45)
	at com.gSTAX.Utilities.Report.failWithScreenshot(Report.java:45)
	at com.gSTAX.Utilities.Report.failWithScreenshot(Report.java:45)
	at com.gSTAX.Utilities.Report.failWithScreenshot(Report.java:45)
	at com.gSTAX.Utilities.Report.failWithScreenshot(Report.java:45)
	at com.gSTAX.Utilities.Report.failWithScreenshot(Report.java:45)
	at com.gSTAX.Utilities.Report.failWithScreenshot(Report.java:45)
	at com.gSTAX.Utilities.Report.failWithScreenshot(Report.java:45)
	at com.gSTAX.Utilities.Report.failWithScreenshot(Report.java:45)
	at com.gSTAX.Utilities.Report.failWithScreenshot(Report.java:45)
	at com.gSTAX.Utilities.Report.failWithScreenshot(Report.java:45)
	at com.gSTAX.Utilities.Report.failWithScreenshot(Report.java:45)
	at com.gSTAX.Utilities.Report.failWithScreenshot(Report.java:45)
	at com.gSTAX.Utilities.Report.failWithScreenshot(Report.java:45)
	at com.gSTAX.Utilities.Report.failWithScreenshot(Report.java:45)
	at com.gSTAX.Utilities.Report.failWithScreenshot(Report.java:45)
	at com.gSTAX.Utilities.Report.failWithScreenshot(Report.java:45)
	at com.gSTAX.Utilities.Report.failWithScreenshot(Report.java:45)
	at com.gSTAX.Utilities.Report.failWithScreenshot(Report.java:45)
	at com.gSTAX.Utilities.Report.failWithScreenshot(Report.java:45)
	at com.gSTAX.Utilities.Report.failWithScreenshot(Report.java:45)
	at com.gSTAX.Utilities.Report.failWithScreenshot(Report.java:45)
	at com.gSTAX.Utilities.Report.failWithScreenshot(Report.java:45)
	at com.gSTAX.Utilities.Report.failWithScreenshot(Report.java:45)
	at com.gSTAX.Utilities.Report.failWithScreenshot(Report.java:45)
	at com.gSTAX.Utilities.Report.failWithScreenshot(Report.java:45)
	at com.gSTAX.Utilities.Report.failWithScreenshot(Report.java:45)
	at com.gSTAX.Utilities.Report.failWithScreenshot(Report.java:45)
	at com.gSTAX.Utilities.Report.failWithScreenshot(Report.java:45)
	at com.gSTAX.Utilities.Report.failWithScreenshot(Report.java:45)
	at com.gSTAX.Utilities.Report.failWithScreenshot(Report.java:45)
	at com.gSTAX.Utilities.Report.failWithScreenshot(Report.java:45)
	at com.gSTAX.Utilities.Report.failWithScreenshot(Report.java:45)
	at com.gSTAX.Utilities.Report.failWithScreenshot(Report.java:45)
	at com.gSTAX.Utilities.Report.failWithScreenshot(Report.java:45)
	at com.gSTAX.Utilities.Report.failWithScreenshot(Report.java:45)
	at com.gSTAX.Utilities.Report.failWithScreenshot(Report.java:45)
	at com.gSTAX.Utilities.Report.failWithScreenshot(Report.java:45)
	at com.gSTAX.Utilities.Report.failWithScreenshot(Report.java:45)
	at com.gSTAX.Utilities.Report.failWithScreenshot(Report.java:45)
	at com.gSTAX.Utilities.Report.failWithScreenshot(Report.java:45)
	at com.gSTAX.Utilities.Report.failWithScreenshot(Report.java:45)
	at com.gSTAX.Utilities.Report.failWithScreenshot(Report.java:45)
	at com.gSTAX.Utilities.Report.failWithScreenshot(Report.java:45)
	at com.gSTAX.Utilities.Report.failWithScreenshot(Report.java:45)
	at com.gSTAX.Utilities.Report.failWithScreenshot(Report.java:45)
	at com.gSTAX.Utilities.Report.failWithScreenshot(Report.java:45)
	at com.gSTAX.Utilities.Report.failWithScreenshot(Report.java:45)
	at com.gSTAX.Utilities.Report.failWithScreenshot(Report.java:45)
	at com.gSTAX.Utilities.Report.failWithScreenshot(Report.java:45)
	at com.gSTAX.Utilities.Report.failWithScreenshot(Report.java:45)
	at com.gSTAX.Utilities.Report.failWithScreenshot(Report.java:45)
	at com.gSTAX.Utilities.Report.failWithScreenshot(Report.java:45)
	at com.gSTAX.Utilities.Report.failWithScreenshot(Report.java:45)
	at com.gSTAX.Utilities.Report.failWithScreenshot(Report.java:45)
	at com.gSTAX.Utilities.Report.failWithScreenshot(Report.java:45)
	at com.gSTAX.Utilities.Report.failWithScreenshot(Report.java:45)
	at com.gSTAX.Utilities.Report.failWithScreenshot(Report.java:45)
	at com.gSTAX.Utilities.Report.failWithScreenshot(Report.java:45)
	at com.gSTAX.Utilities.Report.failWithScreenshot(Report.java:45)
	at com.gSTAX.Utilities.Report.failWithScreenshot(Report.java:45)
	at com.gSTAX.Utilities.Report.failWithScreenshot(Report.java:45)
	at com.gSTAX.Utilities.Report.failWithScreenshot(Report.java:45)
	at com.gSTAX.Utilities.Report.failWithScreenshot(Report.java:45)
	at com.gSTAX.Utilities.Report.failWithScreenshot(Report.java:45)
	at com.gSTAX.Utilities.Report.failWithScreenshot(Report.java:45)
	at com.gSTAX.Utilities.Report.failWithScreenshot(Report.java:45)
	at com.gSTAX.Utilities.Report.failWithScreenshot(Report.java:45)
	at com.gSTAX.Utilities.Report.failWithScreenshot(Report.java:45)
	at com.gSTAX.Utilities.Report.failWithScreenshot(Report.java:45)
	at com.gSTAX.Utilities.Report.failWithScreenshot(Report.java:45)
	at com.gSTAX.Utilities.Report.failWithScreenshot(Report.java:45)
	at com.gSTAX.Utilities.Report.failWithScreenshot(Report.java:45)
	at com.gSTAX.Utilities.Report.failWithScreenshot(Report.java:45)
	at com.gSTAX.Utilities.Report.failWithScreenshot(Report.java:45)
	at com.gSTAX.Utilities.Report.failWithScreenshot(Report.java:45)
	at com.gSTAX.Utilities.Report.failWithScreenshot(Report.java:45)
	at com.gSTAX.Utilities.Report.failWithScreenshot(Report.java:45)
	at com.gSTAX.Utilities.Report.failWithScreenshot(Report.java:45)
	at com.gSTAX.Utilities.Report.failWithScreenshot(Report.java:45)
	at com.gSTAX.Utilities.Report.failWithScreenshot(Report.java:45)
	at com.gSTAX.Utilities.Report.failWithScreenshot(Report.java:45)
	at com.gSTAX.Utilities.Report.failWithScreenshot(Report.java:45)
	at com.gSTAX.Utilities.Report.failWithScreenshot(Report.java:45)
	at com.gSTAX.Utilities.Report.failWithScreenshot(Report.java:45)
	at com.gSTAX.Utilities.Report.failWithScreenshot(Report.java:45)
	at com.gSTAX.Utilities.Report.failWithScreenshot(Report.java:45)
	at com.gSTAX.Utilities.Report.failWithScreenshot(Report.java:45)
	at com.gSTAX.Utilities.Report.failWithScreenshot(Report.java:45)
	at com.gSTAX.Utilities.Report.failWithScreenshot(Report.java:45)
	at com.gSTAX.Utilities.Report.failWithScreenshot(Report.java:45)
	at com.gSTAX.Utilities.Report.failWithScreenshot(Report.java:45)
	at com.gSTAX.Utilities.Report.failWithScreenshot(Report.java:45)
	at com.gSTAX.Utilities.Report.failWithScreenshot(Report.java:45)
	at com.gSTAX.Utilities.Report.failWithScreenshot(Report.java:45)
	at com.gSTAX.Utilities.Report.failWithScreenshot(Report.java:45)
	at com.gSTAX.Utilities.Report.failWithScreenshot(Report.java:45)
	at com.gSTAX.Utilities.Report.failWithScreenshot(Report.java:45)
	at com.gSTAX.Utilities.Report.failWithScreenshot(Report.java:45)
	at com.gSTAX.Utilities.Report.failWithScreenshot(Report.java:45)
	at com.gSTAX.Utilities.Report.failWithScreenshot(Report.java:45)
	at com.gSTAX.Utilities.Report.failWithScreenshot(Report.java:45)
	at com.gSTAX.Utilities.Report.failWithScreenshot(Report.java:45)
	at com.gSTAX.Utilities.Report.failWithScreenshot(Report.java:45)
	at com.gSTAX.Utilities.Report.failWithScreenshot(Report.java:45)
	at com.gSTAX.Utilities.Report.failWithScreenshot(Report.java:45)
	at com.gSTAX.Utilities.Report.failWithScreenshot(Report.java:45)
	at com.gSTAX.Utilities.Report.failWithScreenshot(Report.java:45)
	at com.gSTAX.Utilities.Report.failWithScreenshot(Report.java:45)
	at com.gSTAX.Utilities.Report.failWithScreenshot(Report.java:45)
	at com.gSTAX.Utilities.Report.failWithScreenshot(Report.java:45)
	at com.gSTAX.Utilities.Report.failWithScreenshot(Report.java:45)
	at com.gSTAX.Utilities.Report.failWithScreenshot(Report.java:45)
	at com.gSTAX.Utilities.Report.failWithScreenshot(Report.java:45)
	at com.gSTAX.Utilities.Report.failWithScreenshot(Report.java:45)
	at com.gSTAX.Utilities.Report.failWithScreenshot(Report.java:45)
	at com.gSTAX.Utilities.Report.failWithScreenshot(Report.java:45)
	at com.gSTAX.Utilities.Report.failWithScreenshot(Report.java:45)
	at com.gSTAX.Utilities.Report.failWithScreenshot(Report.java:45)
	at com.gSTAX.Utilities.Report.failWithScreenshot(Report.java:45)
	at com.gSTAX.Utilities.Report.failWithScreenshot(Report.java:45)
	at com.gSTAX.Utilities.Report.failWithScreenshot(Report.java:45)
	at com.gSTAX.Utilities.Report.failWithScreenshot(Report.java:45)
	at com.gSTAX.Utilities.Report.failWithScreenshot(Report.java:45)
	at com.gSTAX.Utilities.Report.failWithScreenshot(Report.java:45)
	at com.gSTAX.Utilities.Report.failWithScreenshot(Report.java:45)
	at com.gSTAX.Utilities.Report.failWithScreenshot(Report.java:45)
	at com.gSTAX.Utilities.Report.failWithScreenshot(Report.java:45)
	at com.gSTAX.Utilities.Report.failWithScreenshot(Report.java:45)
	at com.gSTAX.Utilities.Report.failWithScreenshot(Report.java:45)
	at com.gSTAX.Utilities.Report.failWithScreenshot(Report.java:45)
	at com.gSTAX.Utilities.Report.failWithScreenshot(Report.java:45)
	at com.gSTAX.Utilities.Report.failWithScreenshot(Report.java:45)
	at com.gSTAX.Utilities.Report.failWithScreenshot(Report.java:45)
	at com.gSTAX.Utilities.Report.failWithScreenshot(Report.java:45)
	at com.gSTAX.Utilities.Report.failWithScreenshot(Report.java:45)
	at com.gSTAX.Utilities.Report.failWithScreenshot(Report.java:45)
	at com.gSTAX.Utilities.Report.failWithScreenshot(Report.java:45)
	at com.gSTAX.Utilities.Report.failWithScreenshot(Report.java:45)
	at com.gSTAX.Utilities.Report.failWithScreenshot(Report.java:45)
	at com.gSTAX.Utilities.Report.failWithScreenshot(Report.java:45)
	at com.gSTAX.Utilities.Report.failWithScreenshot(Report.java:45)
	at com.gSTAX.Utilities.Report.failWithScreenshot(Report.java:45)
	at com.gSTAX.Utilities.Report.failWithScreenshot(Report.java:45)
	at com.gSTAX.Utilities.Report.failWithScreenshot(Report.java:45)
	at com.gSTAX.Utilities.Report.failWithScreenshot(Report.java:45)
	at com.gSTAX.Utilities.Report.failWithScreenshot(Report.java:45)
	at com.gSTAX.Utilities.Report.failWithScreenshot(Report.java:45)
	at com.gSTAX.Utilities.Report.failWithScreenshot(Report.java:45)
	at com.gSTAX.Utilities.Report.failWithScreenshot(Report.java:45)
	at com.gSTAX.Utilities.Report.failWithScreenshot(Report.java:45)
	at com.gSTAX.Utilities.Report.failWithScreenshot(Report.java:45)
	at com.gSTAX.Utilities.Report.failWithScreenshot(Report.java:45)
	at com.gSTAX.Utilities.Report.failWithScreenshot(Report.java:45)
	at com.gSTAX.Utilities.Report.failWithScreenshot(Report.java:45)
	at com.gSTAX.Utilities.Report.failWithScreenshot(Report.java:45)
	at com.gSTAX.Utilities.Report.failWithScreenshot(Report.java:45)
	at com.gSTAX.Utilities.Report.failWithScreenshot(Report.java:45)
	at com.gSTAX.Utilities.Report.failWithScreenshot(Report.java:45)
	at com.gSTAX.Utilities.Report.failWithScreenshot(Report.java:45)
	at com.gSTAX.Utilities.Report.failWithScreenshot(Report.java:45)
	at com.gSTAX.Utilities.Report.failWithScreenshot(Report.java:45)
	at com.gSTAX.Utilities.Report.failWithScreenshot(Report.java:45)
	at com.gSTAX.Utilities.Report.failWithScreenshot(Report.java:45)
	at com.gSTAX.Utilities.Report.failWithScreenshot(Report.java:45)
	at com.gSTAX.Utilities.Report.failWithScreenshot(Report.java:45)
	at com.gSTAX.Utilities.Report.failWithScreenshot(Report.java:45)
	at com.gSTAX.Utilities.Report.failWithScreenshot(Report.java:45)
	at com.gSTAX.Utilities.Report.failWithScreenshot(Report.java:45)
	at com.gSTAX.Utilities.Report.failWithScreenshot(Report.java:45)
	at com.gSTAX.Utilities.Report.failWithScreenshot(Report.java:45)
	at com.gSTAX.Utilities.Report.failWithScreenshot(Report.java:45)
	at com.gSTAX.Utilities.Report.failWithScreenshot(Report.java:45)
	at com.gSTAX.Utilities.Report.failWithScreenshot(Report.java:45)
	at com.gSTAX.Utilities.Report.failWithScreenshot(Report.java:45)
	at com.gSTAX.Utilities.Report.failWithScreenshot(Report.java:45)
	at com.gSTAX.Utilities.Report.failWithScreenshot(Report.java:45)
	at com.gSTAX.Utilities.Report.failWithScreenshot(Report.java:45)
	at com.gSTAX.Utilities.Report.failWithScreenshot(Report.java:45)
	at com.gSTAX.Utilities.Report.failWithScreenshot(Report.java:45)
]]>
    </failure>
  </testcase> <!-- AmazonTest -->
</testsuite> <!-- TC_3 -->
