<?xml version="1.0" encoding="UTF-8"?>
<!-- Generated by org.testng.reporters.JUnitXMLReporter -->
<testsuite hostname="GEORGE" name="TC_5" tests="1" failures="1" timestamp="4 Nov 2020 20:10:47 GMT" time="15.134" errors="0">
  <testcase name="AmazonTest" time="6.069" classname="com.gSTAX.Tests.Website">
    <failure type="java.lang.StackOverflowError">
      <![CDATA[java.lang.StackOverflowError
	at com.gSTAX.Utilities.Report.failWithScreenshot(Report.java:45)
	at com.gSTAX.Utilities.Report.failWithScreenshot(Report.java:45)
	at com.gSTAX.Utilities.Report.failWithScreenshot(Report.java:45)
	at com.gSTAX.Utilities.Report.failWithScreenshot(Report.java:45)
	at com.gSTAX.Utilities.Report.failWithScreenshot(Report.java:45)
	at com.gSTAX.Utilities.Report.failWithScreenshot(Report.java:45)
	at com.gSTAX.Utilities.Report.failWithScreenshot(Report.java:45)
	at com.gSTAX.Utilities.Report.failWithScreenshot(Report.java:45)
	at com.gSTAX.Utilities.Report.failWithScreenshot(Report.java:45)
	at com.gSTAX.Utilities.Report.failWithScreenshot(Report.java:45)
	at com.gSTAX.Utilities.Report.failWithScreenshot(Report.java:45)
	at com.gSTAX.Utilities.Report.failWithScreenshot(Report.java:45)
	at com.gSTAX.Utilities.Report.failWithScreenshot(Report.java:45)
	at com.gSTAX.Utilities.Report.failWithScreenshot(Report.java:45)
	at com.gSTAX.Utilities.Report.failWithScreenshot(Report.java:45)
	at com.gSTAX.Utilities.Report.failWithScreenshot(Report.java:45)
	at com.gSTAX.Utilities.Report.failWithScreenshot(Report.java:45)
	at com.gSTAX.Utilities.Report.failWithScreenshot(Report.java:45)
	at com.gSTAX.Utilities.Report.failWithScreenshot(Report.java:45)
	at com.gSTAX.Utilities.Report.failWithScreenshot(Report.java:45)
	at com.gSTAX.Utilities.Report.failWithScreenshot(Report.java:45)
	at com.gSTAX.Utilities.Report.failWithScreenshot(Report.java:45)
	at com.gSTAX.Utilities.Report.failWithScreenshot(Report.java:45)
	at com.gSTAX.Utilities.Report.failWithScreenshot(Report.java:45)
	at com.gSTAX.Utilities.Report.failWithScreenshot(Report.java:45)
	at com.gSTAX.Utilities.Report.failWithScreenshot(Report.java:45)
	at com.gSTAX.Utilities.Report.failWithScreenshot(Report.java:45)
	at com.gSTAX.Utilities.Report.failWithScreenshot(Report.java:45)
	at com.gSTAX.Utilities.Report.failWithScreenshot(Report.java:45)
	at com.gSTAX.Utilities.Report.failWithScreenshot(Report.java:45)
	at com.gSTAX.Utilities.Report.failWithScreenshot(Report.java:45)
	at com.gSTAX.Utilities.Report.failWithScreenshot(Report.java:45)
	at com.gSTAX.Utilities.Report.failWithScreenshot(Report.java:45)
	at com.gSTAX.Utilities.Report.failWithScreenshot(Report.java:45)
	at com.gSTAX.Utilities.Report.failWithScreenshot(Report.java:45)
	at com.gSTAX.Utilities.Report.failWithScreenshot(Report.java:45)
	at com.gSTAX.Utilities.Report.failWithScreenshot(Report.java:45)
	at com.gSTAX.Utilities.Report.failWithScreenshot(Report.java:45)
	at com.gSTAX.Utilities.Report.failWithScreenshot(Report.java:45)
	at com.gSTAX.Utilities.Report.failWithScreenshot(Report.java:45)
	at com.gSTAX.Utilities.Report.failWithScreenshot(Report.java:45)
	at com.gSTAX.Utilities.Report.failWithScreenshot(Report.java:45)
	at com.gSTAX.Utilities.Report.failWithScreenshot(Report.java:45)
	at com.gSTAX.Utilities.Report.failWithScreenshot(Report.java:45)
	at com.gSTAX.Utilities.Report.failWithScreenshot(Report.java:45)
	at com.gSTAX.Utilities.Report.failWithScreenshot(Report.java:45)
	at com.gSTAX.Utilities.Report.failWithScreenshot(Report.java:45)
	at com.gSTAX.Utilities.Report.failWithScreenshot(Report.java:45)
	at com.gSTAX.Utilities.Report.failWithScreenshot(Report.java:45)
	at com.gSTAX.Utilities.Report.failWithScreenshot(Report.java:45)
	at com.gSTAX.Utilities.Report.failWithScreenshot(Report.java:45)
	at com.gSTAX.Utilities.Report.failWithScreenshot(Report.java:45)
	at com.gSTAX.Utilities.Report.failWithScreenshot(Report.java:45)
	at com.gSTAX.Utilities.Report.failWithScreenshot(Report.java:45)
	at com.gSTAX.Utilities.Report.failWithScreenshot(Report.java:45)
	at com.gSTAX.Utilities.Report.failWithScreenshot(Report.java:45)
	at com.gSTAX.Utilities.Report.failWithScreenshot(Report.java:45)
	at com.gSTAX.Utilities.Report.failWithScreenshot(Report.java:45)
	at com.gSTAX.Utilities.Report.failWithScreenshot(Report.java:45)
	at com.gSTAX.Utilities.Report.failWithScreenshot(Report.java:45)
	at com.gSTAX.Utilities.Report.failWithScreenshot(Report.java:45)
	at com.gSTAX.Utilities.Report.failWithScreenshot(Report.java:45)
	at com.gSTAX.Utilities.Report.failWithScreenshot(Report.java:45)
	at com.gSTAX.Utilities.Report.failWithScreenshot(Report.java:45)
	at com.gSTAX.Utilities.Report.failWithScreenshot(Report.java:45)
	at com.gSTAX.Utilities.Report.failWithScreenshot(Report.java:45)
	at com.gSTAX.Utilities.Report.failWithScreenshot(Report.java:45)
	at com.gSTAX.Utilities.Report.failWithScreenshot(Report.java:45)
	at com.gSTAX.Utilities.Report.failWithScreenshot(Report.java:45)
	at com.gSTAX.Utilities.Report.failWithScreenshot(Report.java:45)
	at com.gSTAX.Utilities.Report.failWithScreenshot(Report.java:45)
	at com.gSTAX.Utilities.Report.failWithScreenshot(Report.java:45)
	at com.gSTAX.Utilities.Report.failWithScreenshot(Report.java:45)
	at com.gSTAX.Utilities.Report.failWithScreenshot(Report.java:45)
	at com.gSTAX.Utilities.Report.failWithScreenshot(Report.java:45)
	at com.gSTAX.Utilities.Report.failWithScreenshot(Report.java:45)
	at com.gSTAX.Utilities.Report.failWithScreenshot(Report.java:45)
	at com.gSTAX.Utilities.Report.failWithScreenshot(Report.java:45)
	at com.gSTAX.Utilities.Report.failWithScreenshot(Report.java:45)
	at com.gSTAX.Utilities.Report.failWithScreenshot(Report.java:45)
	at com.gSTAX.Utilities.Report.failWithScreenshot(Report.java:45)
	at com.gSTAX.Utilities.Report.failWithScreenshot(Report.java:45)
	at com.gSTAX.Utilities.Report.failWithScreenshot(Report.java:45)
	at com.gSTAX.Utilities.Report.failWithScreenshot(Report.java:45)
	at com.gSTAX.Utilities.Report.failWithScreenshot(Report.java:45)
	at com.gSTAX.Utilities.Report.failWithScreenshot(Report.java:45)
	at com.gSTAX.Utilities.Report.failWithScreenshot(Report.java:45)
	at com.gSTAX.Utilities.Report.failWithScreenshot(Report.java:45)
	at com.gSTAX.Utilities.Report.failWithScreenshot(Report.java:45)
	at com.gSTAX.Utilities.Report.failWithScreenshot(Report.java:45)
	at com.gSTAX.Utilities.Report.failWithScreenshot(Report.java:45)
	at com.gSTAX.Utilities.Report.failWithScreenshot(Report.java:45)
	at com.gSTAX.Utilities.Report.failWithScreenshot(Report.java:45)
	at com.gSTAX.Utilities.Report.failWithScreenshot(Report.java:45)
	at com.gSTAX.Utilities.Report.failWithScreenshot(Report.java:45)
	at com.gSTAX.Utilities.Report.failWithScreenshot(Report.java:45)
	at com.gSTAX.Utilities.Report.failWithScreenshot(Report.java:45)
	at com.gSTAX.Utilities.Report.failWithScreenshot(Report.java:45)
	at com.gSTAX.Utilities.Report.failWithScreenshot(Report.java:45)
	at com.gSTAX.Utilities.Report.failWithScreenshot(Report.java:45)
	at com.gSTAX.Utilities.Report.failWithScreenshot(Report.java:45)
	at com.gSTAX.Utilities.Report.failWithScreenshot(Report.java:45)
	at com.gSTAX.Utilities.Report.failWithScreenshot(Report.java:45)
	at com.gSTAX.Utilities.Report.failWithScreenshot(Report.java:45)
	at com.gSTAX.Utilities.Report.failWithScreenshot(Report.java:45)
	at com.gSTAX.Utilities.Report.failWithScreenshot(Report.java:45)
	at com.gSTAX.Utilities.Report.failWithScreenshot(Report.java:45)
	at com.gSTAX.Utilities.Report.failWithScreenshot(Report.java:45)
	at com.gSTAX.Utilities.Report.failWithScreenshot(Report.java:45)
	at com.gSTAX.Utilities.Report.failWithScreenshot(Report.java:45)
	at com.gSTAX.Utilities.Report.failWithScreenshot(Report.java:45)
	at com.gSTAX.Utilities.Report.failWithScreenshot(Report.java:45)
	at com.gSTAX.Utilities.Report.failWithScreenshot(Report.java:45)
	at com.gSTAX.Utilities.Report.failWithScreenshot(Report.java:45)
	at com.gSTAX.Utilities.Report.failWithScreenshot(Report.java:45)
	at com.gSTAX.Utilities.Report.failWithScreenshot(Report.java:45)
	at com.gSTAX.Utilities.Report.failWithScreenshot(Report.java:45)
	at com.gSTAX.Utilities.Report.failWithScreenshot(Report.java:45)
	at com.gSTAX.Utilities.Report.failWithScreenshot(Report.java:45)
	at com.gSTAX.Utilities.Report.failWithScreenshot(Report.java:45)
	at com.gSTAX.Utilities.Report.failWithScreenshot(Report.java:45)
	at com.gSTAX.Utilities.Report.failWithScreenshot(Report.java:45)
	at com.gSTAX.Utilities.Report.failWithScreenshot(Report.java:45)
	at com.gSTAX.Utilities.Report.failWithScreenshot(Report.java:45)
	at com.gSTAX.Utilities.Report.failWithScreenshot(Report.java:45)
	at com.gSTAX.Utilities.Report.failWithScreenshot(Report.java:45)
	at com.gSTAX.Utilities.Report.failWithScreenshot(Report.java:45)
	at com.gSTAX.Utilities.Report.failWithScreenshot(Report.java:45)
	at com.gSTAX.Utilities.Report.failWithScreenshot(Report.java:45)
	at com.gSTAX.Utilities.Report.failWithScreenshot(Report.java:45)
	at com.gSTAX.Utilities.Report.failWithScreenshot(Report.java:45)
	at com.gSTAX.Utilities.Report.failWithScreenshot(Report.java:45)
	at com.gSTAX.Utilities.Report.failWithScreenshot(Report.java:45)
	at com.gSTAX.Utilities.Report.failWithScreenshot(Report.java:45)
	at com.gSTAX.Utilities.Report.failWithScreenshot(Report.java:45)
	at com.gSTAX.Utilities.Report.failWithScreenshot(Report.java:45)
	at com.gSTAX.Utilities.Report.failWithScreenshot(Report.java:45)
	at com.gSTAX.Utilities.Report.failWithScreenshot(Report.java:45)
	at com.gSTAX.Utilities.Report.failWithScreenshot(Report.java:45)
	at com.gSTAX.Utilities.Report.failWithScreenshot(Report.java:45)
	at com.gSTAX.Utilities.Report.failWithScreenshot(Report.java:45)
	at com.gSTAX.Utilities.Report.failWithScreenshot(Report.java:45)
	at com.gSTAX.Utilities.Report.failWithScreenshot(Report.java:45)
	at com.gSTAX.Utilities.Report.failWithScreenshot(Report.java:45)
	at com.gSTAX.Utilities.Report.failWithScreenshot(Report.java:45)
	at com.gSTAX.Utilities.Report.failWithScreenshot(Report.java:45)
	at com.gSTAX.Utilities.Report.failWithScreenshot(Report.java:45)
	at com.gSTAX.Utilities.Report.failWithScreenshot(Report.java:45)
	at com.gSTAX.Utilities.Report.failWithScreenshot(Report.java:45)
	at com.gSTAX.Utilities.Report.failWithScreenshot(Report.java:45)
	at com.gSTAX.Utilities.Report.failWithScreenshot(Report.java:45)
	at com.gSTAX.Utilities.Report.failWithScreenshot(Report.java:45)
	at com.gSTAX.Utilities.Report.failWithScreenshot(Report.java:45)
	at com.gSTAX.Utilities.Report.failWithScreenshot(Report.java:45)
	at com.gSTAX.Utilities.Report.failWithScreenshot(Report.java:45)
	at com.gSTAX.Utilities.Report.failWithScreenshot(Report.java:45)
	at com.gSTAX.Utilities.Report.failWithScreenshot(Report.java:45)
	at com.gSTAX.Utilities.Report.failWithScreenshot(Report.java:45)
	at com.gSTAX.Utilities.Report.failWithScreenshot(Report.java:45)
	at com.gSTAX.Utilities.Report.failWithScreenshot(Report.java:45)
	at com.gSTAX.Utilities.Report.failWithScreenshot(Report.java:45)
	at com.gSTAX.Utilities.Report.failWithScreenshot(Report.java:45)
	at com.gSTAX.Utilities.Report.failWithScreenshot(Report.java:45)
	at com.gSTAX.Utilities.Report.failWithScreenshot(Report.java:45)
	at com.gSTAX.Utilities.Report.failWithScreenshot(Report.java:45)
	at com.gSTAX.Utilities.Report.failWithScreenshot(Report.java:45)
	at com.gSTAX.Utilities.Report.failWithScreenshot(Report.java:45)
	at com.gSTAX.Utilities.Report.failWithScreenshot(Report.java:45)
	at com.gSTAX.Utilities.Report.failWithScreenshot(Report.java:45)
	at com.gSTAX.Utilities.Report.failWithScreenshot(Report.java:45)
	at com.gSTAX.Utilities.Report.failWithScreenshot(Report.java:45)
	at com.gSTAX.Utilities.Report.failWithScreenshot(Report.java:45)
	at com.gSTAX.Utilities.Report.failWithScreenshot(Report.java:45)
	at com.gSTAX.Utilities.Report.failWithScreenshot(Report.java:45)
	at com.gSTAX.Utilities.Report.failWithScreenshot(Report.java:45)
	at com.gSTAX.Utilities.Report.failWithScreenshot(Report.java:45)
	at com.gSTAX.Utilities.Report.failWithScreenshot(Report.java:45)
	at com.gSTAX.Utilities.Report.failWithScreenshot(Report.java:45)
	at com.gSTAX.Utilities.Report.failWithScreenshot(Report.java:45)
	at com.gSTAX.Utilities.Report.failWithScreenshot(Report.java:45)
	at com.gSTAX.Utilities.Report.failWithScreenshot(Report.java:45)
	at com.gSTAX.Utilities.Report.failWithScreenshot(Report.java:45)
	at com.gSTAX.Utilities.Report.failWithScreenshot(Report.java:45)
	at com.gSTAX.Utilities.Report.failWithScreenshot(Report.java:45)
	at com.gSTAX.Utilities.Report.failWithScreenshot(Report.java:45)
	at com.gSTAX.Utilities.Report.failWithScreenshot(Report.java:45)
	at com.gSTAX.Utilities.Report.failWithScreenshot(Report.java:45)
	at com.gSTAX.Utilities.Report.failWithScreenshot(Report.java:45)
	at com.gSTAX.Utilities.Report.failWithScreenshot(Report.java:45)
	at com.gSTAX.Utilities.Report.failWithScreenshot(Report.java:45)
	at com.gSTAX.Utilities.Report.failWithScreenshot(Report.java:45)
	at com.gSTAX.Utilities.Report.failWithScreenshot(Report.java:45)
	at com.gSTAX.Utilities.Report.failWithScreenshot(Report.java:45)
	at com.gSTAX.Utilities.Report.failWithScreenshot(Report.java:45)
	at com.gSTAX.Utilities.Report.failWithScreenshot(Report.java:45)
	at com.gSTAX.Utilities.Report.failWithScreenshot(Report.java:45)
	at com.gSTAX.Utilities.Report.failWithScreenshot(Report.java:45)
	at com.gSTAX.Utilities.Report.failWithScreenshot(Report.java:45)
	at com.gSTAX.Utilities.Report.failWithScreenshot(Report.java:45)
	at com.gSTAX.Utilities.Report.failWithScreenshot(Report.java:45)
	at com.gSTAX.Utilities.Report.failWithScreenshot(Report.java:45)
	at com.gSTAX.Utilities.Report.failWithScreenshot(Report.java:45)
	at com.gSTAX.Utilities.Report.failWithScreenshot(Report.java:45)
	at com.gSTAX.Utilities.Report.failWithScreenshot(Report.java:45)
	at com.gSTAX.Utilities.Report.failWithScreenshot(Report.java:45)
	at com.gSTAX.Utilities.Report.failWithScreenshot(Report.java:45)
	at com.gSTAX.Utilities.Report.failWithScreenshot(Report.java:45)
	at com.gSTAX.Utilities.Report.failWithScreenshot(Report.java:45)
	at com.gSTAX.Utilities.Report.failWithScreenshot(Report.java:45)
	at com.gSTAX.Utilities.Report.failWithScreenshot(Report.java:45)
	at com.gSTAX.Utilities.Report.failWithScreenshot(Report.java:45)
	at com.gSTAX.Utilities.Report.failWithScreenshot(Report.java:45)
	at com.gSTAX.Utilities.Report.failWithScreenshot(Report.java:45)
	at com.gSTAX.Utilities.Report.failWithScreenshot(Report.java:45)
	at com.gSTAX.Utilities.Report.failWithScreenshot(Report.java:45)
	at com.gSTAX.Utilities.Report.failWithScreenshot(Report.java:45)
	at com.gSTAX.Utilities.Report.failWithScreenshot(Report.java:45)
	at com.gSTAX.Utilities.Report.failWithScreenshot(Report.java:45)
	at com.gSTAX.Utilities.Report.failWithScreenshot(Report.java:45)
	at com.gSTAX.Utilities.Report.failWithScreenshot(Report.java:45)
	at com.gSTAX.Utilities.Report.failWithScreenshot(Report.java:45)
	at com.gSTAX.Utilities.Report.failWithScreenshot(Report.java:45)
	at com.gSTAX.Utilities.Report.failWithScreenshot(Report.java:45)
	at com.gSTAX.Utilities.Report.failWithScreenshot(Report.java:45)
	at com.gSTAX.Utilities.Report.failWithScreenshot(Report.java:45)
	at com.gSTAX.Utilities.Report.failWithScreenshot(Report.java:45)
	at com.gSTAX.Utilities.Report.failWithScreenshot(Report.java:45)
	at com.gSTAX.Utilities.Report.failWithScreenshot(Report.java:45)
	at com.gSTAX.Utilities.Report.failWithScreenshot(Report.java:45)
	at com.gSTAX.Utilities.Report.failWithScreenshot(Report.java:45)
	at com.gSTAX.Utilities.Report.failWithScreenshot(Report.java:45)
	at com.gSTAX.Utilities.Report.failWithScreenshot(Report.java:45)
	at com.gSTAX.Utilities.Report.failWithScreenshot(Report.java:45)
	at com.gSTAX.Utilities.Report.failWithScreenshot(Report.java:45)
	at com.gSTAX.Utilities.Report.failWithScreenshot(Report.java:45)
	at com.gSTAX.Utilities.Report.failWithScreenshot(Report.java:45)
	at com.gSTAX.Utilities.Report.failWithScreenshot(Report.java:45)
	at com.gSTAX.Utilities.Report.failWithScreenshot(Report.java:45)
	at com.gSTAX.Utilities.Report.failWithScreenshot(Report.java:45)
	at com.gSTAX.Utilities.Report.failWithScreenshot(Report.java:45)
	at com.gSTAX.Utilities.Report.failWithScreenshot(Report.java:45)
	at com.gSTAX.Utilities.Report.failWithScreenshot(Report.java:45)
	at com.gSTAX.Utilities.Report.failWithScreenshot(Report.java:45)
	at com.gSTAX.Utilities.Report.failWithScreenshot(Report.java:45)
	at com.gSTAX.Utilities.Report.failWithScreenshot(Report.java:45)
	at com.gSTAX.Utilities.Report.failWithScreenshot(Report.java:45)
	at com.gSTAX.Utilities.Report.failWithScreenshot(Report.java:45)
	at com.gSTAX.Utilities.Report.failWithScreenshot(Report.java:45)
	at com.gSTAX.Utilities.Report.failWithScreenshot(Report.java:45)
	at com.gSTAX.Utilities.Report.failWithScreenshot(Report.java:45)
	at com.gSTAX.Utilities.Report.failWithScreenshot(Report.java:45)
	at com.gSTAX.Utilities.Report.failWithScreenshot(Report.java:45)
	at com.gSTAX.Utilities.Report.failWithScreenshot(Report.java:45)
	at com.gSTAX.Utilities.Report.failWithScreenshot(Report.java:45)
	at com.gSTAX.Utilities.Report.failWithScreenshot(Report.java:45)
	at com.gSTAX.Utilities.Report.failWithScreenshot(Report.java:45)
	at com.gSTAX.Utilities.Report.failWithScreenshot(Report.java:45)
	at com.gSTAX.Utilities.Report.failWithScreenshot(Report.java:45)
	at com.gSTAX.Utilities.Report.failWithScreenshot(Report.java:45)
	at com.gSTAX.Utilities.Report.failWithScreenshot(Report.java:45)
	at com.gSTAX.Utilities.Report.failWithScreenshot(Report.java:45)
	at com.gSTAX.Utilities.Report.failWithScreenshot(Report.java:45)
	at com.gSTAX.Utilities.Report.failWithScreenshot(Report.java:45)
	at com.gSTAX.Utilities.Report.failWithScreenshot(Report.java:45)
	at com.gSTAX.Utilities.Report.failWithScreenshot(Report.java:45)
	at com.gSTAX.Utilities.Report.failWithScreenshot(Report.java:45)
	at com.gSTAX.Utilities.Report.failWithScreenshot(Report.java:45)
	at com.gSTAX.Utilities.Report.failWithScreenshot(Report.java:45)
	at com.gSTAX.Utilities.Report.failWithScreenshot(Report.java:45)
	at com.gSTAX.Utilities.Report.failWithScreenshot(Report.java:45)
	at com.gSTAX.Utilities.Report.failWithScreenshot(Report.java:45)
	at com.gSTAX.Utilities.Report.failWithScreenshot(Report.java:45)
	at com.gSTAX.Utilities.Report.failWithScreenshot(Report.java:45)
	at com.gSTAX.Utilities.Report.failWithScreenshot(Report.java:45)
	at com.gSTAX.Utilities.Report.failWithScreenshot(Report.java:45)
	at com.gSTAX.Utilities.Report.failWithScreenshot(Report.java:45)
	at com.gSTAX.Utilities.Report.failWithScreenshot(Report.java:45)
	at com.gSTAX.Utilities.Report.failWithScreenshot(Report.java:45)
	at com.gSTAX.Utilities.Report.failWithScreenshot(Report.java:45)
	at com.gSTAX.Utilities.Report.failWithScreenshot(Report.java:45)
	at com.gSTAX.Utilities.Report.failWithScreenshot(Report.java:45)
	at com.gSTAX.Utilities.Report.failWithScreenshot(Report.java:45)
	at com.gSTAX.Utilities.Report.failWithScreenshot(Report.java:45)
	at com.gSTAX.Utilities.Report.failWithScreenshot(Report.java:45)
	at com.gSTAX.Utilities.Report.failWithScreenshot(Report.java:45)
	at com.gSTAX.Utilities.Report.failWithScreenshot(Report.java:45)
	at com.gSTAX.Utilities.Report.failWithScreenshot(Report.java:45)
	at com.gSTAX.Utilities.Report.failWithScreenshot(Report.java:45)
	at com.gSTAX.Utilities.Report.failWithScreenshot(Report.java:45)
	at com.gSTAX.Utilities.Report.failWithScreenshot(Report.java:45)
	at com.gSTAX.Utilities.Report.failWithScreenshot(Report.java:45)
	at com.gSTAX.Utilities.Report.failWithScreenshot(Report.java:45)
	at com.gSTAX.Utilities.Report.failWithScreenshot(Report.java:45)
	at com.gSTAX.Utilities.Report.failWithScreenshot(Report.java:45)
	at com.gSTAX.Utilities.Report.failWithScreenshot(Report.java:45)
	at com.gSTAX.Utilities.Report.failWithScreenshot(Report.java:45)
	at com.gSTAX.Utilities.Report.failWithScreenshot(Report.java:45)
	at com.gSTAX.Utilities.Report.failWithScreenshot(Report.java:45)
	at com.gSTAX.Utilities.Report.failWithScreenshot(Report.java:45)
	at com.gSTAX.Utilities.Report.failWithScreenshot(Report.java:45)
	at com.gSTAX.Utilities.Report.failWithScreenshot(Report.java:45)
	at com.gSTAX.Utilities.Report.failWithScreenshot(Report.java:45)
	at com.gSTAX.Utilities.Report.failWithScreenshot(Report.java:45)
	at com.gSTAX.Utilities.Report.failWithScreenshot(Report.java:45)
	at com.gSTAX.Utilities.Report.failWithScreenshot(Report.java:45)
	at com.gSTAX.Utilities.Report.failWithScreenshot(Report.java:45)
	at com.gSTAX.Utilities.Report.failWithScreenshot(Report.java:45)
	at com.gSTAX.Utilities.Report.failWithScreenshot(Report.java:45)
	at com.gSTAX.Utilities.Report.failWithScreenshot(Report.java:45)
	at com.gSTAX.Utilities.Report.failWithScreenshot(Report.java:45)
	at com.gSTAX.Utilities.Report.failWithScreenshot(Report.java:45)
	at com.gSTAX.Utilities.Report.failWithScreenshot(Report.java:45)
	at com.gSTAX.Utilities.Report.failWithScreenshot(Report.java:45)
	at com.gSTAX.Utilities.Report.failWithScreenshot(Report.java:45)
	at com.gSTAX.Utilities.Report.failWithScreenshot(Report.java:45)
	at com.gSTAX.Utilities.Report.failWithScreenshot(Report.java:45)
	at com.gSTAX.Utilities.Report.failWithScreenshot(Report.java:45)
	at com.gSTAX.Utilities.Report.failWithScreenshot(Report.java:45)
	at com.gSTAX.Utilities.Report.failWithScreenshot(Report.java:45)
	at com.gSTAX.Utilities.Report.failWithScreenshot(Report.java:45)
	at com.gSTAX.Utilities.Report.failWithScreenshot(Report.java:45)
	at com.gSTAX.Utilities.Report.failWithScreenshot(Report.java:45)
	at com.gSTAX.Utilities.Report.failWithScreenshot(Report.java:45)
	at com.gSTAX.Utilities.Report.failWithScreenshot(Report.java:45)
	at com.gSTAX.Utilities.Report.failWithScreenshot(Report.java:45)
	at com.gSTAX.Utilities.Report.failWithScreenshot(Report.java:45)
	at com.gSTAX.Utilities.Report.failWithScreenshot(Report.java:45)
	at com.gSTAX.Utilities.Report.failWithScreenshot(Report.java:45)
	at com.gSTAX.Utilities.Report.failWithScreenshot(Report.java:45)
	at com.gSTAX.Utilities.Report.failWithScreenshot(Report.java:45)
	at com.gSTAX.Utilities.Report.failWithScreenshot(Report.java:45)
	at com.gSTAX.Utilities.Report.failWithScreenshot(Report.java:45)
	at com.gSTAX.Utilities.Report.failWithScreenshot(Report.java:45)
	at com.gSTAX.Utilities.Report.failWithScreenshot(Report.java:45)
	at com.gSTAX.Utilities.Report.failWithScreenshot(Report.java:45)
	at com.gSTAX.Utilities.Report.failWithScreenshot(Report.java:45)
	at com.gSTAX.Utilities.Report.failWithScreenshot(Report.java:45)
	at com.gSTAX.Utilities.Report.failWithScreenshot(Report.java:45)
	at com.gSTAX.Utilities.Report.failWithScreenshot(Report.java:45)
	at com.gSTAX.Utilities.Report.failWithScreenshot(Report.java:45)
	at com.gSTAX.Utilities.Report.failWithScreenshot(Report.java:45)
	at com.gSTAX.Utilities.Report.failWithScreenshot(Report.java:45)
	at com.gSTAX.Utilities.Report.failWithScreenshot(Report.java:45)
	at com.gSTAX.Utilities.Report.failWithScreenshot(Report.java:45)
	at com.gSTAX.Utilities.Report.failWithScreenshot(Report.java:45)
	at com.gSTAX.Utilities.Report.failWithScreenshot(Report.java:45)
	at com.gSTAX.Utilities.Report.failWithScreenshot(Report.java:45)
	at com.gSTAX.Utilities.Report.failWithScreenshot(Report.java:45)
	at com.gSTAX.Utilities.Report.failWithScreenshot(Report.java:45)
	at com.gSTAX.Utilities.Report.failWithScreenshot(Report.java:45)
	at com.gSTAX.Utilities.Report.failWithScreenshot(Report.java:45)
	at com.gSTAX.Utilities.Report.failWithScreenshot(Report.java:45)
	at com.gSTAX.Utilities.Report.failWithScreenshot(Report.java:45)
	at com.gSTAX.Utilities.Report.failWithScreenshot(Report.java:45)
	at com.gSTAX.Utilities.Report.failWithScreenshot(Report.java:45)
	at com.gSTAX.Utilities.Report.failWithScreenshot(Report.java:45)
	at com.gSTAX.Utilities.Report.failWithScreenshot(Report.java:45)
	at com.gSTAX.Utilities.Report.failWithScreenshot(Report.java:45)
	at com.gSTAX.Utilities.Report.failWithScreenshot(Report.java:45)
	at com.gSTAX.Utilities.Report.failWithScreenshot(Report.java:45)
	at com.gSTAX.Utilities.Report.failWithScreenshot(Report.java:45)
	at com.gSTAX.Utilities.Report.failWithScreenshot(Report.java:45)
	at com.gSTAX.Utilities.Report.failWithScreenshot(Report.java:45)
	at com.gSTAX.Utilities.Report.failWithScreenshot(Report.java:45)
	at com.gSTAX.Utilities.Report.failWithScreenshot(Report.java:45)
	at com.gSTAX.Utilities.Report.failWithScreenshot(Report.java:45)
	at com.gSTAX.Utilities.Report.failWithScreenshot(Report.java:45)
	at com.gSTAX.Utilities.Report.failWithScreenshot(Report.java:45)
	at com.gSTAX.Utilities.Report.failWithScreenshot(Report.java:45)
	at com.gSTAX.Utilities.Report.failWithScreenshot(Report.java:45)
	at com.gSTAX.Utilities.Report.failWithScreenshot(Report.java:45)
	at com.gSTAX.Utilities.Report.failWithScreenshot(Report.java:45)
	at com.gSTAX.Utilities.Report.failWithScreenshot(Report.java:45)
	at com.gSTAX.Utilities.Report.failWithScreenshot(Report.java:45)
	at com.gSTAX.Utilities.Report.failWithScreenshot(Report.java:45)
	at com.gSTAX.Utilities.Report.failWithScreenshot(Report.java:45)
	at com.gSTAX.Utilities.Report.failWithScreenshot(Report.java:45)
	at com.gSTAX.Utilities.Report.failWithScreenshot(Report.java:45)
	at com.gSTAX.Utilities.Report.failWithScreenshot(Report.java:45)
	at com.gSTAX.Utilities.Report.failWithScreenshot(Report.java:45)
	at com.gSTAX.Utilities.Report.failWithScreenshot(Report.java:45)
	at com.gSTAX.Utilities.Report.failWithScreenshot(Report.java:45)
	at com.gSTAX.Utilities.Report.failWithScreenshot(Report.java:45)
	at com.gSTAX.Utilities.Report.failWithScreenshot(Report.java:45)
	at com.gSTAX.Utilities.Report.failWithScreenshot(Report.java:45)
	at com.gSTAX.Utilities.Report.failWithScreenshot(Report.java:45)
	at com.gSTAX.Utilities.Report.failWithScreenshot(Report.java:45)
	at com.gSTAX.Utilities.Report.failWithScreenshot(Report.java:45)
	at com.gSTAX.Utilities.Report.failWithScreenshot(Report.java:45)
	at com.gSTAX.Utilities.Report.failWithScreenshot(Report.java:45)
	at com.gSTAX.Utilities.Report.failWithScreenshot(Report.java:45)
	at com.gSTAX.Utilities.Report.failWithScreenshot(Report.java:45)
	at com.gSTAX.Utilities.Report.failWithScreenshot(Report.java:45)
	at com.gSTAX.Utilities.Report.failWithScreenshot(Report.java:45)
	at com.gSTAX.Utilities.Report.failWithScreenshot(Report.java:45)
	at com.gSTAX.Utilities.Report.failWithScreenshot(Report.java:45)
	at com.gSTAX.Utilities.Report.failWithScreenshot(Report.java:45)
	at com.gSTAX.Utilities.Report.failWithScreenshot(Report.java:45)
	at com.gSTAX.Utilities.Report.failWithScreenshot(Report.java:45)
	at com.gSTAX.Utilities.Report.failWithScreenshot(Report.java:45)
	at com.gSTAX.Utilities.Report.failWithScreenshot(Report.java:45)
	at com.gSTAX.Utilities.Report.failWithScreenshot(Report.java:45)
	at com.gSTAX.Utilities.Report.failWithScreenshot(Report.java:45)
	at com.gSTAX.Utilities.Report.failWithScreenshot(Report.java:45)
	at com.gSTAX.Utilities.Report.failWithScreenshot(Report.java:45)
	at com.gSTAX.Utilities.Report.failWithScreenshot(Report.java:45)
	at com.gSTAX.Utilities.Report.failWithScreenshot(Report.java:45)
	at com.gSTAX.Utilities.Report.failWithScreenshot(Report.java:45)
	at com.gSTAX.Utilities.Report.failWithScreenshot(Report.java:45)
	at com.gSTAX.Utilities.Report.failWithScreenshot(Report.java:45)
	at com.gSTAX.Utilities.Report.failWithScreenshot(Report.java:45)
	at com.gSTAX.Utilities.Report.failWithScreenshot(Report.java:45)
	at com.gSTAX.Utilities.Report.failWithScreenshot(Report.java:45)
	at com.gSTAX.Utilities.Report.failWithScreenshot(Report.java:45)
	at com.gSTAX.Utilities.Report.failWithScreenshot(Report.java:45)
	at com.gSTAX.Utilities.Report.failWithScreenshot(Report.java:45)
	at com.gSTAX.Utilities.Report.failWithScreenshot(Report.java:45)
	at com.gSTAX.Utilities.Report.failWithScreenshot(Report.java:45)
	at com.gSTAX.Utilities.Report.failWithScreenshot(Report.java:45)
	at com.gSTAX.Utilities.Report.failWithScreenshot(Report.java:45)
	at com.gSTAX.Utilities.Report.failWithScreenshot(Report.java:45)
	at com.gSTAX.Utilities.Report.failWithScreenshot(Report.java:45)
	at com.gSTAX.Utilities.Report.failWithScreenshot(Report.java:45)
	at com.gSTAX.Utilities.Report.failWithScreenshot(Report.java:45)
	at com.gSTAX.Utilities.Report.failWithScreenshot(Report.java:45)
	at com.gSTAX.Utilities.Report.failWithScreenshot(Report.java:45)
	at com.gSTAX.Utilities.Report.failWithScreenshot(Report.java:45)
	at com.gSTAX.Utilities.Report.failWithScreenshot(Report.java:45)
	at com.gSTAX.Utilities.Report.failWithScreenshot(Report.java:45)
	at com.gSTAX.Utilities.Report.failWithScreenshot(Report.java:45)
	at com.gSTAX.Utilities.Report.failWithScreenshot(Report.java:45)
	at com.gSTAX.Utilities.Report.failWithScreenshot(Report.java:45)
	at com.gSTAX.Utilities.Report.failWithScreenshot(Report.java:45)
	at com.gSTAX.Utilities.Report.failWithScreenshot(Report.java:45)
	at com.gSTAX.Utilities.Report.failWithScreenshot(Report.java:45)
	at com.gSTAX.Utilities.Report.failWithScreenshot(Report.java:45)
	at com.gSTAX.Utilities.Report.failWithScreenshot(Report.java:45)
	at com.gSTAX.Utilities.Report.failWithScreenshot(Report.java:45)
	at com.gSTAX.Utilities.Report.failWithScreenshot(Report.java:45)
	at com.gSTAX.Utilities.Report.failWithScreenshot(Report.java:45)
	at com.gSTAX.Utilities.Report.failWithScreenshot(Report.java:45)
	at com.gSTAX.Utilities.Report.failWithScreenshot(Report.java:45)
	at com.gSTAX.Utilities.Report.failWithScreenshot(Report.java:45)
	at com.gSTAX.Utilities.Report.failWithScreenshot(Report.java:45)
	at com.gSTAX.Utilities.Report.failWithScreenshot(Report.java:45)
	at com.gSTAX.Utilities.Report.failWithScreenshot(Report.java:45)
	at com.gSTAX.Utilities.Report.failWithScreenshot(Report.java:45)
	at com.gSTAX.Utilities.Report.failWithScreenshot(Report.java:45)
	at com.gSTAX.Utilities.Report.failWithScreenshot(Report.java:45)
	at com.gSTAX.Utilities.Report.failWithScreenshot(Report.java:45)
	at com.gSTAX.Utilities.Report.failWithScreenshot(Report.java:45)
	at com.gSTAX.Utilities.Report.failWithScreenshot(Report.java:45)
	at com.gSTAX.Utilities.Report.failWithScreenshot(Report.java:45)
	at com.gSTAX.Utilities.Report.failWithScreenshot(Report.java:45)
	at com.gSTAX.Utilities.Report.failWithScreenshot(Report.java:45)
	at com.gSTAX.Utilities.Report.failWithScreenshot(Report.java:45)
	at com.gSTAX.Utilities.Report.failWithScreenshot(Report.java:45)
	at com.gSTAX.Utilities.Report.failWithScreenshot(Report.java:45)
	at com.gSTAX.Utilities.Report.failWithScreenshot(Report.java:45)
	at com.gSTAX.Utilities.Report.failWithScreenshot(Report.java:45)
	at com.gSTAX.Utilities.Report.failWithScreenshot(Report.java:45)
	at com.gSTAX.Utilities.Report.failWithScreenshot(Report.java:45)
	at com.gSTAX.Utilities.Report.failWithScreenshot(Report.java:45)
	at com.gSTAX.Utilities.Report.failWithScreenshot(Report.java:45)
	at com.gSTAX.Utilities.Report.failWithScreenshot(Report.java:45)
	at com.gSTAX.Utilities.Report.failWithScreenshot(Report.java:45)
	at com.gSTAX.Utilities.Report.failWithScreenshot(Report.java:45)
	at com.gSTAX.Utilities.Report.failWithScreenshot(Report.java:45)
	at com.gSTAX.Utilities.Report.failWithScreenshot(Report.java:45)
	at com.gSTAX.Utilities.Report.failWithScreenshot(Report.java:45)
	at com.gSTAX.Utilities.Report.failWithScreenshot(Report.java:45)
	at com.gSTAX.Utilities.Report.failWithScreenshot(Report.java:45)
	at com.gSTAX.Utilities.Report.failWithScreenshot(Report.java:45)
	at com.gSTAX.Utilities.Report.failWithScreenshot(Report.java:45)
	at com.gSTAX.Utilities.Report.failWithScreenshot(Report.java:45)
	at com.gSTAX.Utilities.Report.failWithScreenshot(Report.java:45)
	at com.gSTAX.Utilities.Report.failWithScreenshot(Report.java:45)
	at com.gSTAX.Utilities.Report.failWithScreenshot(Report.java:45)
	at com.gSTAX.Utilities.Report.failWithScreenshot(Report.java:45)
	at com.gSTAX.Utilities.Report.failWithScreenshot(Report.java:45)
	at com.gSTAX.Utilities.Report.failWithScreenshot(Report.java:45)
	at com.gSTAX.Utilities.Report.failWithScreenshot(Report.java:45)
	at com.gSTAX.Utilities.Report.failWithScreenshot(Report.java:45)
	at com.gSTAX.Utilities.Report.failWithScreenshot(Report.java:45)
	at com.gSTAX.Utilities.Report.failWithScreenshot(Report.java:45)
	at com.gSTAX.Utilities.Report.failWithScreenshot(Report.java:45)
	at com.gSTAX.Utilities.Report.failWithScreenshot(Report.java:45)
	at com.gSTAX.Utilities.Report.failWithScreenshot(Report.java:45)
	at com.gSTAX.Utilities.Report.failWithScreenshot(Report.java:45)
	at com.gSTAX.Utilities.Report.failWithScreenshot(Report.java:45)
	at com.gSTAX.Utilities.Report.failWithScreenshot(Report.java:45)
	at com.gSTAX.Utilities.Report.failWithScreenshot(Report.java:45)
	at com.gSTAX.Utilities.Report.failWithScreenshot(Report.java:45)
	at com.gSTAX.Utilities.Report.failWithScreenshot(Report.java:45)
	at com.gSTAX.Utilities.Report.failWithScreenshot(Report.java:45)
	at com.gSTAX.Utilities.Report.failWithScreenshot(Report.java:45)
	at com.gSTAX.Utilities.Report.failWithScreenshot(Report.java:45)
	at com.gSTAX.Utilities.Report.failWithScreenshot(Report.java:45)
	at com.gSTAX.Utilities.Report.failWithScreenshot(Report.java:45)
	at com.gSTAX.Utilities.Report.failWithScreenshot(Report.java:45)
	at com.gSTAX.Utilities.Report.failWithScreenshot(Report.java:45)
	at com.gSTAX.Utilities.Report.failWithScreenshot(Report.java:45)
	at com.gSTAX.Utilities.Report.failWithScreenshot(Report.java:45)
	at com.gSTAX.Utilities.Report.failWithScreenshot(Report.java:45)
	at com.gSTAX.Utilities.Report.failWithScreenshot(Report.java:45)
	at com.gSTAX.Utilities.Report.failWithScreenshot(Report.java:45)
	at com.gSTAX.Utilities.Report.failWithScreenshot(Report.java:45)
	at com.gSTAX.Utilities.Report.failWithScreenshot(Report.java:45)
	at com.gSTAX.Utilities.Report.failWithScreenshot(Report.java:45)
	at com.gSTAX.Utilities.Report.failWithScreenshot(Report.java:45)
	at com.gSTAX.Utilities.Report.failWithScreenshot(Report.java:45)
	at com.gSTAX.Utilities.Report.failWithScreenshot(Report.java:45)
	at com.gSTAX.Utilities.Report.failWithScreenshot(Report.java:45)
	at com.gSTAX.Utilities.Report.failWithScreenshot(Report.java:45)
	at com.gSTAX.Utilities.Report.failWithScreenshot(Report.java:45)
	at com.gSTAX.Utilities.Report.failWithScreenshot(Report.java:45)
	at com.gSTAX.Utilities.Report.failWithScreenshot(Report.java:45)
	at com.gSTAX.Utilities.Report.failWithScreenshot(Report.java:45)
	at com.gSTAX.Utilities.Report.failWithScreenshot(Report.java:45)
	at com.gSTAX.Utilities.Report.failWithScreenshot(Report.java:45)
	at com.gSTAX.Utilities.Report.failWithScreenshot(Report.java:45)
	at com.gSTAX.Utilities.Report.failWithScreenshot(Report.java:45)
	at com.gSTAX.Utilities.Report.failWithScreenshot(Report.java:45)
	at com.gSTAX.Utilities.Report.failWithScreenshot(Report.java:45)
	at com.gSTAX.Utilities.Report.failWithScreenshot(Report.java:45)
	at com.gSTAX.Utilities.Report.failWithScreenshot(Report.java:45)
	at com.gSTAX.Utilities.Report.failWithScreenshot(Report.java:45)
	at com.gSTAX.Utilities.Report.failWithScreenshot(Report.java:45)
	at com.gSTAX.Utilities.Report.failWithScreenshot(Report.java:45)
	at com.gSTAX.Utilities.Report.failWithScreenshot(Report.java:45)
	at com.gSTAX.Utilities.Report.failWithScreenshot(Report.java:45)
	at com.gSTAX.Utilities.Report.failWithScreenshot(Report.java:45)
	at com.gSTAX.Utilities.Report.failWithScreenshot(Report.java:45)
	at com.gSTAX.Utilities.Report.failWithScreenshot(Report.java:45)
	at com.gSTAX.Utilities.Report.failWithScreenshot(Report.java:45)
	at com.gSTAX.Utilities.Report.failWithScreenshot(Report.java:45)
	at com.gSTAX.Utilities.Report.failWithScreenshot(Report.java:45)
	at com.gSTAX.Utilities.Report.failWithScreenshot(Report.java:45)
	at com.gSTAX.Utilities.Report.failWithScreenshot(Report.java:45)
	at com.gSTAX.Utilities.Report.failWithScreenshot(Report.java:45)
	at com.gSTAX.Utilities.Report.failWithScreenshot(Report.java:45)
	at com.gSTAX.Utilities.Report.failWithScreenshot(Report.java:45)
	at com.gSTAX.Utilities.Report.failWithScreenshot(Report.java:45)
	at com.gSTAX.Utilities.Report.failWithScreenshot(Report.java:45)
	at com.gSTAX.Utilities.Report.failWithScreenshot(Report.java:45)
	at com.gSTAX.Utilities.Report.failWithScreenshot(Report.java:45)
	at com.gSTAX.Utilities.Report.failWithScreenshot(Report.java:45)
	at com.gSTAX.Utilities.Report.failWithScreenshot(Report.java:45)
	at com.gSTAX.Utilities.Report.failWithScreenshot(Report.java:45)
	at com.gSTAX.Utilities.Report.failWithScreenshot(Report.java:45)
	at com.gSTAX.Utilities.Report.failWithScreenshot(Report.java:45)
	at com.gSTAX.Utilities.Report.failWithScreenshot(Report.java:45)
	at com.gSTAX.Utilities.Report.failWithScreenshot(Report.java:45)
	at com.gSTAX.Utilities.Report.failWithScreenshot(Report.java:45)
	at com.gSTAX.Utilities.Report.failWithScreenshot(Report.java:45)
	at com.gSTAX.Utilities.Report.failWithScreenshot(Report.java:45)
	at com.gSTAX.Utilities.Report.failWithScreenshot(Report.java:45)
	at com.gSTAX.Utilities.Report.failWithScreenshot(Report.java:45)
	at com.gSTAX.Utilities.Report.failWithScreenshot(Report.java:45)
	at com.gSTAX.Utilities.Report.failWithScreenshot(Report.java:45)
	at com.gSTAX.Utilities.Report.failWithScreenshot(Report.java:45)
	at com.gSTAX.Utilities.Report.failWithScreenshot(Report.java:45)
	at com.gSTAX.Utilities.Report.failWithScreenshot(Report.java:45)
	at com.gSTAX.Utilities.Report.failWithScreenshot(Report.java:45)
	at com.gSTAX.Utilities.Report.failWithScreenshot(Report.java:45)
	at com.gSTAX.Utilities.Report.failWithScreenshot(Report.java:45)
	at com.gSTAX.Utilities.Report.failWithScreenshot(Report.java:45)
	at com.gSTAX.Utilities.Report.failWithScreenshot(Report.java:45)
	at com.gSTAX.Utilities.Report.failWithScreenshot(Report.java:45)
	at com.gSTAX.Utilities.Report.failWithScreenshot(Report.java:45)
	at com.gSTAX.Utilities.Report.failWithScreenshot(Report.java:45)
	at com.gSTAX.Utilities.Report.failWithScreenshot(Report.java:45)
	at com.gSTAX.Utilities.Report.failWithScreenshot(Report.java:45)
	at com.gSTAX.Utilities.Report.failWithScreenshot(Report.java:45)
	at com.gSTAX.Utilities.Report.failWithScreenshot(Report.java:45)
	at com.gSTAX.Utilities.Report.failWithScreenshot(Report.java:45)
	at com.gSTAX.Utilities.Report.failWithScreenshot(Report.java:45)
	at com.gSTAX.Utilities.Report.failWithScreenshot(Report.java:45)
	at com.gSTAX.Utilities.Report.failWithScreenshot(Report.java:45)
	at com.gSTAX.Utilities.Report.failWithScreenshot(Report.java:45)
	at com.gSTAX.Utilities.Report.failWithScreenshot(Report.java:45)
	at com.gSTAX.Utilities.Report.failWithScreenshot(Report.java:45)
	at com.gSTAX.Utilities.Report.failWithScreenshot(Report.java:45)
	at com.gSTAX.Utilities.Report.failWithScreenshot(Report.java:45)
	at com.gSTAX.Utilities.Report.failWithScreenshot(Report.java:45)
	at com.gSTAX.Utilities.Report.failWithScreenshot(Report.java:45)
	at com.gSTAX.Utilities.Report.failWithScreenshot(Report.java:45)
	at com.gSTAX.Utilities.Report.failWithScreenshot(Report.java:45)
	at com.gSTAX.Utilities.Report.failWithScreenshot(Report.java:45)
	at com.gSTAX.Utilities.Report.failWithScreenshot(Report.java:45)
	at com.gSTAX.Utilities.Report.failWithScreenshot(Report.java:45)
	at com.gSTAX.Utilities.Report.failWithScreenshot(Report.java:45)
	at com.gSTAX.Utilities.Report.failWithScreenshot(Report.java:45)
	at com.gSTAX.Utilities.Report.failWithScreenshot(Report.java:45)
	at com.gSTAX.Utilities.Report.failWithScreenshot(Report.java:45)
	at com.gSTAX.Utilities.Report.failWithScreenshot(Report.java:45)
	at com.gSTAX.Utilities.Report.failWithScreenshot(Report.java:45)
	at com.gSTAX.Utilities.Report.failWithScreenshot(Report.java:45)
	at com.gSTAX.Utilities.Report.failWithScreenshot(Report.java:45)
	at com.gSTAX.Utilities.Report.failWithScreenshot(Report.java:45)
	at com.gSTAX.Utilities.Report.failWithScreenshot(Report.java:45)
	at com.gSTAX.Utilities.Report.failWithScreenshot(Report.java:45)
	at com.gSTAX.Utilities.Report.failWithScreenshot(Report.java:45)
	at com.gSTAX.Utilities.Report.failWithScreenshot(Report.java:45)
	at com.gSTAX.Utilities.Report.failWithScreenshot(Report.java:45)
	at com.gSTAX.Utilities.Report.failWithScreenshot(Report.java:45)
	at com.gSTAX.Utilities.Report.failWithScreenshot(Report.java:45)
	at com.gSTAX.Utilities.Report.failWithScreenshot(Report.java:45)
	at com.gSTAX.Utilities.Report.failWithScreenshot(Report.java:45)
	at com.gSTAX.Utilities.Report.failWithScreenshot(Report.java:45)
	at com.gSTAX.Utilities.Report.failWithScreenshot(Report.java:45)
	at com.gSTAX.Utilities.Report.failWithScreenshot(Report.java:45)
	at com.gSTAX.Utilities.Report.failWithScreenshot(Report.java:45)
	at com.gSTAX.Utilities.Report.failWithScreenshot(Report.java:45)
	at com.gSTAX.Utilities.Report.failWithScreenshot(Report.java:45)
	at com.gSTAX.Utilities.Report.failWithScreenshot(Report.java:45)
	at com.gSTAX.Utilities.Report.failWithScreenshot(Report.java:45)
	at com.gSTAX.Utilities.Report.failWithScreenshot(Report.java:45)
	at com.gSTAX.Utilities.Report.failWithScreenshot(Report.java:45)
	at com.gSTAX.Utilities.Report.failWithScreenshot(Report.java:45)
	at com.gSTAX.Utilities.Report.failWithScreenshot(Report.java:45)
	at com.gSTAX.Utilities.Report.failWithScreenshot(Report.java:45)
	at com.gSTAX.Utilities.Report.failWithScreenshot(Report.java:45)
	at com.gSTAX.Utilities.Report.failWithScreenshot(Report.java:45)
	at com.gSTAX.Utilities.Report.failWithScreenshot(Report.java:45)
	at com.gSTAX.Utilities.Report.failWithScreenshot(Report.java:45)
	at com.gSTAX.Utilities.Report.failWithScreenshot(Report.java:45)
	at com.gSTAX.Utilities.Report.failWithScreenshot(Report.java:45)
	at com.gSTAX.Utilities.Report.failWithScreenshot(Report.java:45)
	at com.gSTAX.Utilities.Report.failWithScreenshot(Report.java:45)
	at com.gSTAX.Utilities.Report.failWithScreenshot(Report.java:45)
	at com.gSTAX.Utilities.Report.failWithScreenshot(Report.java:45)
	at com.gSTAX.Utilities.Report.failWithScreenshot(Report.java:45)
	at com.gSTAX.Utilities.Report.failWithScreenshot(Report.java:45)
	at com.gSTAX.Utilities.Report.failWithScreenshot(Report.java:45)
	at com.gSTAX.Utilities.Report.failWithScreenshot(Report.java:45)
	at com.gSTAX.Utilities.Report.failWithScreenshot(Report.java:45)
	at com.gSTAX.Utilities.Report.failWithScreenshot(Report.java:45)
	at com.gSTAX.Utilities.Report.failWithScreenshot(Report.java:45)
	at com.gSTAX.Utilities.Report.failWithScreenshot(Report.java:45)
	at com.gSTAX.Utilities.Report.failWithScreenshot(Report.java:45)
	at com.gSTAX.Utilities.Report.failWithScreenshot(Report.java:45)
	at com.gSTAX.Utilities.Report.failWithScreenshot(Report.java:45)
	at com.gSTAX.Utilities.Report.failWithScreenshot(Report.java:45)
	at com.gSTAX.Utilities.Report.failWithScreenshot(Report.java:45)
	at com.gSTAX.Utilities.Report.failWithScreenshot(Report.java:45)
	at com.gSTAX.Utilities.Report.failWithScreenshot(Report.java:45)
	at com.gSTAX.Utilities.Report.failWithScreenshot(Report.java:45)
	at com.gSTAX.Utilities.Report.failWithScreenshot(Report.java:45)
	at com.gSTAX.Utilities.Report.failWithScreenshot(Report.java:45)
	at com.gSTAX.Utilities.Report.failWithScreenshot(Report.java:45)
	at com.gSTAX.Utilities.Report.failWithScreenshot(Report.java:45)
	at com.gSTAX.Utilities.Report.failWithScreenshot(Report.java:45)
	at com.gSTAX.Utilities.Report.failWithScreenshot(Report.java:45)
	at com.gSTAX.Utilities.Report.failWithScreenshot(Report.java:45)
	at com.gSTAX.Utilities.Report.failWithScreenshot(Report.java:45)
	at com.gSTAX.Utilities.Report.failWithScreenshot(Report.java:45)
	at com.gSTAX.Utilities.Report.failWithScreenshot(Report.java:45)
	at com.gSTAX.Utilities.Report.failWithScreenshot(Report.java:45)
	at com.gSTAX.Utilities.Report.failWithScreenshot(Report.java:45)
	at com.gSTAX.Utilities.Report.failWithScreenshot(Report.java:45)
	at com.gSTAX.Utilities.Report.failWithScreenshot(Report.java:45)
	at com.gSTAX.Utilities.Report.failWithScreenshot(Report.java:45)
	at com.gSTAX.Utilities.Report.failWithScreenshot(Report.java:45)
	at com.gSTAX.Utilities.Report.failWithScreenshot(Report.java:45)
	at com.gSTAX.Utilities.Report.failWithScreenshot(Report.java:45)
	at com.gSTAX.Utilities.Report.failWithScreenshot(Report.java:45)
	at com.gSTAX.Utilities.Report.failWithScreenshot(Report.java:45)
	at com.gSTAX.Utilities.Report.failWithScreenshot(Report.java:45)
	at com.gSTAX.Utilities.Report.failWithScreenshot(Report.java:45)
	at com.gSTAX.Utilities.Report.failWithScreenshot(Report.java:45)
	at com.gSTAX.Utilities.Report.failWithScreenshot(Report.java:45)
	at com.gSTAX.Utilities.Report.failWithScreenshot(Report.java:45)
	at com.gSTAX.Utilities.Report.failWithScreenshot(Report.java:45)
	at com.gSTAX.Utilities.Report.failWithScreenshot(Report.java:45)
	at com.gSTAX.Utilities.Report.failWithScreenshot(Report.java:45)
	at com.gSTAX.Utilities.Report.failWithScreenshot(Report.java:45)
	at com.gSTAX.Utilities.Report.failWithScreenshot(Report.java:45)
	at com.gSTAX.Utilities.Report.failWithScreenshot(Report.java:45)
	at com.gSTAX.Utilities.Report.failWithScreenshot(Report.java:45)
	at com.gSTAX.Utilities.Report.failWithScreenshot(Report.java:45)
	at com.gSTAX.Utilities.Report.failWithScreenshot(Report.java:45)
	at com.gSTAX.Utilities.Report.failWithScreenshot(Report.java:45)
	at com.gSTAX.Utilities.Report.failWithScreenshot(Report.java:45)
	at com.gSTAX.Utilities.Report.failWithScreenshot(Report.java:45)
	at com.gSTAX.Utilities.Report.failWithScreenshot(Report.java:45)
	at com.gSTAX.Utilities.Report.failWithScreenshot(Report.java:45)
	at com.gSTAX.Utilities.Report.failWithScreenshot(Report.java:45)
	at com.gSTAX.Utilities.Report.failWithScreenshot(Report.java:45)
	at com.gSTAX.Utilities.Report.failWithScreenshot(Report.java:45)
	at com.gSTAX.Utilities.Report.failWithScreenshot(Report.java:45)
	at com.gSTAX.Utilities.Report.failWithScreenshot(Report.java:45)
	at com.gSTAX.Utilities.Report.failWithScreenshot(Report.java:45)
	at com.gSTAX.Utilities.Report.failWithScreenshot(Report.java:45)
	at com.gSTAX.Utilities.Report.failWithScreenshot(Report.java:45)
	at com.gSTAX.Utilities.Report.failWithScreenshot(Report.java:45)
	at com.gSTAX.Utilities.Report.failWithScreenshot(Report.java:45)
	at com.gSTAX.Utilities.Report.failWithScreenshot(Report.java:45)
	at com.gSTAX.Utilities.Report.failWithScreenshot(Report.java:45)
	at com.gSTAX.Utilities.Report.failWithScreenshot(Report.java:45)
	at com.gSTAX.Utilities.Report.failWithScreenshot(Report.java:45)
	at com.gSTAX.Utilities.Report.failWithScreenshot(Report.java:45)
	at com.gSTAX.Utilities.Report.failWithScreenshot(Report.java:45)
	at com.gSTAX.Utilities.Report.failWithScreenshot(Report.java:45)
	at com.gSTAX.Utilities.Report.failWithScreenshot(Report.java:45)
	at com.gSTAX.Utilities.Report.failWithScreenshot(Report.java:45)
	at com.gSTAX.Utilities.Report.failWithScreenshot(Report.java:45)
	at com.gSTAX.Utilities.Report.failWithScreenshot(Report.java:45)
	at com.gSTAX.Utilities.Report.failWithScreenshot(Report.java:45)
	at com.gSTAX.Utilities.Report.failWithScreenshot(Report.java:45)
	at com.gSTAX.Utilities.Report.failWithScreenshot(Report.java:45)
	at com.gSTAX.Utilities.Report.failWithScreenshot(Report.java:45)
	at com.gSTAX.Utilities.Report.failWithScreenshot(Report.java:45)
	at com.gSTAX.Utilities.Report.failWithScreenshot(Report.java:45)
	at com.gSTAX.Utilities.Report.failWithScreenshot(Report.java:45)
	at com.gSTAX.Utilities.Report.failWithScreenshot(Report.java:45)
	at com.gSTAX.Utilities.Report.failWithScreenshot(Report.java:45)
	at com.gSTAX.Utilities.Report.failWithScreenshot(Report.java:45)
	at com.gSTAX.Utilities.Report.failWithScreenshot(Report.java:45)
	at com.gSTAX.Utilities.Report.failWithScreenshot(Report.java:45)
	at com.gSTAX.Utilities.Report.failWithScreenshot(Report.java:45)
	at com.gSTAX.Utilities.Report.failWithScreenshot(Report.java:45)
	at com.gSTAX.Utilities.Report.failWithScreenshot(Report.java:45)
	at com.gSTAX.Utilities.Report.failWithScreenshot(Report.java:45)
	at com.gSTAX.Utilities.Report.failWithScreenshot(Report.java:45)
	at com.gSTAX.Utilities.Report.failWithScreenshot(Report.java:45)
	at com.gSTAX.Utilities.Report.failWithScreenshot(Report.java:45)
	at com.gSTAX.Utilities.Report.failWithScreenshot(Report.java:45)
	at com.gSTAX.Utilities.Report.failWithScreenshot(Report.java:45)
	at com.gSTAX.Utilities.Report.failWithScreenshot(Report.java:45)
	at com.gSTAX.Utilities.Report.failWithScreenshot(Report.java:45)
	at com.gSTAX.Utilities.Report.failWithScreenshot(Report.java:45)
	at com.gSTAX.Utilities.Report.failWithScreenshot(Report.java:45)
	at com.gSTAX.Utilities.Report.failWithScreenshot(Report.java:45)
	at com.gSTAX.Utilities.Report.failWithScreenshot(Report.java:45)
	at com.gSTAX.Utilities.Report.failWithScreenshot(Report.java:45)
	at com.gSTAX.Utilities.Report.failWithScreenshot(Report.java:45)
	at com.gSTAX.Utilities.Report.failWithScreenshot(Report.java:45)
	at com.gSTAX.Utilities.Report.failWithScreenshot(Report.java:45)
	at com.gSTAX.Utilities.Report.failWithScreenshot(Report.java:45)
	at com.gSTAX.Utilities.Report.failWithScreenshot(Report.java:45)
	at com.gSTAX.Utilities.Report.failWithScreenshot(Report.java:45)
	at com.gSTAX.Utilities.Report.failWithScreenshot(Report.java:45)
	at com.gSTAX.Utilities.Report.failWithScreenshot(Report.java:45)
	at com.gSTAX.Utilities.Report.failWithScreenshot(Report.java:45)
	at com.gSTAX.Utilities.Report.failWithScreenshot(Report.java:45)
	at com.gSTAX.Utilities.Report.failWithScreenshot(Report.java:45)
	at com.gSTAX.Utilities.Report.failWithScreenshot(Report.java:45)
	at com.gSTAX.Utilities.Report.failWithScreenshot(Report.java:45)
	at com.gSTAX.Utilities.Report.failWithScreenshot(Report.java:45)
	at com.gSTAX.Utilities.Report.failWithScreenshot(Report.java:45)
	at com.gSTAX.Utilities.Report.failWithScreenshot(Report.java:45)
	at com.gSTAX.Utilities.Report.failWithScreenshot(Report.java:45)
	at com.gSTAX.Utilities.Report.failWithScreenshot(Report.java:45)
	at com.gSTAX.Utilities.Report.failWithScreenshot(Report.java:45)
	at com.gSTAX.Utilities.Report.failWithScreenshot(Report.java:45)
	at com.gSTAX.Utilities.Report.failWithScreenshot(Report.java:45)
	at com.gSTAX.Utilities.Report.failWithScreenshot(Report.java:45)
	at com.gSTAX.Utilities.Report.failWithScreenshot(Report.java:45)
	at com.gSTAX.Utilities.Report.failWithScreenshot(Report.java:45)
	at com.gSTAX.Utilities.Report.failWithScreenshot(Report.java:45)
	at com.gSTAX.Utilities.Report.failWithScreenshot(Report.java:45)
	at com.gSTAX.Utilities.Report.failWithScreenshot(Report.java:45)
	at com.gSTAX.Utilities.Report.failWithScreenshot(Report.java:45)
	at com.gSTAX.Utilities.Report.failWithScreenshot(Report.java:45)
	at com.gSTAX.Utilities.Report.failWithScreenshot(Report.java:45)
	at com.gSTAX.Utilities.Report.failWithScreenshot(Report.java:45)
	at com.gSTAX.Utilities.Report.failWithScreenshot(Report.java:45)
	at com.gSTAX.Utilities.Report.failWithScreenshot(Report.java:45)
	at com.gSTAX.Utilities.Report.failWithScreenshot(Report.java:45)
	at com.gSTAX.Utilities.Report.failWithScreenshot(Report.java:45)
	at com.gSTAX.Utilities.Report.failWithScreenshot(Report.java:45)
	at com.gSTAX.Utilities.Report.failWithScreenshot(Report.java:45)
	at com.gSTAX.Utilities.Report.failWithScreenshot(Report.java:45)
	at com.gSTAX.Utilities.Report.failWithScreenshot(Report.java:45)
	at com.gSTAX.Utilities.Report.failWithScreenshot(Report.java:45)
	at com.gSTAX.Utilities.Report.failWithScreenshot(Report.java:45)
	at com.gSTAX.Utilities.Report.failWithScreenshot(Report.java:45)
	at com.gSTAX.Utilities.Report.failWithScreenshot(Report.java:45)
	at com.gSTAX.Utilities.Report.failWithScreenshot(Report.java:45)
	at com.gSTAX.Utilities.Report.failWithScreenshot(Report.java:45)
	at com.gSTAX.Utilities.Report.failWithScreenshot(Report.java:45)
	at com.gSTAX.Utilities.Report.failWithScreenshot(Report.java:45)
	at com.gSTAX.Utilities.Report.failWithScreenshot(Report.java:45)
	at com.gSTAX.Utilities.Report.failWithScreenshot(Report.java:45)
	at com.gSTAX.Utilities.Report.failWithScreenshot(Report.java:45)
	at com.gSTAX.Utilities.Report.failWithScreenshot(Report.java:45)
	at com.gSTAX.Utilities.Report.failWithScreenshot(Report.java:45)
	at com.gSTAX.Utilities.Report.failWithScreenshot(Report.java:45)
	at com.gSTAX.Utilities.Report.failWithScreenshot(Report.java:45)
	at com.gSTAX.Utilities.Report.failWithScreenshot(Report.java:45)
	at com.gSTAX.Utilities.Report.failWithScreenshot(Report.java:45)
	at com.gSTAX.Utilities.Report.failWithScreenshot(Report.java:45)
	at com.gSTAX.Utilities.Report.failWithScreenshot(Report.java:45)
	at com.gSTAX.Utilities.Report.failWithScreenshot(Report.java:45)
	at com.gSTAX.Utilities.Report.failWithScreenshot(Report.java:45)
	at com.gSTAX.Utilities.Report.failWithScreenshot(Report.java:45)
	at com.gSTAX.Utilities.Report.failWithScreenshot(Report.java:45)
	at com.gSTAX.Utilities.Report.failWithScreenshot(Report.java:45)
	at com.gSTAX.Utilities.Report.failWithScreenshot(Report.java:45)
	at com.gSTAX.Utilities.Report.failWithScreenshot(Report.java:45)
	at com.gSTAX.Utilities.Report.failWithScreenshot(Report.java:45)
	at com.gSTAX.Utilities.Report.failWithScreenshot(Report.java:45)
	at com.gSTAX.Utilities.Report.failWithScreenshot(Report.java:45)
	at com.gSTAX.Utilities.Report.failWithScreenshot(Report.java:45)
	at com.gSTAX.Utilities.Report.failWithScreenshot(Report.java:45)
	at com.gSTAX.Utilities.Report.failWithScreenshot(Report.java:45)
	at com.gSTAX.Utilities.Report.failWithScreenshot(Report.java:45)
	at com.gSTAX.Utilities.Report.failWithScreenshot(Report.java:45)
	at com.gSTAX.Utilities.Report.failWithScreenshot(Report.java:45)
	at com.gSTAX.Utilities.Report.failWithScreenshot(Report.java:45)
	at com.gSTAX.Utilities.Report.failWithScreenshot(Report.java:45)
	at com.gSTAX.Utilities.Report.failWithScreenshot(Report.java:45)
	at com.gSTAX.Utilities.Report.failWithScreenshot(Report.java:45)
	at com.gSTAX.Utilities.Report.failWithScreenshot(Report.java:45)
	at com.gSTAX.Utilities.Report.failWithScreenshot(Report.java:45)
	at com.gSTAX.Utilities.Report.failWithScreenshot(Report.java:45)
	at com.gSTAX.Utilities.Report.failWithScreenshot(Report.java:45)
	at com.gSTAX.Utilities.Report.failWithScreenshot(Report.java:45)
	at com.gSTAX.Utilities.Report.failWithScreenshot(Report.java:45)
	at com.gSTAX.Utilities.Report.failWithScreenshot(Report.java:45)
	at com.gSTAX.Utilities.Report.failWithScreenshot(Report.java:45)
	at com.gSTAX.Utilities.Report.failWithScreenshot(Report.java:45)
	at com.gSTAX.Utilities.Report.failWithScreenshot(Report.java:45)
	at com.gSTAX.Utilities.Report.failWithScreenshot(Report.java:45)
	at com.gSTAX.Utilities.Report.failWithScreenshot(Report.java:45)
	at com.gSTAX.Utilities.Report.failWithScreenshot(Report.java:45)
	at com.gSTAX.Utilities.Report.failWithScreenshot(Report.java:45)
	at com.gSTAX.Utilities.Report.failWithScreenshot(Report.java:45)
	at com.gSTAX.Utilities.Report.failWithScreenshot(Report.java:45)
	at com.gSTAX.Utilities.Report.failWithScreenshot(Report.java:45)
	at com.gSTAX.Utilities.Report.failWithScreenshot(Report.java:45)
	at com.gSTAX.Utilities.Report.failWithScreenshot(Report.java:45)
	at com.gSTAX.Utilities.Report.failWithScreenshot(Report.java:45)
	at com.gSTAX.Utilities.Report.failWithScreenshot(Report.java:45)
	at com.gSTAX.Utilities.Report.failWithScreenshot(Report.java:45)
	at com.gSTAX.Utilities.Report.failWithScreenshot(Report.java:45)
	at com.gSTAX.Utilities.Report.failWithScreenshot(Report.java:45)
	at com.gSTAX.Utilities.Report.failWithScreenshot(Report.java:45)
	at com.gSTAX.Utilities.Report.failWithScreenshot(Report.java:45)
	at com.gSTAX.Utilities.Report.failWithScreenshot(Report.java:45)
	at com.gSTAX.Utilities.Report.failWithScreenshot(Report.java:45)
	at com.gSTAX.Utilities.Report.failWithScreenshot(Report.java:45)
	at com.gSTAX.Utilities.Report.failWithScreenshot(Report.java:45)
	at com.gSTAX.Utilities.Report.failWithScreenshot(Report.java:45)
	at com.gSTAX.Utilities.Report.failWithScreenshot(Report.java:45)
	at com.gSTAX.Utilities.Report.failWithScreenshot(Report.java:45)
	at com.gSTAX.Utilities.Report.failWithScreenshot(Report.java:45)
	at com.gSTAX.Utilities.Report.failWithScreenshot(Report.java:45)
	at com.gSTAX.Utilities.Report.failWithScreenshot(Report.java:45)
	at com.gSTAX.Utilities.Report.failWithScreenshot(Report.java:45)
	at com.gSTAX.Utilities.Report.failWithScreenshot(Report.java:45)
	at com.gSTAX.Utilities.Report.failWithScreenshot(Report.java:45)
	at com.gSTAX.Utilities.Report.failWithScreenshot(Report.java:45)
	at com.gSTAX.Utilities.Report.failWithScreenshot(Report.java:45)
	at com.gSTAX.Utilities.Report.failWithScreenshot(Report.java:45)
	at com.gSTAX.Utilities.Report.failWithScreenshot(Report.java:45)
	at com.gSTAX.Utilities.Report.failWithScreenshot(Report.java:45)
	at com.gSTAX.Utilities.Report.failWithScreenshot(Report.java:45)
	at com.gSTAX.Utilities.Report.failWithScreenshot(Report.java:45)
	at com.gSTAX.Utilities.Report.failWithScreenshot(Report.java:45)
	at com.gSTAX.Utilities.Report.failWithScreenshot(Report.java:45)
	at com.gSTAX.Utilities.Report.failWithScreenshot(Report.java:45)
	at com.gSTAX.Utilities.Report.failWithScreenshot(Report.java:45)
	at com.gSTAX.Utilities.Report.failWithScreenshot(Report.java:45)
	at com.gSTAX.Utilities.Report.failWithScreenshot(Report.java:45)
	at com.gSTAX.Utilities.Report.failWithScreenshot(Report.java:45)
	at com.gSTAX.Utilities.Report.failWithScreenshot(Report.java:45)
	at com.gSTAX.Utilities.Report.failWithScreenshot(Report.java:45)
	at com.gSTAX.Utilities.Report.failWithScreenshot(Report.java:45)
	at com.gSTAX.Utilities.Report.failWithScreenshot(Report.java:45)
	at com.gSTAX.Utilities.Report.failWithScreenshot(Report.java:45)
	at com.gSTAX.Utilities.Report.failWithScreenshot(Report.java:45)
	at com.gSTAX.Utilities.Report.failWithScreenshot(Report.java:45)
	at com.gSTAX.Utilities.Report.failWithScreenshot(Report.java:45)
	at com.gSTAX.Utilities.Report.failWithScreenshot(Report.java:45)
	at com.gSTAX.Utilities.Report.failWithScreenshot(Report.java:45)
	at com.gSTAX.Utilities.Report.failWithScreenshot(Report.java:45)
	at com.gSTAX.Utilities.Report.failWithScreenshot(Report.java:45)
	at com.gSTAX.Utilities.Report.failWithScreenshot(Report.java:45)
	at com.gSTAX.Utilities.Report.failWithScreenshot(Report.java:45)
	at com.gSTAX.Utilities.Report.failWithScreenshot(Report.java:45)
	at com.gSTAX.Utilities.Report.failWithScreenshot(Report.java:45)
	at com.gSTAX.Utilities.Report.failWithScreenshot(Report.java:45)
	at com.gSTAX.Utilities.Report.failWithScreenshot(Report.java:45)
	at com.gSTAX.Utilities.Report.failWithScreenshot(Report.java:45)
	at com.gSTAX.Utilities.Report.failWithScreenshot(Report.java:45)
	at com.gSTAX.Utilities.Report.failWithScreenshot(Report.java:45)
	at com.gSTAX.Utilities.Report.failWithScreenshot(Report.java:45)
	at com.gSTAX.Utilities.Report.failWithScreenshot(Report.java:45)
	at com.gSTAX.Utilities.Report.failWithScreenshot(Report.java:45)
	at com.gSTAX.Utilities.Report.failWithScreenshot(Report.java:45)
	at com.gSTAX.Utilities.Report.failWithScreenshot(Report.java:45)
	at com.gSTAX.Utilities.Report.failWithScreenshot(Report.java:45)
	at com.gSTAX.Utilities.Report.failWithScreenshot(Report.java:45)
	at com.gSTAX.Utilities.Report.failWithScreenshot(Report.java:45)
	at com.gSTAX.Utilities.Report.failWithScreenshot(Report.java:45)
	at com.gSTAX.Utilities.Report.failWithScreenshot(Report.java:45)
	at com.gSTAX.Utilities.Report.failWithScreenshot(Report.java:45)
	at com.gSTAX.Utilities.Report.failWithScreenshot(Report.java:45)
	at com.gSTAX.Utilities.Report.failWithScreenshot(Report.java:45)
	at com.gSTAX.Utilities.Report.failWithScreenshot(Report.java:45)
	at com.gSTAX.Utilities.Report.failWithScreenshot(Report.java:45)
	at com.gSTAX.Utilities.Report.failWithScreenshot(Report.java:45)
	at com.gSTAX.Utilities.Report.failWithScreenshot(Report.java:45)
	at com.gSTAX.Utilities.Report.failWithScreenshot(Report.java:45)
	at com.gSTAX.Utilities.Report.failWithScreenshot(Report.java:45)
	at com.gSTAX.Utilities.Report.failWithScreenshot(Report.java:45)
	at com.gSTAX.Utilities.Report.failWithScreenshot(Report.java:45)
	at com.gSTAX.Utilities.Report.failWithScreenshot(Report.java:45)
	at com.gSTAX.Utilities.Report.failWithScreenshot(Report.java:45)
	at com.gSTAX.Utilities.Report.failWithScreenshot(Report.java:45)
	at com.gSTAX.Utilities.Report.failWithScreenshot(Report.java:45)
	at com.gSTAX.Utilities.Report.failWithScreenshot(Report.java:45)
	at com.gSTAX.Utilities.Report.failWithScreenshot(Report.java:45)
	at com.gSTAX.Utilities.Report.failWithScreenshot(Report.java:45)
	at com.gSTAX.Utilities.Report.failWithScreenshot(Report.java:45)
	at com.gSTAX.Utilities.Report.failWithScreenshot(Report.java:45)
	at com.gSTAX.Utilities.Report.failWithScreenshot(Report.java:45)
	at com.gSTAX.Utilities.Report.failWithScreenshot(Report.java:45)
	at com.gSTAX.Utilities.Report.failWithScreenshot(Report.java:45)
	at com.gSTAX.Utilities.Report.failWithScreenshot(Report.java:45)
	at com.gSTAX.Utilities.Report.failWithScreenshot(Report.java:45)
	at com.gSTAX.Utilities.Report.failWithScreenshot(Report.java:45)
	at com.gSTAX.Utilities.Report.failWithScreenshot(Report.java:45)
	at com.gSTAX.Utilities.Report.failWithScreenshot(Report.java:45)
	at com.gSTAX.Utilities.Report.failWithScreenshot(Report.java:45)
	at com.gSTAX.Utilities.Report.failWithScreenshot(Report.java:45)
	at com.gSTAX.Utilities.Report.failWithScreenshot(Report.java:45)
	at com.gSTAX.Utilities.Report.failWithScreenshot(Report.java:45)
	at com.gSTAX.Utilities.Report.failWithScreenshot(Report.java:45)
	at com.gSTAX.Utilities.Report.failWithScreenshot(Report.java:45)
	at com.gSTAX.Utilities.Report.failWithScreenshot(Report.java:45)
	at com.gSTAX.Utilities.Report.failWithScreenshot(Report.java:45)
	at com.gSTAX.Utilities.Report.failWithScreenshot(Report.java:45)
	at com.gSTAX.Utilities.Report.failWithScreenshot(Report.java:45)
	at com.gSTAX.Utilities.Report.failWithScreenshot(Report.java:45)
	at com.gSTAX.Utilities.Report.failWithScreenshot(Report.java:45)
	at com.gSTAX.Utilities.Report.failWithScreenshot(Report.java:45)
	at com.gSTAX.Utilities.Report.failWithScreenshot(Report.java:45)
	at com.gSTAX.Utilities.Report.failWithScreenshot(Report.java:45)
	at com.gSTAX.Utilities.Report.failWithScreenshot(Report.java:45)
	at com.gSTAX.Utilities.Report.failWithScreenshot(Report.java:45)
	at com.gSTAX.Utilities.Report.failWithScreenshot(Report.java:45)
	at com.gSTAX.Utilities.Report.failWithScreenshot(Report.java:45)
	at com.gSTAX.Utilities.Report.failWithScreenshot(Report.java:45)
	at com.gSTAX.Utilities.Report.failWithScreenshot(Report.java:45)
	at com.gSTAX.Utilities.Report.failWithScreenshot(Report.java:45)
	at com.gSTAX.Utilities.Report.failWithScreenshot(Report.java:45)
	at com.gSTAX.Utilities.Report.failWithScreenshot(Report.java:45)
	at com.gSTAX.Utilities.Report.failWithScreenshot(Report.java:45)
	at com.gSTAX.Utilities.Report.failWithScreenshot(Report.java:45)
	at com.gSTAX.Utilities.Report.failWithScreenshot(Report.java:45)
	at com.gSTAX.Utilities.Report.failWithScreenshot(Report.java:45)
	at com.gSTAX.Utilities.Report.failWithScreenshot(Report.java:45)
	at com.gSTAX.Utilities.Report.failWithScreenshot(Report.java:45)
	at com.gSTAX.Utilities.Report.failWithScreenshot(Report.java:45)
	at com.gSTAX.Utilities.Report.failWithScreenshot(Report.java:45)
	at com.gSTAX.Utilities.Report.failWithScreenshot(Report.java:45)
	at com.gSTAX.Utilities.Report.failWithScreenshot(Report.java:45)
	at com.gSTAX.Utilities.Report.failWithScreenshot(Report.java:45)
	at com.gSTAX.Utilities.Report.failWithScreenshot(Report.java:45)
	at com.gSTAX.Utilities.Report.failWithScreenshot(Report.java:45)
	at com.gSTAX.Utilities.Report.failWithScreenshot(Report.java:45)
	at com.gSTAX.Utilities.Report.failWithScreenshot(Report.java:45)
	at com.gSTAX.Utilities.Report.failWithScreenshot(Report.java:45)
	at com.gSTAX.Utilities.Report.failWithScreenshot(Report.java:45)
	at com.gSTAX.Utilities.Report.failWithScreenshot(Report.java:45)
	at com.gSTAX.Utilities.Report.failWithScreenshot(Report.java:45)
	at com.gSTAX.Utilities.Report.failWithScreenshot(Report.java:45)
	at com.gSTAX.Utilities.Report.failWithScreenshot(Report.java:45)
	at com.gSTAX.Utilities.Report.failWithScreenshot(Report.java:45)
	at com.gSTAX.Utilities.Report.failWithScreenshot(Report.java:45)
	at com.gSTAX.Utilities.Report.failWithScreenshot(Report.java:45)
	at com.gSTAX.Utilities.Report.failWithScreenshot(Report.java:45)
	at com.gSTAX.Utilities.Report.failWithScreenshot(Report.java:45)
	at com.gSTAX.Utilities.Report.failWithScreenshot(Report.java:45)
	at com.gSTAX.Utilities.Report.failWithScreenshot(Report.java:45)
	at com.gSTAX.Utilities.Report.failWithScreenshot(Report.java:45)
	at com.gSTAX.Utilities.Report.failWithScreenshot(Report.java:45)
	at com.gSTAX.Utilities.Report.failWithScreenshot(Report.java:45)
	at com.gSTAX.Utilities.Report.failWithScreenshot(Report.java:45)
	at com.gSTAX.Utilities.Report.failWithScreenshot(Report.java:45)
	at com.gSTAX.Utilities.Report.failWithScreenshot(Report.java:45)
	at com.gSTAX.Utilities.Report.failWithScreenshot(Report.java:45)
	at com.gSTAX.Utilities.Report.failWithScreenshot(Report.java:45)
	at com.gSTAX.Utilities.Report.failWithScreenshot(Report.java:45)
	at com.gSTAX.Utilities.Report.failWithScreenshot(Report.java:45)
	at com.gSTAX.Utilities.Report.failWithScreenshot(Report.java:45)
	at com.gSTAX.Utilities.Report.failWithScreenshot(Report.java:45)
	at com.gSTAX.Utilities.Report.failWithScreenshot(Report.java:45)
	at com.gSTAX.Utilities.Report.failWithScreenshot(Report.java:45)
	at com.gSTAX.Utilities.Report.failWithScreenshot(Report.java:45)
	at com.gSTAX.Utilities.Report.failWithScreenshot(Report.java:45)
	at com.gSTAX.Utilities.Report.failWithScreenshot(Report.java:45)
	at com.gSTAX.Utilities.Report.failWithScreenshot(Report.java:45)
	at com.gSTAX.Utilities.Report.failWithScreenshot(Report.java:45)
	at com.gSTAX.Utilities.Report.failWithScreenshot(Report.java:45)
	at com.gSTAX.Utilities.Report.failWithScreenshot(Report.java:45)
	at com.gSTAX.Utilities.Report.failWithScreenshot(Report.java:45)
	at com.gSTAX.Utilities.Report.failWithScreenshot(Report.java:45)
	at com.gSTAX.Utilities.Report.failWithScreenshot(Report.java:45)
	at com.gSTAX.Utilities.Report.failWithScreenshot(Report.java:45)
	at com.gSTAX.Utilities.Report.failWithScreenshot(Report.java:45)
	at com.gSTAX.Utilities.Report.failWithScreenshot(Report.java:45)
	at com.gSTAX.Utilities.Report.failWithScreenshot(Report.java:45)
	at com.gSTAX.Utilities.Report.failWithScreenshot(Report.java:45)
	at com.gSTAX.Utilities.Report.failWithScreenshot(Report.java:45)
	at com.gSTAX.Utilities.Report.failWithScreenshot(Report.java:45)
	at com.gSTAX.Utilities.Report.failWithScreenshot(Report.java:45)
	at com.gSTAX.Utilities.Report.failWithScreenshot(Report.java:45)
	at com.gSTAX.Utilities.Report.failWithScreenshot(Report.java:45)
	at com.gSTAX.Utilities.Report.failWithScreenshot(Report.java:45)
	at com.gSTAX.Utilities.Report.failWithScreenshot(Report.java:45)
	at com.gSTAX.Utilities.Report.failWithScreenshot(Report.java:45)
	at com.gSTAX.Utilities.Report.failWithScreenshot(Report.java:45)
	at com.gSTAX.Utilities.Report.failWithScreenshot(Report.java:45)
	at com.gSTAX.Utilities.Report.failWithScreenshot(Report.java:45)
	at com.gSTAX.Utilities.Report.failWithScreenshot(Report.java:45)
	at com.gSTAX.Utilities.Report.failWithScreenshot(Report.java:45)
	at com.gSTAX.Utilities.Report.failWithScreenshot(Report.java:45)
	at com.gSTAX.Utilities.Report.failWithScreenshot(Report.java:45)
	at com.gSTAX.Utilities.Report.failWithScreenshot(Report.java:45)
	at com.gSTAX.Utilities.Report.failWithScreenshot(Report.java:45)
]]>
    </failure>
  </testcase> <!-- AmazonTest -->
</testsuite> <!-- TC_5 -->
