<?xml version="1.0" encoding="UTF-8"?>
<testng-results skipped="0" failed="0" total="1" passed="1">
  <reporter-output>
  </reporter-output>
  <suite name="Suite" duration-ms="50975" started-at="2020-11-04T19:36:14Z" finished-at="2020-11-04T19:37:05Z">
    <groups>
    </groups>
    <test name="Test" duration-ms="50975" started-at="2020-11-04T19:36:14Z" finished-at="2020-11-04T19:37:05Z">
      <class name="com.gSTAX.Setup.CreateXML">
        <test-method status="PASS" signature="runTestNGTest()[pri:0, instance:com.gSTAX.Setup.CreateXML@27f674d]" name="runTestNGTest" duration-ms="50955" started-at="2020-11-05T01:06:14Z" finished-at="2020-11-05T01:07:05Z">
          <reporter-output>
          </reporter-output>
        </test-method> <!-- runTestNGTest -->
      </class> <!-- com.gSTAX.Setup.CreateXML -->
    </test> <!-- Test -->
  </suite> <!-- Suite -->
</testng-results>
