<?xml version="1.0" encoding="UTF-8"?>
<!-- Generated by org.testng.reporters.JUnitReportReporter -->
<testsuite hostname="GEORGE" name="com.gSTAX.Tests.Website" tests="3" failures="0" timestamp="4 Nov 2020 19:37:05 GMT" time="13.954" errors="3">
  <testcase name="AmazonTest" time="3.273" classname="com.gSTAX.Tests.Website">
    <error type="java.lang.StackOverflowError">
      <![CDATA[java.lang.StackOverflowError
	at com.gSTAX.Utilities.Report.failWithScreenshot(Report.java:45)
	at com.gSTAX.Utilities.Report.failWithScreenshot(Report.java:45)
	at com.gSTAX.Utilities.Report.failWithScreenshot(Report.java:45)
	at com.gSTAX.Utilities.Report.failWithScreenshot(Report.java:45)
	at com.gSTAX.Utilities.Report.failWithScreenshot(Report.java:45)
	at com.gSTAX.Utilities.Report.failWithScreenshot(Report.java:45)
	at com.gSTAX.Utilities.Report.failWithScreenshot(Report.java:45)
	at com.gSTAX.Utilities.Report.failWithScreenshot(Report.java:45)
	at com.gSTAX.Utilities.Report.failWithScreenshot(Report.java:45)
	at com.gSTAX.Utilities.Report.failWithScreenshot(Report.java:45)
	at com.gSTAX.Utilities.Report.failWithScreenshot(Report.java:45)
	at com.gSTAX.Utilities.Report.failWithScreenshot(Report.java:45)
	at com.gSTAX.Utilities.Report.failWithScreenshot(Report.java:45)
	at com.gSTAX.Utilities.Report.failWithScreenshot(Report.java:45)
	at com.gSTAX.Utilities.Report.failWithScreenshot(Report.java:45)
	at com.gSTAX.Utilities.Report.failWithScreenshot(Report.java:45)
	at com.gSTAX.Utilities.Report.failWithScreenshot(Report.java:45)
	at com.gSTAX.Utilities.Report.failWithScreenshot(Report.java:45)
	at com.gSTAX.Utilities.Report.failWithScreenshot(Report.java:45)
	at com.gSTAX.Utilities.Report.failWithScreenshot(Report.java:45)
	at com.gSTAX.Utilities.Report.failWithScreenshot(Report.java:45)
	at com.gSTAX.Utilities.Report.failWithScreenshot(Report.java:45)
	at com.gSTAX.Utilities.Report.failWithScreenshot(Report.java:45)
	at com.gSTAX.Utilities.Report.failWithScreenshot(Report.java:45)
	at com.gSTAX.Utilities.Report.failWithScreenshot(Report.java:45)
	at com.gSTAX.Utilities.Report.failWithScreenshot(Report.java:45)
	at com.gSTAX.Utilities.Report.failWithScreenshot(Report.java:45)
	at com.gSTAX.Utilities.Report.failWithScreenshot(Report.java:45)
	at com.gSTAX.Utilities.Report.failWithScreenshot(Report.java:45)
	at com.gSTAX.Utilities.Report.failWithScreenshot(Report.java:45)
	at com.gSTAX.Utilities.Report.failWithScreenshot(Report.java:45)
	at com.gSTAX.Utilities.Report.failWithScreenshot(Report.java:45)
	at com.gSTAX.Utilities.Report.failWithScreenshot(Report.java:45)
	at com.gSTAX.Utilities.Report.failWithScreenshot(Report.java:45)
	at com.gSTAX.Utilities.Report.failWithScreenshot(Report.java:45)
	at com.gSTAX.Utilities.Report.failWithScreenshot(Report.java:45)
	at com.gSTAX.Utilities.Report.failWithScreenshot(Report.java:45)
	at com.gSTAX.Utilities.Report.failWithScreenshot(Report.java:45)
	at com.gSTAX.Utilities.Report.failWithScreenshot(Report.java:45)
	at com.gSTAX.Utilities.Report.failWithScreenshot(Report.java:45)
	at com.gSTAX.Utilities.Report.failWithScreenshot(Report.java:45)
	at com.gSTAX.Utilities.Report.failWithScreenshot(Report.java:45)
	at com.gSTAX.Utilities.Report.failWithScreenshot(Report.java:45)
	at com.gSTAX.Utilities.Report.failWithScreenshot(Report.java:45)
	at com.gSTAX.Utilities.Report.failWithScreenshot(Report.java:45)
	at com.gSTAX.Utilities.Report.failWithScreenshot(Report.java:45)
	at com.gSTAX.Utilities.Report.failWithScreenshot(Report.java:45)
	at com.gSTAX.Utilities.Report.failWithScreenshot(Report.java:45)
	at com.gSTAX.Utilities.Report.failWithScreenshot(Report.java:45)
	at com.gSTAX.Utilities.Report.failWithScreenshot(Report.java:45)
	at com.gSTAX.Utilities.Report.failWithScreenshot(Report.java:45)
	at com.gSTAX.Utilities.Report.failWithScreenshot(Report.java:45)
	at com.gSTAX.Utilities.Report.failWithScreenshot(Report.java:45)
	at com.gSTAX.Utilities.Report.failWithScreenshot(Report.java:45)
	at com.gSTAX.Utilities.Report.failWithScreenshot(Report.java:45)
	at com.gSTAX.Utilities.Report.failWithScreenshot(Report.java:45)
	at com.gSTAX.Utilities.Report.failWithScreenshot(Report.java:45)
	at com.gSTAX.Utilities.Report.failWithScreenshot(Report.java:45)
	at com.gSTAX.Utilities.Report.failWithScreenshot(Report.java:45)
	at com.gSTAX.Utilities.Report.failWithScreenshot(Report.java:45)
	at com.gSTAX.Utilities.Report.failWithScreenshot(Report.java:45)
	at com.gSTAX.Utilities.Report.failWithScreenshot(Report.java:45)
	at com.gSTAX.Utilities.Report.failWithScreenshot(Report.java:45)
	at com.gSTAX.Utilities.Report.failWithScreenshot(Report.java:45)
	at com.gSTAX.Utilities.Report.failWithScreenshot(Report.java:45)
	at com.gSTAX.Utilities.Report.failWithScreenshot(Report.java:45)
	at com.gSTAX.Utilities.Report.failWithScreenshot(Report.java:45)
	at com.gSTAX.Utilities.Report.failWithScreenshot(Report.java:45)
	at com.gSTAX.Utilities.Report.failWithScreenshot(Report.java:45)
	at com.gSTAX.Utilities.Report.failWithScreenshot(Report.java:45)
	at com.gSTAX.Utilities.Report.failWithScreenshot(Report.java:45)
	at com.gSTAX.Utilities.Report.failWithScreenshot(Report.java:45)
	at com.gSTAX.Utilities.Report.failWithScreenshot(Report.java:45)
	at com.gSTAX.Utilities.Report.failWithScreenshot(Report.java:45)
	at com.gSTAX.Utilities.Report.failWithScreenshot(Report.java:45)
	at com.gSTAX.Utilities.Report.failWithScreenshot(Report.java:45)
	at com.gSTAX.Utilities.Report.failWithScreenshot(Report.java:45)
	at com.gSTAX.Utilities.Report.failWithScreenshot(Report.java:45)
	at com.gSTAX.Utilities.Report.failWithScreenshot(Report.java:45)
	at com.gSTAX.Utilities.Report.failWithScreenshot(Report.java:45)
	at com.gSTAX.Utilities.Report.failWithScreenshot(Report.java:45)
	at com.gSTAX.Utilities.Report.failWithScreenshot(Report.java:45)
	at com.gSTAX.Utilities.Report.failWithScreenshot(Report.java:45)
	at com.gSTAX.Utilities.Report.failWithScreenshot(Report.java:45)
	at com.gSTAX.Utilities.Report.failWithScreenshot(Report.java:45)
	at com.gSTAX.Utilities.Report.failWithScreenshot(Report.java:45)
	at com.gSTAX.Utilities.Report.failWithScreenshot(Report.java:45)
	at com.gSTAX.Utilities.Report.failWithScreenshot(Report.java:45)
	at com.gSTAX.Utilities.Report.failWithScreenshot(Report.java:45)
	at com.gSTAX.Utilities.Report.failWithScreenshot(Report.java:45)
	at com.gSTAX.Utilities.Report.failWithScreenshot(Report.java:45)
	at com.gSTAX.Utilities.Report.failWithScreenshot(Report.java:45)
	at com.gSTAX.Utilities.Report.failWithScreenshot(Report.java:45)
	at com.gSTAX.Utilities.Report.failWithScreenshot(Report.java:45)
	at com.gSTAX.Utilities.Report.failWithScreenshot(Report.java:45)
	at com.gSTAX.Utilities.Report.failWithScreenshot(Report.java:45)
	at com.gSTAX.Utilities.Report.failWithScreenshot(Report.java:45)
	at com.gSTAX.Utilities.Report.failWithScreenshot(Report.java:45)
	at com.gSTAX.Utilities.Report.failWithScreenshot(Report.java:45)
	at com.gSTAX.Utilities.Report.failWithScreenshot(Report.java:45)
	at com.gSTAX.Utilities.Report.failWithScreenshot(Report.java:45)
	at com.gSTAX.Utilities.Report.failWithScreenshot(Report.java:45)
	at com.gSTAX.Utilities.Report.failWithScreenshot(Report.java:45)
	at com.gSTAX.Utilities.Report.failWithScreenshot(Report.java:45)
	at com.gSTAX.Utilities.Report.failWithScreenshot(Report.java:45)
	at com.gSTAX.Utilities.Report.failWithScreenshot(Report.java:45)
	at com.gSTAX.Utilities.Report.failWithScreenshot(Report.java:45)
	at com.gSTAX.Utilities.Report.failWithScreenshot(Report.java:45)
	at com.gSTAX.Utilities.Report.failWithScreenshot(Report.java:45)
	at com.gSTAX.Utilities.Report.failWithScreenshot(Report.java:45)
	at com.gSTAX.Utilities.Report.failWithScreenshot(Report.java:45)
	at com.gSTAX.Utilities.Report.failWithScreenshot(Report.java:45)
	at com.gSTAX.Utilities.Report.failWithScreenshot(Report.java:45)
	at com.gSTAX.Utilities.Report.failWithScreenshot(Report.java:45)
	at com.gSTAX.Utilities.Report.failWithScreenshot(Report.java:45)
	at com.gSTAX.Utilities.Report.failWithScreenshot(Report.java:45)
	at com.gSTAX.Utilities.Report.failWithScreenshot(Report.java:45)
	at com.gSTAX.Utilities.Report.failWithScreenshot(Report.java:45)
	at com.gSTAX.Utilities.Report.failWithScreenshot(Report.java:45)
	at com.gSTAX.Utilities.Report.failWithScreenshot(Report.java:45)
	at com.gSTAX.Utilities.Report.failWithScreenshot(Report.java:45)
	at com.gSTAX.Utilities.Report.failWithScreenshot(Report.java:45)
	at com.gSTAX.Utilities.Report.failWithScreenshot(Report.java:45)
	at com.gSTAX.Utilities.Report.failWithScreenshot(Report.java:45)
	at com.gSTAX.Utilities.Report.failWithScreenshot(Report.java:45)
	at com.gSTAX.Utilities.Report.failWithScreenshot(Report.java:45)
	at com.gSTAX.Utilities.Report.failWithScreenshot(Report.java:45)
	at com.gSTAX.Utilities.Report.failWithScreenshot(Report.java:45)
	at com.gSTAX.Utilities.Report.failWithScreenshot(Report.java:45)
	at com.gSTAX.Utilities.Report.failWithScreenshot(Report.java:45)
	at com.gSTAX.Utilities.Report.failWithScreenshot(Report.java:45)
	at com.gSTAX.Utilities.Report.failWithScreenshot(Report.java:45)
	at com.gSTAX.Utilities.Report.failWithScreenshot(Report.java:45)
	at com.gSTAX.Utilities.Report.failWithScreenshot(Report.java:45)
	at com.gSTAX.Utilities.Report.failWithScreenshot(Report.java:45)
	at com.gSTAX.Utilities.Report.failWithScreenshot(Report.java:45)
	at com.gSTAX.Utilities.Report.failWithScreenshot(Report.java:45)
	at com.gSTAX.Utilities.Report.failWithScreenshot(Report.java:45)
	at com.gSTAX.Utilities.Report.failWithScreenshot(Report.java:45)
	at com.gSTAX.Utilities.Report.failWithScreenshot(Report.java:45)
	at com.gSTAX.Utilities.Report.failWithScreenshot(Report.java:45)
	at com.gSTAX.Utilities.Report.failWithScreenshot(Report.java:45)
	at com.gSTAX.Utilities.Report.failWithScreenshot(Report.java:45)
	at com.gSTAX.Utilities.Report.failWithScreenshot(Report.java:45)
	at com.gSTAX.Utilities.Report.failWithScreenshot(Report.java:45)
	at com.gSTAX.Utilities.Report.failWithScreenshot(Report.java:45)
	at com.gSTAX.Utilities.Report.failWithScreenshot(Report.java:45)
	at com.gSTAX.Utilities.Report.failWithScreenshot(Report.java:45)
	at com.gSTAX.Utilities.Report.failWithScreenshot(Report.java:45)
	at com.gSTAX.Utilities.Report.failWithScreenshot(Report.java:45)
	at com.gSTAX.Utilities.Report.failWithScreenshot(Report.java:45)
	at com.gSTAX.Utilities.Report.failWithScreenshot(Report.java:45)
	at com.gSTAX.Utilities.Report.failWithScreenshot(Report.java:45)
	at com.gSTAX.Utilities.Report.failWithScreenshot(Report.java:45)
	at com.gSTAX.Utilities.Report.failWithScreenshot(Report.java:45)
	at com.gSTAX.Utilities.Report.failWithScreenshot(Report.java:45)
	at com.gSTAX.Utilities.Report.failWithScreenshot(Report.java:45)
	at com.gSTAX.Utilities.Report.failWithScreenshot(Report.java:45)
	at com.gSTAX.Utilities.Report.failWithScreenshot(Report.java:45)
	at com.gSTAX.Utilities.Report.failWithScreenshot(Report.java:45)
	at com.gSTAX.Utilities.Report.failWithScreenshot(Report.java:45)
	at com.gSTAX.Utilities.Report.failWithScreenshot(Report.java:45)
	at com.gSTAX.Utilities.Report.failWithScreenshot(Report.java:45)
	at com.gSTAX.Utilities.Report.failWithScreenshot(Report.java:45)
	at com.gSTAX.Utilities.Report.failWithScreenshot(Report.java:45)
	at com.gSTAX.Utilities.Report.failWithScreenshot(Report.java:45)
	at com.gSTAX.Utilities.Report.failWithScreenshot(Report.java:45)
	at com.gSTAX.Utilities.Report.failWithScreenshot(Report.java:45)
	at com.gSTAX.Utilities.Report.failWithScreenshot(Report.java:45)
	at com.gSTAX.Utilities.Report.failWithScreenshot(Report.java:45)
	at com.gSTAX.Utilities.Report.failWithScreenshot(Report.java:45)
	at com.gSTAX.Utilities.Report.failWithScreenshot(Report.java:45)
	at com.gSTAX.Utilities.Report.failWithScreenshot(Report.java:45)
	at com.gSTAX.Utilities.Report.failWithScreenshot(Report.java:45)
	at com.gSTAX.Utilities.Report.failWithScreenshot(Report.java:45)
	at com.gSTAX.Utilities.Report.failWithScreenshot(Report.java:45)
	at com.gSTAX.Utilities.Report.failWithScreenshot(Report.java:45)
	at com.gSTAX.Utilities.Report.failWithScreenshot(Report.java:45)
	at com.gSTAX.Utilities.Report.failWithScreenshot(Report.java:45)
	at com.gSTAX.Utilities.Report.failWithScreenshot(Report.java:45)
	at com.gSTAX.Utilities.Report.failWithScreenshot(Report.java:45)
	at com.gSTAX.Utilities.Report.failWithScreenshot(Report.java:45)
	at com.gSTAX.Utilities.Report.failWithScreenshot(Report.java:45)
	at com.gSTAX.Utilities.Report.failWithScreenshot(Report.java:45)
	at com.gSTAX.Utilities.Report.failWithScreenshot(Report.java:45)
	at com.gSTAX.Utilities.Report.failWithScreenshot(Report.java:45)
	at com.gSTAX.Utilities.Report.failWithScreenshot(Report.java:45)
	at com.gSTAX.Utilities.Report.failWithScreenshot(Report.java:45)
	at com.gSTAX.Utilities.Report.failWithScreenshot(Report.java:45)
	at com.gSTAX.Utilities.Report.failWithScreenshot(Report.java:45)
	at com.gSTAX.Utilities.Report.failWithScreenshot(Report.java:45)
	at com.gSTAX.Utilities.Report.failWithScreenshot(Report.java:45)
	at com.gSTAX.Utilities.Report.failWithScreenshot(Report.java:45)
	at com.gSTAX.Utilities.Report.failWithScreenshot(Report.java:45)
	at com.gSTAX.Utilities.Report.failWithScreenshot(Report.java:45)
	at com.gSTAX.Utilities.Report.failWithScreenshot(Report.java:45)
	at com.gSTAX.Utilities.Report.failWithScreenshot(Report.java:45)
	at com.gSTAX.Utilities.Report.failWithScreenshot(Report.java:45)
	at com.gSTAX.Utilities.Report.failWithScreenshot(Report.java:45)
	at com.gSTAX.Utilities.Report.failWithScreenshot(Report.java:45)
	at com.gSTAX.Utilities.Report.failWithScreenshot(Report.java:45)
	at com.gSTAX.Utilities.Report.failWithScreenshot(Report.java:45)
	at com.gSTAX.Utilities.Report.failWithScreenshot(Report.java:45)
	at com.gSTAX.Utilities.Report.failWithScreenshot(Report.java:45)
	at com.gSTAX.Utilities.Report.failWithScreenshot(Report.java:45)
	at com.gSTAX.Utilities.Report.failWithScreenshot(Report.java:45)
	at com.gSTAX.Utilities.Report.failWithScreenshot(Report.java:45)
	at com.gSTAX.Utilities.Report.failWithScreenshot(Report.java:45)
	at com.gSTAX.Utilities.Report.failWithScreenshot(Report.java:45)
	at com.gSTAX.Utilities.Report.failWithScreenshot(Report.java:45)
	at com.gSTAX.Utilities.Report.failWithScreenshot(Report.java:45)
	at com.gSTAX.Utilities.Report.failWithScreenshot(Report.java:45)
	at com.gSTAX.Utilities.Report.failWithScreenshot(Report.java:45)
	at com.gSTAX.Utilities.Report.failWithScreenshot(Report.java:45)
	at com.gSTAX.Utilities.Report.failWithScreenshot(Report.java:45)
	at com.gSTAX.Utilities.Report.failWithScreenshot(Report.java:45)
	at com.gSTAX.Utilities.Report.failWithScreenshot(Report.java:45)
	at com.gSTAX.Utilities.Report.failWithScreenshot(Report.java:45)
	at com.gSTAX.Utilities.Report.failWithScreenshot(Report.java:45)
	at com.gSTAX.Utilities.Report.failWithScreenshot(Report.java:45)
	at com.gSTAX.Utilities.Report.failWithScreenshot(Report.java:45)
	at com.gSTAX.Utilities.Report.failWithScreenshot(Report.java:45)
	at com.gSTAX.Utilities.Report.failWithScreenshot(Report.java:45)
	at com.gSTAX.Utilities.Report.failWithScreenshot(Report.java:45)
	at com.gSTAX.Utilities.Report.failWithScreenshot(Report.java:45)
	at com.gSTAX.Utilities.Report.failWithScreenshot(Report.java:45)
	at com.gSTAX.Utilities.Report.failWithScreenshot(Report.java:45)
	at com.gSTAX.Utilities.Report.failWithScreenshot(Report.java:45)
	at com.gSTAX.Utilities.Report.failWithScreenshot(Report.java:45)
	at com.gSTAX.Utilities.Report.failWithScreenshot(Report.java:45)
	at com.gSTAX.Utilities.Report.failWithScreenshot(Report.java:45)
	at com.gSTAX.Utilities.Report.failWithScreenshot(Report.java:45)
	at com.gSTAX.Utilities.Report.failWithScreenshot(Report.java:45)
	at com.gSTAX.Utilities.Report.failWithScreenshot(Report.java:45)
	at com.gSTAX.Utilities.Report.failWithScreenshot(Report.java:45)
	at com.gSTAX.Utilities.Report.failWithScreenshot(Report.java:45)
	at com.gSTAX.Utilities.Report.failWithScreenshot(Report.java:45)
	at com.gSTAX.Utilities.Report.failWithScreenshot(Report.java:45)
	at com.gSTAX.Utilities.Report.failWithScreenshot(Report.java:45)
	at com.gSTAX.Utilities.Report.failWithScreenshot(Report.java:45)
	at com.gSTAX.Utilities.Report.failWithScreenshot(Report.java:45)
	at com.gSTAX.Utilities.Report.failWithScreenshot(Report.java:45)
	at com.gSTAX.Utilities.Report.failWithScreenshot(Report.java:45)
	at com.gSTAX.Utilities.Report.failWithScreenshot(Report.java:45)
	at com.gSTAX.Utilities.Report.failWithScreenshot(Report.java:45)
	at com.gSTAX.Utilities.Report.failWithScreenshot(Report.java:45)
	at com.gSTAX.Utilities.Report.failWithScreenshot(Report.java:45)
	at com.gSTAX.Utilities.Report.failWithScreenshot(Report.java:45)
	at com.gSTAX.Utilities.Report.failWithScreenshot(Report.java:45)
	at com.gSTAX.Utilities.Report.failWithScreenshot(Report.java:45)
	at com.gSTAX.Utilities.Report.failWithScreenshot(Report.java:45)
	at com.gSTAX.Utilities.Report.failWithScreenshot(Report.java:45)
	at com.gSTAX.Utilities.Report.failWithScreenshot(Report.java:45)
	at com.gSTAX.Utilities.Report.failWithScreenshot(Report.java:45)
	at com.gSTAX.Utilities.Report.failWithScreenshot(Report.java:45)
	at com.gSTAX.Utilities.Report.failWithScreenshot(Report.java:45)
	at com.gSTAX.Utilities.Report.failWithScreenshot(Report.java:45)
	at com.gSTAX.Utilities.Report.failWithScreenshot(Report.java:45)
	at com.gSTAX.Utilities.Report.failWithScreenshot(Report.java:45)
	at com.gSTAX.Utilities.Report.failWithScreenshot(Report.java:45)
	at com.gSTAX.Utilities.Report.failWithScreenshot(Report.java:45)
	at com.gSTAX.Utilities.Report.failWithScreenshot(Report.java:45)
	at com.gSTAX.Utilities.Report.failWithScreenshot(Report.java:45)
	at com.gSTAX.Utilities.Report.failWithScreenshot(Report.java:45)
	at com.gSTAX.Utilities.Report.failWithScreenshot(Report.java:45)
	at com.gSTAX.Utilities.Report.failWithScreenshot(Report.java:45)
	at com.gSTAX.Utilities.Report.failWithScreenshot(Report.java:45)
	at com.gSTAX.Utilities.Report.failWithScreenshot(Report.java:45)
	at com.gSTAX.Utilities.Report.failWithScreenshot(Report.java:45)
	at com.gSTAX.Utilities.Report.failWithScreenshot(Report.java:45)
	at com.gSTAX.Utilities.Report.failWithScreenshot(Report.java:45)
	at com.gSTAX.Utilities.Report.failWithScreenshot(Report.java:45)
	at com.gSTAX.Utilities.Report.failWithScreenshot(Report.java:45)
	at com.gSTAX.Utilities.Report.failWithScreenshot(Report.java:45)
	at com.gSTAX.Utilities.Report.failWithScreenshot(Report.java:45)
	at com.gSTAX.Utilities.Report.failWithScreenshot(Report.java:45)
	at com.gSTAX.Utilities.Report.failWithScreenshot(Report.java:45)
	at com.gSTAX.Utilities.Report.failWithScreenshot(Report.java:45)
	at com.gSTAX.Utilities.Report.failWithScreenshot(Report.java:45)
	at com.gSTAX.Utilities.Report.failWithScreenshot(Report.java:45)
	at com.gSTAX.Utilities.Report.failWithScreenshot(Report.java:45)
	at com.gSTAX.Utilities.Report.failWithScreenshot(Report.java:45)
	at com.gSTAX.Utilities.Report.failWithScreenshot(Report.java:45)
	at com.gSTAX.Utilities.Report.failWithScreenshot(Report.java:45)
	at com.gSTAX.Utilities.Report.failWithScreenshot(Report.java:45)
	at com.gSTAX.Utilities.Report.failWithScreenshot(Report.java:45)
	at com.gSTAX.Utilities.Report.failWithScreenshot(Report.java:45)
	at com.gSTAX.Utilities.Report.failWithScreenshot(Report.java:45)
	at com.gSTAX.Utilities.Report.failWithScreenshot(Report.java:45)
	at com.gSTAX.Utilities.Report.failWithScreenshot(Report.java:45)
	at com.gSTAX.Utilities.Report.failWithScreenshot(Report.java:45)
	at com.gSTAX.Utilities.Report.failWithScreenshot(Report.java:45)
	at com.gSTAX.Utilities.Report.failWithScreenshot(Report.java:45)
	at com.gSTAX.Utilities.Report.failWithScreenshot(Report.java:45)
	at com.gSTAX.Utilities.Report.failWithScreenshot(Report.java:45)
	at com.gSTAX.Utilities.Report.failWithScreenshot(Report.java:45)
	at com.gSTAX.Utilities.Report.failWithScreenshot(Report.java:45)
	at com.gSTAX.Utilities.Report.failWithScreenshot(Report.java:45)
	at com.gSTAX.Utilities.Report.failWithScreenshot(Report.java:45)
	at com.gSTAX.Utilities.Report.failWithScreenshot(Report.java:45)
	at com.gSTAX.Utilities.Report.failWithScreenshot(Report.java:45)
	at com.gSTAX.Utilities.Report.failWithScreenshot(Report.java:45)
	at com.gSTAX.Utilities.Report.failWithScreenshot(Report.java:45)
	at com.gSTAX.Utilities.Report.failWithScreenshot(Report.java:45)
	at com.gSTAX.Utilities.Report.failWithScreenshot(Report.java:45)
	at com.gSTAX.Utilities.Report.failWithScreenshot(Report.java:45)
	at com.gSTAX.Utilities.Report.failWithScreenshot(Report.java:45)
	at com.gSTAX.Utilities.Report.failWithScreenshot(Report.java:45)
	at com.gSTAX.Utilities.Report.failWithScreenshot(Report.java:45)
	at com.gSTAX.Utilities.Report.failWithScreenshot(Report.java:45)
	at com.gSTAX.Utilities.Report.failWithScreenshot(Report.java:45)
	at com.gSTAX.Utilities.Report.failWithScreenshot(Report.java:45)
	at com.gSTAX.Utilities.Report.failWithScreenshot(Report.java:45)
	at com.gSTAX.Utilities.Report.failWithScreenshot(Report.java:45)
	at com.gSTAX.Utilities.Report.failWithScreenshot(Report.java:45)
	at com.gSTAX.Utilities.Report.failWithScreenshot(Report.java:45)
	at com.gSTAX.Utilities.Report.failWithScreenshot(Report.java:45)
	at com.gSTAX.Utilities.Report.failWithScreenshot(Report.java:45)
	at com.gSTAX.Utilities.Report.failWithScreenshot(Report.java:45)
	at com.gSTAX.Utilities.Report.failWithScreenshot(Report.java:45)
	at com.gSTAX.Utilities.Report.failWithScreenshot(Report.java:45)
	at com.gSTAX.Utilities.Report.failWithScreenshot(Report.java:45)
	at com.gSTAX.Utilities.Report.failWithScreenshot(Report.java:45)
	at com.gSTAX.Utilities.Report.failWithScreenshot(Report.java:45)
	at com.gSTAX.Utilities.Report.failWithScreenshot(Report.java:45)
	at com.gSTAX.Utilities.Report.failWithScreenshot(Report.java:45)
	at com.gSTAX.Utilities.Report.failWithScreenshot(Report.java:45)
	at com.gSTAX.Utilities.Report.failWithScreenshot(Report.java:45)
	at com.gSTAX.Utilities.Report.failWithScreenshot(Report.java:45)
	at com.gSTAX.Utilities.Report.failWithScreenshot(Report.java:45)
	at com.gSTAX.Utilities.Report.failWithScreenshot(Report.java:45)
	at com.gSTAX.Utilities.Report.failWithScreenshot(Report.java:45)
	at com.gSTAX.Utilities.Report.failWithScreenshot(Report.java:45)
	at com.gSTAX.Utilities.Report.failWithScreenshot(Report.java:45)
	at com.gSTAX.Utilities.Report.failWithScreenshot(Report.java:45)
	at com.gSTAX.Utilities.Report.failWithScreenshot(Report.java:45)
	at com.gSTAX.Utilities.Report.failWithScreenshot(Report.java:45)
	at com.gSTAX.Utilities.Report.failWithScreenshot(Report.java:45)
	at com.gSTAX.Utilities.Report.failWithScreenshot(Report.java:45)
	at com.gSTAX.Utilities.Report.failWithScreenshot(Report.java:45)
	at com.gSTAX.Utilities.Report.failWithScreenshot(Report.java:45)
	at com.gSTAX.Utilities.Report.failWithScreenshot(Report.java:45)
	at com.gSTAX.Utilities.Report.failWithScreenshot(Report.java:45)
	at com.gSTAX.Utilities.Report.failWithScreenshot(Report.java:45)
	at com.gSTAX.Utilities.Report.failWithScreenshot(Report.java:45)
	at com.gSTAX.Utilities.Report.failWithScreenshot(Report.java:45)
	at com.gSTAX.Utilities.Report.failWithScreenshot(Report.java:45)
	at com.gSTAX.Utilities.Report.failWithScreenshot(Report.java:45)
	at com.gSTAX.Utilities.Report.failWithScreenshot(Report.java:45)
	at com.gSTAX.Utilities.Report.failWithScreenshot(Report.java:45)
	at com.gSTAX.Utilities.Report.failWithScreenshot(Report.java:45)
	at com.gSTAX.Utilities.Report.failWithScreenshot(Report.java:45)
	at com.gSTAX.Utilities.Report.failWithScreenshot(Report.java:45)
	at com.gSTAX.Utilities.Report.failWithScreenshot(Report.java:45)
	at com.gSTAX.Utilities.Report.failWithScreenshot(Report.java:45)
	at com.gSTAX.Utilities.Report.failWithScreenshot(Report.java:45)
	at com.gSTAX.Utilities.Report.failWithScreenshot(Report.java:45)
	at com.gSTAX.Utilities.Report.failWithScreenshot(Report.java:45)
	at com.gSTAX.Utilities.Report.failWithScreenshot(Report.java:45)
	at com.gSTAX.Utilities.Report.failWithScreenshot(Report.java:45)
	at com.gSTAX.Utilities.Report.failWithScreenshot(Report.java:45)
	at com.gSTAX.Utilities.Report.failWithScreenshot(Report.java:45)
	at com.gSTAX.Utilities.Report.failWithScreenshot(Report.java:45)
	at com.gSTAX.Utilities.Report.failWithScreenshot(Report.java:45)
	at com.gSTAX.Utilities.Report.failWithScreenshot(Report.java:45)
	at com.gSTAX.Utilities.Report.failWithScreenshot(Report.java:45)
	at com.gSTAX.Utilities.Report.failWithScreenshot(Report.java:45)
	at com.gSTAX.Utilities.Report.failWithScreenshot(Report.java:45)
	at com.gSTAX.Utilities.Report.failWithScreenshot(Report.java:45)
	at com.gSTAX.Utilities.Report.failWithScreenshot(Report.java:45)
	at com.gSTAX.Utilities.Report.failWithScreenshot(Report.java:45)
	at com.gSTAX.Utilities.Report.failWithScreenshot(Report.java:45)
	at com.gSTAX.Utilities.Report.failWithScreenshot(Report.java:45)
	at com.gSTAX.Utilities.Report.failWithScreenshot(Report.java:45)
	at com.gSTAX.Utilities.Report.failWithScreenshot(Report.java:45)
	at com.gSTAX.Utilities.Report.failWithScreenshot(Report.java:45)
	at com.gSTAX.Utilities.Report.failWithScreenshot(Report.java:45)
	at com.gSTAX.Utilities.Report.failWithScreenshot(Report.java:45)
	at com.gSTAX.Utilities.Report.failWithScreenshot(Report.java:45)
	at com.gSTAX.Utilities.Report.failWithScreenshot(Report.java:45)
	at com.gSTAX.Utilities.Report.failWithScreenshot(Report.java:45)
	at com.gSTAX.Utilities.Report.failWithScreenshot(Report.java:45)
	at com.gSTAX.Utilities.Report.failWithScreenshot(Report.java:45)
	at com.gSTAX.Utilities.Report.failWithScreenshot(Report.java:45)
	at com.gSTAX.Utilities.Report.failWithScreenshot(Report.java:45)
	at com.gSTAX.Utilities.Report.failWithScreenshot(Report.java:45)
	at com.gSTAX.Utilities.Report.failWithScreenshot(Report.java:45)
	at com.gSTAX.Utilities.Report.failWithScreenshot(Report.java:45)
	at com.gSTAX.Utilities.Report.failWithScreenshot(Report.java:45)
	at com.gSTAX.Utilities.Report.failWithScreenshot(Report.java:45)
	at com.gSTAX.Utilities.Report.failWithScreenshot(Report.java:45)
	at com.gSTAX.Utilities.Report.failWithScreenshot(Report.java:45)
	at com.gSTAX.Utilities.Report.failWithScreenshot(Report.java:45)
	at com.gSTAX.Utilities.Report.failWithScreenshot(Report.java:45)
	at com.gSTAX.Utilities.Report.failWithScreenshot(Report.java:45)
	at com.gSTAX.Utilities.Report.failWithScreenshot(Report.java:45)
	at com.gSTAX.Utilities.Report.failWithScreenshot(Report.java:45)
	at com.gSTAX.Utilities.Report.failWithScreenshot(Report.java:45)
	at com.gSTAX.Utilities.Report.failWithScreenshot(Report.java:45)
	at com.gSTAX.Utilities.Report.failWithScreenshot(Report.java:45)
	at com.gSTAX.Utilities.Report.failWithScreenshot(Report.java:45)
	at com.gSTAX.Utilities.Report.failWithScreenshot(Report.java:45)
	at com.gSTAX.Utilities.Report.failWithScreenshot(Report.java:45)
	at com.gSTAX.Utilities.Report.failWithScreenshot(Report.java:45)
	at com.gSTAX.Utilities.Report.failWithScreenshot(Report.java:45)
	at com.gSTAX.Utilities.Report.failWithScreenshot(Report.java:45)
	at com.gSTAX.Utilities.Report.failWithScreenshot(Report.java:45)
	at com.gSTAX.Utilities.Report.failWithScreenshot(Report.java:45)
	at com.gSTAX.Utilities.Report.failWithScreenshot(Report.java:45)
	at com.gSTAX.Utilities.Report.failWithScreenshot(Report.java:45)
	at com.gSTAX.Utilities.Report.failWithScreenshot(Report.java:45)
	at com.gSTAX.Utilities.Report.failWithScreenshot(Report.java:45)
	at com.gSTAX.Utilities.Report.failWithScreenshot(Report.java:45)
	at com.gSTAX.Utilities.Report.failWithScreenshot(Report.java:45)
	at com.gSTAX.Utilities.Report.failWithScreenshot(Report.java:45)
	at com.gSTAX.Utilities.Report.failWithScreenshot(Report.java:45)
	at com.gSTAX.Utilities.Report.failWithScreenshot(Report.java:45)
	at com.gSTAX.Utilities.Report.failWithScreenshot(Report.java:45)
	at com.gSTAX.Utilities.Report.failWithScreenshot(Report.java:45)
	at com.gSTAX.Utilities.Report.failWithScreenshot(Report.java:45)
	at com.gSTAX.Utilities.Report.failWithScreenshot(Report.java:45)
	at com.gSTAX.Utilities.Report.failWithScreenshot(Report.java:45)
	at com.gSTAX.Utilities.Report.failWithScreenshot(Report.java:45)
	at com.gSTAX.Utilities.Report.failWithScreenshot(Report.java:45)
	at com.gSTAX.Utilities.Report.failWithScreenshot(Report.java:45)
	at com.gSTAX.Utilities.Report.failWithScreenshot(Report.java:45)
	at com.gSTAX.Utilities.Report.failWithScreenshot(Report.java:45)
	at com.gSTAX.Utilities.Report.failWithScreenshot(Report.java:45)
	at com.gSTAX.Utilities.Report.failWithScreenshot(Report.java:45)
	at com.gSTAX.Utilities.Report.failWithScreenshot(Report.java:45)
	at com.gSTAX.Utilities.Report.failWithScreenshot(Report.java:45)
	at com.gSTAX.Utilities.Report.failWithScreenshot(Report.java:45)
	at com.gSTAX.Utilities.Report.failWithScreenshot(Report.java:45)
	at com.gSTAX.Utilities.Report.failWithScreenshot(Report.java:45)
	at com.gSTAX.Utilities.Report.failWithScreenshot(Report.java:45)
	at com.gSTAX.Utilities.Report.failWithScreenshot(Report.java:45)
	at com.gSTAX.Utilities.Report.failWithScreenshot(Report.java:45)
	at com.gSTAX.Utilities.Report.failWithScreenshot(Report.java:45)
	at com.gSTAX.Utilities.Report.failWithScreenshot(Report.java:45)
	at com.gSTAX.Utilities.Report.failWithScreenshot(Report.java:45)
	at com.gSTAX.Utilities.Report.failWithScreenshot(Report.java:45)
	at com.gSTAX.Utilities.Report.failWithScreenshot(Report.java:45)
	at com.gSTAX.Utilities.Report.failWithScreenshot(Report.java:45)
	at com.gSTAX.Utilities.Report.failWithScreenshot(Report.java:45)
	at com.gSTAX.Utilities.Report.failWithScreenshot(Report.java:45)
	at com.gSTAX.Utilities.Report.failWithScreenshot(Report.java:45)
	at com.gSTAX.Utilities.Report.failWithScreenshot(Report.java:45)
	at com.gSTAX.Utilities.Report.failWithScreenshot(Report.java:45)
	at com.gSTAX.Utilities.Report.failWithScreenshot(Report.java:45)
	at com.gSTAX.Utilities.Report.failWithScreenshot(Report.java:45)
	at com.gSTAX.Utilities.Report.failWithScreenshot(Report.java:45)
	at com.gSTAX.Utilities.Report.failWithScreenshot(Report.java:45)
	at com.gSTAX.Utilities.Report.failWithScreenshot(Report.java:45)
	at com.gSTAX.Utilities.Report.failWithScreenshot(Report.java:45)
	at com.gSTAX.Utilities.Report.failWithScreenshot(Report.java:45)
	at com.gSTAX.Utilities.Report.failWithScreenshot(Report.java:45)
	at com.gSTAX.Utilities.Report.failWithScreenshot(Report.java:45)
	at com.gSTAX.Utilities.Report.failWithScreenshot(Report.java:45)
	at com.gSTAX.Utilities.Report.failWithScreenshot(Report.java:45)
	at com.gSTAX.Utilities.Report.failWithScreenshot(Report.java:45)
	at com.gSTAX.Utilities.Report.failWithScreenshot(Report.java:45)
	at com.gSTAX.Utilities.Report.failWithScreenshot(Report.java:45)
	at com.gSTAX.Utilities.Report.failWithScreenshot(Report.java:45)
	at com.gSTAX.Utilities.Report.failWithScreenshot(Report.java:45)
	at com.gSTAX.Utilities.Report.failWithScreenshot(Report.java:45)
	at com.gSTAX.Utilities.Report.failWithScreenshot(Report.java:45)
	at com.gSTAX.Utilities.Report.failWithScreenshot(Report.java:45)
	at com.gSTAX.Utilities.Report.failWithScreenshot(Report.java:45)
	at com.gSTAX.Utilities.Report.failWithScreenshot(Report.java:45)
	at com.gSTAX.Utilities.Report.failWithScreenshot(Report.java:45)
	at com.gSTAX.Utilities.Report.failWithScreenshot(Report.java:45)
	at com.gSTAX.Utilities.Report.failWithScreenshot(Report.java:45)
	at com.gSTAX.Utilities.Report.failWithScreenshot(Report.java:45)
	at com.gSTAX.Utilities.Report.failWithScreenshot(Report.java:45)
	at com.gSTAX.Utilities.Report.failWithScreenshot(Report.java:45)
	at com.gSTAX.Utilities.Report.failWithScreenshot(Report.java:45)
	at com.gSTAX.Utilities.Report.failWithScreenshot(Report.java:45)
	at com.gSTAX.Utilities.Report.failWithScreenshot(Report.java:45)
	at com.gSTAX.Utilities.Report.failWithScreenshot(Report.java:45)
	at com.gSTAX.Utilities.Report.failWithScreenshot(Report.java:45)
	at com.gSTAX.Utilities.Report.failWithScreenshot(Report.java:45)
	at com.gSTAX.Utilities.Report.failWithScreenshot(Report.java:45)
	at com.gSTAX.Utilities.Report.failWithScreenshot(Report.java:45)
	at com.gSTAX.Utilities.Report.failWithScreenshot(Report.java:45)
	at com.gSTAX.Utilities.Report.failWithScreenshot(Report.java:45)
	at com.gSTAX.Utilities.Report.failWithScreenshot(Report.java:45)
	at com.gSTAX.Utilities.Report.failWithScreenshot(Report.java:45)
	at com.gSTAX.Utilities.Report.failWithScreenshot(Report.java:45)
	at com.gSTAX.Utilities.Report.failWithScreenshot(Report.java:45)
	at com.gSTAX.Utilities.Report.failWithScreenshot(Report.java:45)
	at com.gSTAX.Utilities.Report.failWithScreenshot(Report.java:45)
	at com.gSTAX.Utilities.Report.failWithScreenshot(Report.java:45)
	at com.gSTAX.Utilities.Report.failWithScreenshot(Report.java:45)
	at com.gSTAX.Utilities.Report.failWithScreenshot(Report.java:45)
	at com.gSTAX.Utilities.Report.failWithScreenshot(Report.java:45)
	at com.gSTAX.Utilities.Report.failWithScreenshot(Report.java:45)
	at com.gSTAX.Utilities.Report.failWithScreenshot(Report.java:45)
	at com.gSTAX.Utilities.Report.failWithScreenshot(Report.java:45)
	at com.gSTAX.Utilities.Report.failWithScreenshot(Report.java:45)
	at com.gSTAX.Utilities.Report.failWithScreenshot(Report.java:45)
	at com.gSTAX.Utilities.Report.failWithScreenshot(Report.java:45)
	at com.gSTAX.Utilities.Report.failWithScreenshot(Report.java:45)
	at com.gSTAX.Utilities.Report.failWithScreenshot(Report.java:45)
	at com.gSTAX.Utilities.Report.failWithScreenshot(Report.java:45)
	at com.gSTAX.Utilities.Report.failWithScreenshot(Report.java:45)
	at com.gSTAX.Utilities.Report.failWithScreenshot(Report.java:45)
	at com.gSTAX.Utilities.Report.failWithScreenshot(Report.java:45)
	at com.gSTAX.Utilities.Report.failWithScreenshot(Report.java:45)
	at com.gSTAX.Utilities.Report.failWithScreenshot(Report.java:45)
	at com.gSTAX.Utilities.Report.failWithScreenshot(Report.java:45)
	at com.gSTAX.Utilities.Report.failWithScreenshot(Report.java:45)
	at com.gSTAX.Utilities.Report.failWithScreenshot(Report.java:45)
	at com.gSTAX.Utilities.Report.failWithScreenshot(Report.java:45)
	at com.gSTAX.Utilities.Report.failWithScreenshot(Report.java:45)
	at com.gSTAX.Utilities.Report.failWithScreenshot(Report.java:45)
	at com.gSTAX.Utilities.Report.failWithScreenshot(Report.java:45)
	at com.gSTAX.Utilities.Report.failWithScreenshot(Report.java:45)
	at com.gSTAX.Utilities.Report.failWithScreenshot(Report.java:45)
	at com.gSTAX.Utilities.Report.failWithScreenshot(Report.java:45)
	at com.gSTAX.Utilities.Report.failWithScreenshot(Report.java:45)
	at com.gSTAX.Utilities.Report.failWithScreenshot(Report.java:45)
	at com.gSTAX.Utilities.Report.failWithScreenshot(Report.java:45)
	at com.gSTAX.Utilities.Report.failWithScreenshot(Report.java:45)
	at com.gSTAX.Utilities.Report.failWithScreenshot(Report.java:45)
	at com.gSTAX.Utilities.Report.failWithScreenshot(Report.java:45)
	at com.gSTAX.Utilities.Report.failWithScreenshot(Report.java:45)
	at com.gSTAX.Utilities.Report.failWithScreenshot(Report.java:45)
	at com.gSTAX.Utilities.Report.failWithScreenshot(Report.java:45)
	at com.gSTAX.Utilities.Report.failWithScreenshot(Report.java:45)
	at com.gSTAX.Utilities.Report.failWithScreenshot(Report.java:45)
	at com.gSTAX.Utilities.Report.failWithScreenshot(Report.java:45)
	at com.gSTAX.Utilities.Report.failWithScreenshot(Report.java:45)
	at com.gSTAX.Utilities.Report.failWithScreenshot(Report.java:45)
	at com.gSTAX.Utilities.Report.failWithScreenshot(Report.java:45)
	at com.gSTAX.Utilities.Report.failWithScreenshot(Report.java:45)
	at com.gSTAX.Utilities.Report.failWithScreenshot(Report.java:45)
	at com.gSTAX.Utilities.Report.failWithScreenshot(Report.java:45)
	at com.gSTAX.Utilities.Report.failWithScreenshot(Report.java:45)
	at com.gSTAX.Utilities.Report.failWithScreenshot(Report.java:45)
	at com.gSTAX.Utilities.Report.failWithScreenshot(Report.java:45)
	at com.gSTAX.Utilities.Report.failWithScreenshot(Report.java:45)
	at com.gSTAX.Utilities.Report.failWithScreenshot(Report.java:45)
	at com.gSTAX.Utilities.Report.failWithScreenshot(Report.java:45)
	at com.gSTAX.Utilities.Report.failWithScreenshot(Report.java:45)
	at com.gSTAX.Utilities.Report.failWithScreenshot(Report.java:45)
	at com.gSTAX.Utilities.Report.failWithScreenshot(Report.java:45)
	at com.gSTAX.Utilities.Report.failWithScreenshot(Report.java:45)
	at com.gSTAX.Utilities.Report.failWithScreenshot(Report.java:45)
	at com.gSTAX.Utilities.Report.failWithScreenshot(Report.java:45)
	at com.gSTAX.Utilities.Report.failWithScreenshot(Report.java:45)
	at com.gSTAX.Utilities.Report.failWithScreenshot(Report.java:45)
	at com.gSTAX.Utilities.Report.failWithScreenshot(Report.java:45)
	at com.gSTAX.Utilities.Report.failWithScreenshot(Report.java:45)
	at com.gSTAX.Utilities.Report.failWithScreenshot(Report.java:45)
	at com.gSTAX.Utilities.Report.failWithScreenshot(Report.java:45)
	at com.gSTAX.Utilities.Report.failWithScreenshot(Report.java:45)
	at com.gSTAX.Utilities.Report.failWithScreenshot(Report.java:45)
	at com.gSTAX.Utilities.Report.failWithScreenshot(Report.java:45)
	at com.gSTAX.Utilities.Report.failWithScreenshot(Report.java:45)
	at com.gSTAX.Utilities.Report.failWithScreenshot(Report.java:45)
	at com.gSTAX.Utilities.Report.failWithScreenshot(Report.java:45)
	at com.gSTAX.Utilities.Report.failWithScreenshot(Report.java:45)
	at com.gSTAX.Utilities.Report.failWithScreenshot(Report.java:45)
	at com.gSTAX.Utilities.Report.failWithScreenshot(Report.java:45)
	at com.gSTAX.Utilities.Report.failWithScreenshot(Report.java:45)
	at com.gSTAX.Utilities.Report.failWithScreenshot(Report.java:45)
	at com.gSTAX.Utilities.Report.failWithScreenshot(Report.java:45)
	at com.gSTAX.Utilities.Report.failWithScreenshot(Report.java:45)
	at com.gSTAX.Utilities.Report.failWithScreenshot(Report.java:45)
	at com.gSTAX.Utilities.Report.failWithScreenshot(Report.java:45)
	at com.gSTAX.Utilities.Report.failWithScreenshot(Report.java:45)
	at com.gSTAX.Utilities.Report.failWithScreenshot(Report.java:45)
	at com.gSTAX.Utilities.Report.failWithScreenshot(Report.java:45)
	at com.gSTAX.Utilities.Report.failWithScreenshot(Report.java:45)
	at com.gSTAX.Utilities.Report.failWithScreenshot(Report.java:45)
	at com.gSTAX.Utilities.Report.failWithScreenshot(Report.java:45)
	at com.gSTAX.Utilities.Report.failWithScreenshot(Report.java:45)
	at com.gSTAX.Utilities.Report.failWithScreenshot(Report.java:45)
	at com.gSTAX.Utilities.Report.failWithScreenshot(Report.java:45)
	at com.gSTAX.Utilities.Report.failWithScreenshot(Report.java:45)
	at com.gSTAX.Utilities.Report.failWithScreenshot(Report.java:45)
	at com.gSTAX.Utilities.Report.failWithScreenshot(Report.java:45)
	at com.gSTAX.Utilities.Report.failWithScreenshot(Report.java:45)
	at com.gSTAX.Utilities.Report.failWithScreenshot(Report.java:45)
	at com.gSTAX.Utilities.Report.failWithScreenshot(Report.java:45)
	at com.gSTAX.Utilities.Report.failWithScreenshot(Report.java:45)
	at com.gSTAX.Utilities.Report.failWithScreenshot(Report.java:45)
	at com.gSTAX.Utilities.Report.failWithScreenshot(Report.java:45)
	at com.gSTAX.Utilities.Report.failWithScreenshot(Report.java:45)
	at com.gSTAX.Utilities.Report.failWithScreenshot(Report.java:45)
	at com.gSTAX.Utilities.Report.failWithScreenshot(Report.java:45)
	at com.gSTAX.Utilities.Report.failWithScreenshot(Report.java:45)
	at com.gSTAX.Utilities.Report.failWithScreenshot(Report.java:45)
	at com.gSTAX.Utilities.Report.failWithScreenshot(Report.java:45)
	at com.gSTAX.Utilities.Report.failWithScreenshot(Report.java:45)
	at com.gSTAX.Utilities.Report.failWithScreenshot(Report.java:45)
	at com.gSTAX.Utilities.Report.failWithScreenshot(Report.java:45)
	at com.gSTAX.Utilities.Report.failWithScreenshot(Report.java:45)
	at com.gSTAX.Utilities.Report.failWithScreenshot(Report.java:45)
	at com.gSTAX.Utilities.Report.failWithScreenshot(Report.java:45)
	at com.gSTAX.Utilities.Report.failWithScreenshot(Report.java:45)
	at com.gSTAX.Utilities.Report.failWithScreenshot(Report.java:45)
	at com.gSTAX.Utilities.Report.failWithScreenshot(Report.java:45)
	at com.gSTAX.Utilities.Report.failWithScreenshot(Report.java:45)
	at com.gSTAX.Utilities.Report.failWithScreenshot(Report.java:45)
	at com.gSTAX.Utilities.Report.failWithScreenshot(Report.java:45)
	at com.gSTAX.Utilities.Report.failWithScreenshot(Report.java:45)
	at com.gSTAX.Utilities.Report.failWithScreenshot(Report.java:45)
	at com.gSTAX.Utilities.Report.failWithScreenshot(Report.java:45)
	at com.gSTAX.Utilities.Report.failWithScreenshot(Report.java:45)
	at com.gSTAX.Utilities.Report.failWithScreenshot(Report.java:45)
	at com.gSTAX.Utilities.Report.failWithScreenshot(Report.java:45)
	at com.gSTAX.Utilities.Report.failWithScreenshot(Report.java:45)
	at com.gSTAX.Utilities.Report.failWithScreenshot(Report.java:45)
	at com.gSTAX.Utilities.Report.failWithScreenshot(Report.java:45)
	at com.gSTAX.Utilities.Report.failWithScreenshot(Report.java:45)
	at com.gSTAX.Utilities.Report.failWithScreenshot(Report.java:45)
	at com.gSTAX.Utilities.Report.failWithScreenshot(Report.java:45)
	at com.gSTAX.Utilities.Report.failWithScreenshot(Report.java:45)
	at com.gSTAX.Utilities.Report.failWithScreenshot(Report.java:45)
	at com.gSTAX.Utilities.Report.failWithScreenshot(Report.java:45)
	at com.gSTAX.Utilities.Report.failWithScreenshot(Report.java:45)
	at com.gSTAX.Utilities.Report.failWithScreenshot(Report.java:45)
	at com.gSTAX.Utilities.Report.failWithScreenshot(Report.java:45)
	at com.gSTAX.Utilities.Report.failWithScreenshot(Report.java:45)
	at com.gSTAX.Utilities.Report.failWithScreenshot(Report.java:45)
	at com.gSTAX.Utilities.Report.failWithScreenshot(Report.java:45)
	at com.gSTAX.Utilities.Report.failWithScreenshot(Report.java:45)
	at com.gSTAX.Utilities.Report.failWithScreenshot(Report.java:45)
	at com.gSTAX.Utilities.Report.failWithScreenshot(Report.java:45)
	at com.gSTAX.Utilities.Report.failWithScreenshot(Report.java:45)
	at com.gSTAX.Utilities.Report.failWithScreenshot(Report.java:45)
	at com.gSTAX.Utilities.Report.failWithScreenshot(Report.java:45)
	at com.gSTAX.Utilities.Report.failWithScreenshot(Report.java:45)
	at com.gSTAX.Utilities.Report.failWithScreenshot(Report.java:45)
	at com.gSTAX.Utilities.Report.failWithScreenshot(Report.java:45)
	at com.gSTAX.Utilities.Report.failWithScreenshot(Report.java:45)
	at com.gSTAX.Utilities.Report.failWithScreenshot(Report.java:45)
	at com.gSTAX.Utilities.Report.failWithScreenshot(Report.java:45)
	at com.gSTAX.Utilities.Report.failWithScreenshot(Report.java:45)
	at com.gSTAX.Utilities.Report.failWithScreenshot(Report.java:45)
	at com.gSTAX.Utilities.Report.failWithScreenshot(Report.java:45)
	at com.gSTAX.Utilities.Report.failWithScreenshot(Report.java:45)
	at com.gSTAX.Utilities.Report.failWithScreenshot(Report.java:45)
	at com.gSTAX.Utilities.Report.failWithScreenshot(Report.java:45)
	at com.gSTAX.Utilities.Report.failWithScreenshot(Report.java:45)
	at com.gSTAX.Utilities.Report.failWithScreenshot(Report.java:45)
	at com.gSTAX.Utilities.Report.failWithScreenshot(Report.java:45)
	at com.gSTAX.Utilities.Report.failWithScreenshot(Report.java:45)
	at com.gSTAX.Utilities.Report.failWithScreenshot(Report.java:45)
	at com.gSTAX.Utilities.Report.failWithScreenshot(Report.java:45)
	at com.gSTAX.Utilities.Report.failWithScreenshot(Report.java:45)
	at com.gSTAX.Utilities.Report.failWithScreenshot(Report.java:45)
	at com.gSTAX.Utilities.Report.failWithScreenshot(Report.java:45)
	at com.gSTAX.Utilities.Report.failWithScreenshot(Report.java:45)
	at com.gSTAX.Utilities.Report.failWithScreenshot(Report.java:45)
	at com.gSTAX.Utilities.Report.failWithScreenshot(Report.java:45)
	at com.gSTAX.Utilities.Report.failWithScreenshot(Report.java:45)
	at com.gSTAX.Utilities.Report.failWithScreenshot(Report.java:45)
	at com.gSTAX.Utilities.Report.failWithScreenshot(Report.java:45)
	at com.gSTAX.Utilities.Report.failWithScreenshot(Report.java:45)
	at com.gSTAX.Utilities.Report.failWithScreenshot(Report.java:45)
	at com.gSTAX.Utilities.Report.failWithScreenshot(Report.java:45)
	at com.gSTAX.Utilities.Report.failWithScreenshot(Report.java:45)
	at com.gSTAX.Utilities.Report.failWithScreenshot(Report.java:45)
	at com.gSTAX.Utilities.Report.failWithScreenshot(Report.java:45)
	at com.gSTAX.Utilities.Report.failWithScreenshot(Report.java:45)
	at com.gSTAX.Utilities.Report.failWithScreenshot(Report.java:45)
	at com.gSTAX.Utilities.Report.failWithScreenshot(Report.java:45)
	at com.gSTAX.Utilities.Report.failWithScreenshot(Report.java:45)
	at com.gSTAX.Utilities.Report.failWithScreenshot(Report.java:45)
	at com.gSTAX.Utilities.Report.failWithScreenshot(Report.java:45)
	at com.gSTAX.Utilities.Report.failWithScreenshot(Report.java:45)
	at com.gSTAX.Utilities.Report.failWithScreenshot(Report.java:45)
	at com.gSTAX.Utilities.Report.failWithScreenshot(Report.java:45)
	at com.gSTAX.Utilities.Report.failWithScreenshot(Report.java:45)
	at com.gSTAX.Utilities.Report.failWithScreenshot(Report.java:45)
	at com.gSTAX.Utilities.Report.failWithScreenshot(Report.java:45)
	at com.gSTAX.Utilities.Report.failWithScreenshot(Report.java:45)
	at com.gSTAX.Utilities.Report.failWithScreenshot(Report.java:45)
	at com.gSTAX.Utilities.Report.failWithScreenshot(Report.java:45)
	at com.gSTAX.Utilities.Report.failWithScreenshot(Report.java:45)
	at com.gSTAX.Utilities.Report.failWithScreenshot(Report.java:45)
	at com.gSTAX.Utilities.Report.failWithScreenshot(Report.java:45)
	at com.gSTAX.Utilities.Report.failWithScreenshot(Report.java:45)
	at com.gSTAX.Utilities.Report.failWithScreenshot(Report.java:45)
	at com.gSTAX.Utilities.Report.failWithScreenshot(Report.java:45)
	at com.gSTAX.Utilities.Report.failWithScreenshot(Report.java:45)
	at com.gSTAX.Utilities.Report.failWithScreenshot(Report.java:45)
	at com.gSTAX.Utilities.Report.failWithScreenshot(Report.java:45)
	at com.gSTAX.Utilities.Report.failWithScreenshot(Report.java:45)
	at com.gSTAX.Utilities.Report.failWithScreenshot(Report.java:45)
	at com.gSTAX.Utilities.Report.failWithScreenshot(Report.java:45)
	at com.gSTAX.Utilities.Report.failWithScreenshot(Report.java:45)
	at com.gSTAX.Utilities.Report.failWithScreenshot(Report.java:45)
	at com.gSTAX.Utilities.Report.failWithScreenshot(Report.java:45)
	at com.gSTAX.Utilities.Report.failWithScreenshot(Report.java:45)
	at com.gSTAX.Utilities.Report.failWithScreenshot(Report.java:45)
	at com.gSTAX.Utilities.Report.failWithScreenshot(Report.java:45)
	at com.gSTAX.Utilities.Report.failWithScreenshot(Report.java:45)
	at com.gSTAX.Utilities.Report.failWithScreenshot(Report.java:45)
	at com.gSTAX.Utilities.Report.failWithScreenshot(Report.java:45)
	at com.gSTAX.Utilities.Report.failWithScreenshot(Report.java:45)
	at com.gSTAX.Utilities.Report.failWithScreenshot(Report.java:45)
	at com.gSTAX.Utilities.Report.failWithScreenshot(Report.java:45)
	at com.gSTAX.Utilities.Report.failWithScreenshot(Report.java:45)
	at com.gSTAX.Utilities.Report.failWithScreenshot(Report.java:45)
	at com.gSTAX.Utilities.Report.failWithScreenshot(Report.java:45)
	at com.gSTAX.Utilities.Report.failWithScreenshot(Report.java:45)
	at com.gSTAX.Utilities.Report.failWithScreenshot(Report.java:45)
	at com.gSTAX.Utilities.Report.failWithScreenshot(Report.java:45)
	at com.gSTAX.Utilities.Report.failWithScreenshot(Report.java:45)
	at com.gSTAX.Utilities.Report.failWithScreenshot(Report.java:45)
	at com.gSTAX.Utilities.Report.failWithScreenshot(Report.java:45)
	at com.gSTAX.Utilities.Report.failWithScreenshot(Report.java:45)
	at com.gSTAX.Utilities.Report.failWithScreenshot(Report.java:45)
	at com.gSTAX.Utilities.Report.failWithScreenshot(Report.java:45)
	at com.gSTAX.Utilities.Report.failWithScreenshot(Report.java:45)
	at com.gSTAX.Utilities.Report.failWithScreenshot(Report.java:45)
	at com.gSTAX.Utilities.Report.failWithScreenshot(Report.java:45)
	at com.gSTAX.Utilities.Report.failWithScreenshot(Report.java:45)
	at com.gSTAX.Utilities.Report.failWithScreenshot(Report.java:45)
	at com.gSTAX.Utilities.Report.failWithScreenshot(Report.java:45)
	at com.gSTAX.Utilities.Report.failWithScreenshot(Report.java:45)
	at com.gSTAX.Utilities.Report.failWithScreenshot(Report.java:45)
	at com.gSTAX.Utilities.Report.failWithScreenshot(Report.java:45)
	at com.gSTAX.Utilities.Report.failWithScreenshot(Report.java:45)
	at com.gSTAX.Utilities.Report.failWithScreenshot(Report.java:45)
	at com.gSTAX.Utilities.Report.failWithScreenshot(Report.java:45)
	at com.gSTAX.Utilities.Report.failWithScreenshot(Report.java:45)
	at com.gSTAX.Utilities.Report.failWithScreenshot(Report.java:45)
	at com.gSTAX.Utilities.Report.failWithScreenshot(Report.java:45)
	at com.gSTAX.Utilities.Report.failWithScreenshot(Report.java:45)
	at com.gSTAX.Utilities.Report.failWithScreenshot(Report.java:45)
	at com.gSTAX.Utilities.Report.failWithScreenshot(Report.java:45)
	at com.gSTAX.Utilities.Report.failWithScreenshot(Report.java:45)
	at com.gSTAX.Utilities.Report.failWithScreenshot(Report.java:45)
	at com.gSTAX.Utilities.Report.failWithScreenshot(Report.java:45)
	at com.gSTAX.Utilities.Report.failWithScreenshot(Report.java:45)
	at com.gSTAX.Utilities.Report.failWithScreenshot(Report.java:45)
	at com.gSTAX.Utilities.Report.failWithScreenshot(Report.java:45)
	at com.gSTAX.Utilities.Report.failWithScreenshot(Report.java:45)
	at com.gSTAX.Utilities.Report.failWithScreenshot(Report.java:45)
	at com.gSTAX.Utilities.Report.failWithScreenshot(Report.java:45)
	at com.gSTAX.Utilities.Report.failWithScreenshot(Report.java:45)
	at com.gSTAX.Utilities.Report.failWithScreenshot(Report.java:45)
	at com.gSTAX.Utilities.Report.failWithScreenshot(Report.java:45)
	at com.gSTAX.Utilities.Report.failWithScreenshot(Report.java:45)
	at com.gSTAX.Utilities.Report.failWithScreenshot(Report.java:45)
	at com.gSTAX.Utilities.Report.failWithScreenshot(Report.java:45)
	at com.gSTAX.Utilities.Report.failWithScreenshot(Report.java:45)
	at com.gSTAX.Utilities.Report.failWithScreenshot(Report.java:45)
	at com.gSTAX.Utilities.Report.failWithScreenshot(Report.java:45)
	at com.gSTAX.Utilities.Report.failWithScreenshot(Report.java:45)
	at com.gSTAX.Utilities.Report.failWithScreenshot(Report.java:45)
	at com.gSTAX.Utilities.Report.failWithScreenshot(Report.java:45)
	at com.gSTAX.Utilities.Report.failWithScreenshot(Report.java:45)
	at com.gSTAX.Utilities.Report.failWithScreenshot(Report.java:45)
	at com.gSTAX.Utilities.Report.failWithScreenshot(Report.java:45)
	at com.gSTAX.Utilities.Report.failWithScreenshot(Report.java:45)
	at com.gSTAX.Utilities.Report.failWithScreenshot(Report.java:45)
	at com.gSTAX.Utilities.Report.failWithScreenshot(Report.java:45)
	at com.gSTAX.Utilities.Report.failWithScreenshot(Report.java:45)
	at com.gSTAX.Utilities.Report.failWithScreenshot(Report.java:45)
	at com.gSTAX.Utilities.Report.failWithScreenshot(Report.java:45)
	at com.gSTAX.Utilities.Report.failWithScreenshot(Report.java:45)
	at com.gSTAX.Utilities.Report.failWithScreenshot(Report.java:45)
	at com.gSTAX.Utilities.Report.failWithScreenshot(Report.java:45)
	at com.gSTAX.Utilities.Report.failWithScreenshot(Report.java:45)
	at com.gSTAX.Utilities.Report.failWithScreenshot(Report.java:45)
	at com.gSTAX.Utilities.Report.failWithScreenshot(Report.java:45)
	at com.gSTAX.Utilities.Report.failWithScreenshot(Report.java:45)
	at com.gSTAX.Utilities.Report.failWithScreenshot(Report.java:45)
	at com.gSTAX.Utilities.Report.failWithScreenshot(Report.java:45)
	at com.gSTAX.Utilities.Report.failWithScreenshot(Report.java:45)
	at com.gSTAX.Utilities.Report.failWithScreenshot(Report.java:45)
	at com.gSTAX.Utilities.Report.failWithScreenshot(Report.java:45)
	at com.gSTAX.Utilities.Report.failWithScreenshot(Report.java:45)
	at com.gSTAX.Utilities.Report.failWithScreenshot(Report.java:45)
	at com.gSTAX.Utilities.Report.failWithScreenshot(Report.java:45)
	at com.gSTAX.Utilities.Report.failWithScreenshot(Report.java:45)
	at com.gSTAX.Utilities.Report.failWithScreenshot(Report.java:45)
	at com.gSTAX.Utilities.Report.failWithScreenshot(Report.java:45)
	at com.gSTAX.Utilities.Report.failWithScreenshot(Report.java:45)
	at com.gSTAX.Utilities.Report.failWithScreenshot(Report.java:45)
	at com.gSTAX.Utilities.Report.failWithScreenshot(Report.java:45)
	at com.gSTAX.Utilities.Report.failWithScreenshot(Report.java:45)
	at com.gSTAX.Utilities.Report.failWithScreenshot(Report.java:45)
	at com.gSTAX.Utilities.Report.failWithScreenshot(Report.java:45)
	at com.gSTAX.Utilities.Report.failWithScreenshot(Report.java:45)
	at com.gSTAX.Utilities.Report.failWithScreenshot(Report.java:45)
	at com.gSTAX.Utilities.Report.failWithScreenshot(Report.java:45)
	at com.gSTAX.Utilities.Report.failWithScreenshot(Report.java:45)
	at com.gSTAX.Utilities.Report.failWithScreenshot(Report.java:45)
	at com.gSTAX.Utilities.Report.failWithScreenshot(Report.java:45)
	at com.gSTAX.Utilities.Report.failWithScreenshot(Report.java:45)
	at com.gSTAX.Utilities.Report.failWithScreenshot(Report.java:45)
	at com.gSTAX.Utilities.Report.failWithScreenshot(Report.java:45)
	at com.gSTAX.Utilities.Report.failWithScreenshot(Report.java:45)
	at com.gSTAX.Utilities.Report.failWithScreenshot(Report.java:45)
	at com.gSTAX.Utilities.Report.failWithScreenshot(Report.java:45)
	at com.gSTAX.Utilities.Report.failWithScreenshot(Report.java:45)
	at com.gSTAX.Utilities.Report.failWithScreenshot(Report.java:45)
	at com.gSTAX.Utilities.Report.failWithScreenshot(Report.java:45)
	at com.gSTAX.Utilities.Report.failWithScreenshot(Report.java:45)
	at com.gSTAX.Utilities.Report.failWithScreenshot(Report.java:45)
	at com.gSTAX.Utilities.Report.failWithScreenshot(Report.java:45)
	at com.gSTAX.Utilities.Report.failWithScreenshot(Report.java:45)
	at com.gSTAX.Utilities.Report.failWithScreenshot(Report.java:45)
	at com.gSTAX.Utilities.Report.failWithScreenshot(Report.java:45)
	at com.gSTAX.Utilities.Report.failWithScreenshot(Report.java:45)
	at com.gSTAX.Utilities.Report.failWithScreenshot(Report.java:45)
	at com.gSTAX.Utilities.Report.failWithScreenshot(Report.java:45)
	at com.gSTAX.Utilities.Report.failWithScreenshot(Report.java:45)
	at com.gSTAX.Utilities.Report.failWithScreenshot(Report.java:45)
	at com.gSTAX.Utilities.Report.failWithScreenshot(Report.java:45)
	at com.gSTAX.Utilities.Report.failWithScreenshot(Report.java:45)
	at com.gSTAX.Utilities.Report.failWithScreenshot(Report.java:45)
	at com.gSTAX.Utilities.Report.failWithScreenshot(Report.java:45)
	at com.gSTAX.Utilities.Report.failWithScreenshot(Report.java:45)
	at com.gSTAX.Utilities.Report.failWithScreenshot(Report.java:45)
	at com.gSTAX.Utilities.Report.failWithScreenshot(Report.java:45)
	at com.gSTAX.Utilities.Report.failWithScreenshot(Report.java:45)
	at com.gSTAX.Utilities.Report.failWithScreenshot(Report.java:45)
	at com.gSTAX.Utilities.Report.failWithScreenshot(Report.java:45)
	at com.gSTAX.Utilities.Report.failWithScreenshot(Report.java:45)
	at com.gSTAX.Utilities.Report.failWithScreenshot(Report.java:45)
	at com.gSTAX.Utilities.Report.failWithScreenshot(Report.java:45)
	at com.gSTAX.Utilities.Report.failWithScreenshot(Report.java:45)
	at com.gSTAX.Utilities.Report.failWithScreenshot(Report.java:45)
	at com.gSTAX.Utilities.Report.failWithScreenshot(Report.java:45)
	at com.gSTAX.Utilities.Report.failWithScreenshot(Report.java:45)
	at com.gSTAX.Utilities.Report.failWithScreenshot(Report.java:45)
	at com.gSTAX.Utilities.Report.failWithScreenshot(Report.java:45)
	at com.gSTAX.Utilities.Report.failWithScreenshot(Report.java:45)
	at com.gSTAX.Utilities.Report.failWithScreenshot(Report.java:45)
	at com.gSTAX.Utilities.Report.failWithScreenshot(Report.java:45)
	at com.gSTAX.Utilities.Report.failWithScreenshot(Report.java:45)
	at com.gSTAX.Utilities.Report.failWithScreenshot(Report.java:45)
	at com.gSTAX.Utilities.Report.failWithScreenshot(Report.java:45)
	at com.gSTAX.Utilities.Report.failWithScreenshot(Report.java:45)
	at com.gSTAX.Utilities.Report.failWithScreenshot(Report.java:45)
	at com.gSTAX.Utilities.Report.failWithScreenshot(Report.java:45)
	at com.gSTAX.Utilities.Report.failWithScreenshot(Report.java:45)
	at com.gSTAX.Utilities.Report.failWithScreenshot(Report.java:45)
	at com.gSTAX.Utilities.Report.failWithScreenshot(Report.java:45)
	at com.gSTAX.Utilities.Report.failWithScreenshot(Report.java:45)
	at com.gSTAX.Utilities.Report.failWithScreenshot(Report.java:45)
	at com.gSTAX.Utilities.Report.failWithScreenshot(Report.java:45)
	at com.gSTAX.Utilities.Report.failWithScreenshot(Report.java:45)
	at com.gSTAX.Utilities.Report.failWithScreenshot(Report.java:45)
	at com.gSTAX.Utilities.Report.failWithScreenshot(Report.java:45)
	at com.gSTAX.Utilities.Report.failWithScreenshot(Report.java:45)
	at com.gSTAX.Utilities.Report.failWithScreenshot(Report.java:45)
	at com.gSTAX.Utilities.Report.failWithScreenshot(Report.java:45)
	at com.gSTAX.Utilities.Report.failWithScreenshot(Report.java:45)
	at com.gSTAX.Utilities.Report.failWithScreenshot(Report.java:45)
	at com.gSTAX.Utilities.Report.failWithScreenshot(Report.java:45)
	at com.gSTAX.Utilities.Report.failWithScreenshot(Report.java:45)
	at com.gSTAX.Utilities.Report.failWithScreenshot(Report.java:45)
	at com.gSTAX.Utilities.Report.failWithScreenshot(Report.java:45)
	at com.gSTAX.Utilities.Report.failWithScreenshot(Report.java:45)
	at com.gSTAX.Utilities.Report.failWithScreenshot(Report.java:45)
	at com.gSTAX.Utilities.Report.failWithScreenshot(Report.java:45)
	at com.gSTAX.Utilities.Report.failWithScreenshot(Report.java:45)
	at com.gSTAX.Utilities.Report.failWithScreenshot(Report.java:45)
	at com.gSTAX.Utilities.Report.failWithScreenshot(Report.java:45)
	at com.gSTAX.Utilities.Report.failWithScreenshot(Report.java:45)
	at com.gSTAX.Utilities.Report.failWithScreenshot(Report.java:45)
	at com.gSTAX.Utilities.Report.failWithScreenshot(Report.java:45)
	at com.gSTAX.Utilities.Report.failWithScreenshot(Report.java:45)
	at com.gSTAX.Utilities.Report.failWithScreenshot(Report.java:45)
	at com.gSTAX.Utilities.Report.failWithScreenshot(Report.java:45)
	at com.gSTAX.Utilities.Report.failWithScreenshot(Report.java:45)
	at com.gSTAX.Utilities.Report.failWithScreenshot(Report.java:45)
	at com.gSTAX.Utilities.Report.failWithScreenshot(Report.java:45)
	at com.gSTAX.Utilities.Report.failWithScreenshot(Report.java:45)
	at com.gSTAX.Utilities.Report.failWithScreenshot(Report.java:45)
	at com.gSTAX.Utilities.Report.failWithScreenshot(Report.java:45)
	at com.gSTAX.Utilities.Report.failWithScreenshot(Report.java:45)
	at com.gSTAX.Utilities.Report.failWithScreenshot(Report.java:45)
	at com.gSTAX.Utilities.Report.failWithScreenshot(Report.java:45)
	at com.gSTAX.Utilities.Report.failWithScreenshot(Report.java:45)
	at com.gSTAX.Utilities.Report.failWithScreenshot(Report.java:45)
	at com.gSTAX.Utilities.Report.failWithScreenshot(Report.java:45)
	at com.gSTAX.Utilities.Report.failWithScreenshot(Report.java:45)
	at com.gSTAX.Utilities.Report.failWithScreenshot(Report.java:45)
	at com.gSTAX.Utilities.Report.failWithScreenshot(Report.java:45)
	at com.gSTAX.Utilities.Report.failWithScreenshot(Report.java:45)
	at com.gSTAX.Utilities.Report.failWithScreenshot(Report.java:45)
	at com.gSTAX.Utilities.Report.failWithScreenshot(Report.java:45)
	at com.gSTAX.Utilities.Report.failWithScreenshot(Report.java:45)
	at com.gSTAX.Utilities.Report.failWithScreenshot(Report.java:45)
	at com.gSTAX.Utilities.Report.failWithScreenshot(Report.java:45)
	at com.gSTAX.Utilities.Report.failWithScreenshot(Report.java:45)
	at com.gSTAX.Utilities.Report.failWithScreenshot(Report.java:45)
	at com.gSTAX.Utilities.Report.failWithScreenshot(Report.java:45)
	at com.gSTAX.Utilities.Report.failWithScreenshot(Report.java:45)
	at com.gSTAX.Utilities.Report.failWithScreenshot(Report.java:45)
	at com.gSTAX.Utilities.Report.failWithScreenshot(Report.java:45)
	at com.gSTAX.Utilities.Report.failWithScreenshot(Report.java:45)
	at com.gSTAX.Utilities.Report.failWithScreenshot(Report.java:45)
	at com.gSTAX.Utilities.Report.failWithScreenshot(Report.java:45)
	at com.gSTAX.Utilities.Report.failWithScreenshot(Report.java:45)
	at com.gSTAX.Utilities.Report.failWithScreenshot(Report.java:45)
	at com.gSTAX.Utilities.Report.failWithScreenshot(Report.java:45)
	at com.gSTAX.Utilities.Report.failWithScreenshot(Report.java:45)
	at com.gSTAX.Utilities.Report.failWithScreenshot(Report.java:45)
	at com.gSTAX.Utilities.Report.failWithScreenshot(Report.java:45)
	at com.gSTAX.Utilities.Report.failWithScreenshot(Report.java:45)
	at com.gSTAX.Utilities.Report.failWithScreenshot(Report.java:45)
	at com.gSTAX.Utilities.Report.failWithScreenshot(Report.java:45)
	at com.gSTAX.Utilities.Report.failWithScreenshot(Report.java:45)
	at com.gSTAX.Utilities.Report.failWithScreenshot(Report.java:45)
	at com.gSTAX.Utilities.Report.failWithScreenshot(Report.java:45)
	at com.gSTAX.Utilities.Report.failWithScreenshot(Report.java:45)
	at com.gSTAX.Utilities.Report.failWithScreenshot(Report.java:45)
	at com.gSTAX.Utilities.Report.failWithScreenshot(Report.java:45)
	at com.gSTAX.Utilities.Report.failWithScreenshot(Report.java:45)
	at com.gSTAX.Utilities.Report.failWithScreenshot(Report.java:45)
	at com.gSTAX.Utilities.Report.failWithScreenshot(Report.java:45)
	at com.gSTAX.Utilities.Report.failWithScreenshot(Report.java:45)
	at com.gSTAX.Utilities.Report.failWithScreenshot(Report.java:45)
	at com.gSTAX.Utilities.Report.failWithScreenshot(Report.java:45)
	at com.gSTAX.Utilities.Report.failWithScreenshot(Report.java:45)
	at com.gSTAX.Utilities.Report.failWithScreenshot(Report.java:45)
	at com.gSTAX.Utilities.Report.failWithScreenshot(Report.java:45)
	at com.gSTAX.Utilities.Report.failWithScreenshot(Report.java:45)
	at com.gSTAX.Utilities.Report.failWithScreenshot(Report.java:45)
	at com.gSTAX.Utilities.Report.failWithScreenshot(Report.java:45)
	at com.gSTAX.Utilities.Report.failWithScreenshot(Report.java:45)
	at com.gSTAX.Utilities.Report.failWithScreenshot(Report.java:45)
	at com.gSTAX.Utilities.Report.failWithScreenshot(Report.java:45)
	at com.gSTAX.Utilities.Report.failWithScreenshot(Report.java:45)
	at com.gSTAX.Utilities.Report.failWithScreenshot(Report.java:45)
	at com.gSTAX.Utilities.Report.failWithScreenshot(Report.java:45)
	at com.gSTAX.Utilities.Report.failWithScreenshot(Report.java:45)
	at com.gSTAX.Utilities.Report.failWithScreenshot(Report.java:45)
	at com.gSTAX.Utilities.Report.failWithScreenshot(Report.java:45)
	at com.gSTAX.Utilities.Report.failWithScreenshot(Report.java:45)
	at com.gSTAX.Utilities.Report.failWithScreenshot(Report.java:45)
	at com.gSTAX.Utilities.Report.failWithScreenshot(Report.java:45)
	at com.gSTAX.Utilities.Report.failWithScreenshot(Report.java:45)
	at com.gSTAX.Utilities.Report.failWithScreenshot(Report.java:45)
	at com.gSTAX.Utilities.Report.failWithScreenshot(Report.java:45)
	at com.gSTAX.Utilities.Report.failWithScreenshot(Report.java:45)
	at com.gSTAX.Utilities.Report.failWithScreenshot(Report.java:45)
	at com.gSTAX.Utilities.Report.failWithScreenshot(Report.java:45)
	at com.gSTAX.Utilities.Report.failWithScreenshot(Report.java:45)
	at com.gSTAX.Utilities.Report.failWithScreenshot(Report.java:45)
	at com.gSTAX.Utilities.Report.failWithScreenshot(Report.java:45)
	at com.gSTAX.Utilities.Report.failWithScreenshot(Report.java:45)
	at com.gSTAX.Utilities.Report.failWithScreenshot(Report.java:45)
	at com.gSTAX.Utilities.Report.failWithScreenshot(Report.java:45)
	at com.gSTAX.Utilities.Report.failWithScreenshot(Report.java:45)
	at com.gSTAX.Utilities.Report.failWithScreenshot(Report.java:45)
	at com.gSTAX.Utilities.Report.failWithScreenshot(Report.java:45)
	at com.gSTAX.Utilities.Report.failWithScreenshot(Report.java:45)
	at com.gSTAX.Utilities.Report.failWithScreenshot(Report.java:45)
	at com.gSTAX.Utilities.Report.failWithScreenshot(Report.java:45)
	at com.gSTAX.Utilities.Report.failWithScreenshot(Report.java:45)
	at com.gSTAX.Utilities.Report.failWithScreenshot(Report.java:45)
	at com.gSTAX.Utilities.Report.failWithScreenshot(Report.java:45)
	at com.gSTAX.Utilities.Report.failWithScreenshot(Report.java:45)
	at com.gSTAX.Utilities.Report.failWithScreenshot(Report.java:45)
	at com.gSTAX.Utilities.Report.failWithScreenshot(Report.java:45)
	at com.gSTAX.Utilities.Report.failWithScreenshot(Report.java:45)
	at com.gSTAX.Utilities.Report.failWithScreenshot(Report.java:45)
	at com.gSTAX.Utilities.Report.failWithScreenshot(Report.java:45)
	at com.gSTAX.Utilities.Report.failWithScreenshot(Report.java:45)
	at com.gSTAX.Utilities.Report.failWithScreenshot(Report.java:45)
	at com.gSTAX.Utilities.Report.failWithScreenshot(Report.java:45)
	at com.gSTAX.Utilities.Report.failWithScreenshot(Report.java:45)
	at com.gSTAX.Utilities.Report.failWithScreenshot(Report.java:45)
	at com.gSTAX.Utilities.Report.failWithScreenshot(Report.java:45)
	at com.gSTAX.Utilities.Report.failWithScreenshot(Report.java:45)
	at com.gSTAX.Utilities.Report.failWithScreenshot(Report.java:45)
	at com.gSTAX.Utilities.Report.failWithScreenshot(Report.java:45)
	at com.gSTAX.Utilities.Report.failWithScreenshot(Report.java:45)
	at com.gSTAX.Utilities.Report.failWithScreenshot(Report.java:45)
	at com.gSTAX.Utilities.Report.failWithScreenshot(Report.java:45)
	at com.gSTAX.Utilities.Report.failWithScreenshot(Report.java:45)
	at com.gSTAX.Utilities.Report.failWithScreenshot(Report.java:45)
	at com.gSTAX.Utilities.Report.failWithScreenshot(Report.java:45)
	at com.gSTAX.Utilities.Report.failWithScreenshot(Report.java:45)
	at com.gSTAX.Utilities.Report.failWithScreenshot(Report.java:45)
	at com.gSTAX.Utilities.Report.failWithScreenshot(Report.java:45)
	at com.gSTAX.Utilities.Report.failWithScreenshot(Report.java:45)
	at com.gSTAX.Utilities.Report.failWithScreenshot(Report.java:45)
	at com.gSTAX.Utilities.Report.failWithScreenshot(Report.java:45)
	at com.gSTAX.Utilities.Report.failWithScreenshot(Report.java:45)
	at com.gSTAX.Utilities.Report.failWithScreenshot(Report.java:45)
	at com.gSTAX.Utilities.Report.failWithScreenshot(Report.java:45)
	at com.gSTAX.Utilities.Report.failWithScreenshot(Report.java:45)
	at com.gSTAX.Utilities.Report.failWithScreenshot(Report.java:45)
	at com.gSTAX.Utilities.Report.failWithScreenshot(Report.java:45)
	at com.gSTAX.Utilities.Report.failWithScreenshot(Report.java:45)
	at com.gSTAX.Utilities.Report.failWithScreenshot(Report.java:45)
	at com.gSTAX.Utilities.Report.failWithScreenshot(Report.java:45)
	at com.gSTAX.Utilities.Report.failWithScreenshot(Report.java:45)
	at com.gSTAX.Utilities.Report.failWithScreenshot(Report.java:45)
	at com.gSTAX.Utilities.Report.failWithScreenshot(Report.java:45)
	at com.gSTAX.Utilities.Report.failWithScreenshot(Report.java:45)
	at com.gSTAX.Utilities.Report.failWithScreenshot(Report.java:45)
	at com.gSTAX.Utilities.Report.failWithScreenshot(Report.java:45)
	at com.gSTAX.Utilities.Report.failWithScreenshot(Report.java:45)
	at com.gSTAX.Utilities.Report.failWithScreenshot(Report.java:45)
	at com.gSTAX.Utilities.Report.failWithScreenshot(Report.java:45)
	at com.gSTAX.Utilities.Report.failWithScreenshot(Report.java:45)
	at com.gSTAX.Utilities.Report.failWithScreenshot(Report.java:45)
	at com.gSTAX.Utilities.Report.failWithScreenshot(Report.java:45)
	at com.gSTAX.Utilities.Report.failWithScreenshot(Report.java:45)
	at com.gSTAX.Utilities.Report.failWithScreenshot(Report.java:45)
	at com.gSTAX.Utilities.Report.failWithScreenshot(Report.java:45)
	at com.gSTAX.Utilities.Report.failWithScreenshot(Report.java:45)
	at com.gSTAX.Utilities.Report.failWithScreenshot(Report.java:45)
	at com.gSTAX.Utilities.Report.failWithScreenshot(Report.java:45)
	at com.gSTAX.Utilities.Report.failWithScreenshot(Report.java:45)
	at com.gSTAX.Utilities.Report.failWithScreenshot(Report.java:45)
	at com.gSTAX.Utilities.Report.failWithScreenshot(Report.java:45)
	at com.gSTAX.Utilities.Report.failWithScreenshot(Report.java:45)
	at com.gSTAX.Utilities.Report.failWithScreenshot(Report.java:45)
	at com.gSTAX.Utilities.Report.failWithScreenshot(Report.java:45)
	at com.gSTAX.Utilities.Report.failWithScreenshot(Report.java:45)
]]>
    </error>
  </testcase> <!-- AmazonTest -->
  <testcase name="AmazonTest" time="5.605" classname="com.gSTAX.Tests.Website">
    <error type="java.lang.StackOverflowError">
      <![CDATA[java.lang.StackOverflowError
	at com.gSTAX.Utilities.Report.failWithScreenshot(Report.java:45)
	at com.gSTAX.Utilities.Report.failWithScreenshot(Report.java:45)
	at com.gSTAX.Utilities.Report.failWithScreenshot(Report.java:45)
	at com.gSTAX.Utilities.Report.failWithScreenshot(Report.java:45)
	at com.gSTAX.Utilities.Report.failWithScreenshot(Report.java:45)
	at com.gSTAX.Utilities.Report.failWithScreenshot(Report.java:45)
	at com.gSTAX.Utilities.Report.failWithScreenshot(Report.java:45)
	at com.gSTAX.Utilities.Report.failWithScreenshot(Report.java:45)
	at com.gSTAX.Utilities.Report.failWithScreenshot(Report.java:45)
	at com.gSTAX.Utilities.Report.failWithScreenshot(Report.java:45)
	at com.gSTAX.Utilities.Report.failWithScreenshot(Report.java:45)
	at com.gSTAX.Utilities.Report.failWithScreenshot(Report.java:45)
	at com.gSTAX.Utilities.Report.failWithScreenshot(Report.java:45)
	at com.gSTAX.Utilities.Report.failWithScreenshot(Report.java:45)
	at com.gSTAX.Utilities.Report.failWithScreenshot(Report.java:45)
	at com.gSTAX.Utilities.Report.failWithScreenshot(Report.java:45)
	at com.gSTAX.Utilities.Report.failWithScreenshot(Report.java:45)
	at com.gSTAX.Utilities.Report.failWithScreenshot(Report.java:45)
	at com.gSTAX.Utilities.Report.failWithScreenshot(Report.java:45)
	at com.gSTAX.Utilities.Report.failWithScreenshot(Report.java:45)
	at com.gSTAX.Utilities.Report.failWithScreenshot(Report.java:45)
	at com.gSTAX.Utilities.Report.failWithScreenshot(Report.java:45)
	at com.gSTAX.Utilities.Report.failWithScreenshot(Report.java:45)
	at com.gSTAX.Utilities.Report.failWithScreenshot(Report.java:45)
	at com.gSTAX.Utilities.Report.failWithScreenshot(Report.java:45)
	at com.gSTAX.Utilities.Report.failWithScreenshot(Report.java:45)
	at com.gSTAX.Utilities.Report.failWithScreenshot(Report.java:45)
	at com.gSTAX.Utilities.Report.failWithScreenshot(Report.java:45)
	at com.gSTAX.Utilities.Report.failWithScreenshot(Report.java:45)
	at com.gSTAX.Utilities.Report.failWithScreenshot(Report.java:45)
	at com.gSTAX.Utilities.Report.failWithScreenshot(Report.java:45)
	at com.gSTAX.Utilities.Report.failWithScreenshot(Report.java:45)
	at com.gSTAX.Utilities.Report.failWithScreenshot(Report.java:45)
	at com.gSTAX.Utilities.Report.failWithScreenshot(Report.java:45)
	at com.gSTAX.Utilities.Report.failWithScreenshot(Report.java:45)
	at com.gSTAX.Utilities.Report.failWithScreenshot(Report.java:45)
	at com.gSTAX.Utilities.Report.failWithScreenshot(Report.java:45)
	at com.gSTAX.Utilities.Report.failWithScreenshot(Report.java:45)
	at com.gSTAX.Utilities.Report.failWithScreenshot(Report.java:45)
	at com.gSTAX.Utilities.Report.failWithScreenshot(Report.java:45)
	at com.gSTAX.Utilities.Report.failWithScreenshot(Report.java:45)
	at com.gSTAX.Utilities.Report.failWithScreenshot(Report.java:45)
	at com.gSTAX.Utilities.Report.failWithScreenshot(Report.java:45)
	at com.gSTAX.Utilities.Report.failWithScreenshot(Report.java:45)
	at com.gSTAX.Utilities.Report.failWithScreenshot(Report.java:45)
	at com.gSTAX.Utilities.Report.failWithScreenshot(Report.java:45)
	at com.gSTAX.Utilities.Report.failWithScreenshot(Report.java:45)
	at com.gSTAX.Utilities.Report.failWithScreenshot(Report.java:45)
	at com.gSTAX.Utilities.Report.failWithScreenshot(Report.java:45)
	at com.gSTAX.Utilities.Report.failWithScreenshot(Report.java:45)
	at com.gSTAX.Utilities.Report.failWithScreenshot(Report.java:45)
	at com.gSTAX.Utilities.Report.failWithScreenshot(Report.java:45)
	at com.gSTAX.Utilities.Report.failWithScreenshot(Report.java:45)
	at com.gSTAX.Utilities.Report.failWithScreenshot(Report.java:45)
	at com.gSTAX.Utilities.Report.failWithScreenshot(Report.java:45)
	at com.gSTAX.Utilities.Report.failWithScreenshot(Report.java:45)
	at com.gSTAX.Utilities.Report.failWithScreenshot(Report.java:45)
	at com.gSTAX.Utilities.Report.failWithScreenshot(Report.java:45)
	at com.gSTAX.Utilities.Report.failWithScreenshot(Report.java:45)
	at com.gSTAX.Utilities.Report.failWithScreenshot(Report.java:45)
	at com.gSTAX.Utilities.Report.failWithScreenshot(Report.java:45)
	at com.gSTAX.Utilities.Report.failWithScreenshot(Report.java:45)
	at com.gSTAX.Utilities.Report.failWithScreenshot(Report.java:45)
	at com.gSTAX.Utilities.Report.failWithScreenshot(Report.java:45)
	at com.gSTAX.Utilities.Report.failWithScreenshot(Report.java:45)
	at com.gSTAX.Utilities.Report.failWithScreenshot(Report.java:45)
	at com.gSTAX.Utilities.Report.failWithScreenshot(Report.java:45)
	at com.gSTAX.Utilities.Report.failWithScreenshot(Report.java:45)
	at com.gSTAX.Utilities.Report.failWithScreenshot(Report.java:45)
	at com.gSTAX.Utilities.Report.failWithScreenshot(Report.java:45)
	at com.gSTAX.Utilities.Report.failWithScreenshot(Report.java:45)
	at com.gSTAX.Utilities.Report.failWithScreenshot(Report.java:45)
	at com.gSTAX.Utilities.Report.failWithScreenshot(Report.java:45)
	at com.gSTAX.Utilities.Report.failWithScreenshot(Report.java:45)
	at com.gSTAX.Utilities.Report.failWithScreenshot(Report.java:45)
	at com.gSTAX.Utilities.Report.failWithScreenshot(Report.java:45)
	at com.gSTAX.Utilities.Report.failWithScreenshot(Report.java:45)
	at com.gSTAX.Utilities.Report.failWithScreenshot(Report.java:45)
	at com.gSTAX.Utilities.Report.failWithScreenshot(Report.java:45)
	at com.gSTAX.Utilities.Report.failWithScreenshot(Report.java:45)
	at com.gSTAX.Utilities.Report.failWithScreenshot(Report.java:45)
	at com.gSTAX.Utilities.Report.failWithScreenshot(Report.java:45)
	at com.gSTAX.Utilities.Report.failWithScreenshot(Report.java:45)
	at com.gSTAX.Utilities.Report.failWithScreenshot(Report.java:45)
	at com.gSTAX.Utilities.Report.failWithScreenshot(Report.java:45)
	at com.gSTAX.Utilities.Report.failWithScreenshot(Report.java:45)
	at com.gSTAX.Utilities.Report.failWithScreenshot(Report.java:45)
	at com.gSTAX.Utilities.Report.failWithScreenshot(Report.java:45)
	at com.gSTAX.Utilities.Report.failWithScreenshot(Report.java:45)
	at com.gSTAX.Utilities.Report.failWithScreenshot(Report.java:45)
	at com.gSTAX.Utilities.Report.failWithScreenshot(Report.java:45)
	at com.gSTAX.Utilities.Report.failWithScreenshot(Report.java:45)
	at com.gSTAX.Utilities.Report.failWithScreenshot(Report.java:45)
	at com.gSTAX.Utilities.Report.failWithScreenshot(Report.java:45)
	at com.gSTAX.Utilities.Report.failWithScreenshot(Report.java:45)
	at com.gSTAX.Utilities.Report.failWithScreenshot(Report.java:45)
	at com.gSTAX.Utilities.Report.failWithScreenshot(Report.java:45)
	at com.gSTAX.Utilities.Report.failWithScreenshot(Report.java:45)
	at com.gSTAX.Utilities.Report.failWithScreenshot(Report.java:45)
	at com.gSTAX.Utilities.Report.failWithScreenshot(Report.java:45)
	at com.gSTAX.Utilities.Report.failWithScreenshot(Report.java:45)
	at com.gSTAX.Utilities.Report.failWithScreenshot(Report.java:45)
	at com.gSTAX.Utilities.Report.failWithScreenshot(Report.java:45)
	at com.gSTAX.Utilities.Report.failWithScreenshot(Report.java:45)
	at com.gSTAX.Utilities.Report.failWithScreenshot(Report.java:45)
	at com.gSTAX.Utilities.Report.failWithScreenshot(Report.java:45)
	at com.gSTAX.Utilities.Report.failWithScreenshot(Report.java:45)
	at com.gSTAX.Utilities.Report.failWithScreenshot(Report.java:45)
	at com.gSTAX.Utilities.Report.failWithScreenshot(Report.java:45)
	at com.gSTAX.Utilities.Report.failWithScreenshot(Report.java:45)
	at com.gSTAX.Utilities.Report.failWithScreenshot(Report.java:45)
	at com.gSTAX.Utilities.Report.failWithScreenshot(Report.java:45)
	at com.gSTAX.Utilities.Report.failWithScreenshot(Report.java:45)
	at com.gSTAX.Utilities.Report.failWithScreenshot(Report.java:45)
	at com.gSTAX.Utilities.Report.failWithScreenshot(Report.java:45)
	at com.gSTAX.Utilities.Report.failWithScreenshot(Report.java:45)
	at com.gSTAX.Utilities.Report.failWithScreenshot(Report.java:45)
	at com.gSTAX.Utilities.Report.failWithScreenshot(Report.java:45)
	at com.gSTAX.Utilities.Report.failWithScreenshot(Report.java:45)
	at com.gSTAX.Utilities.Report.failWithScreenshot(Report.java:45)
	at com.gSTAX.Utilities.Report.failWithScreenshot(Report.java:45)
	at com.gSTAX.Utilities.Report.failWithScreenshot(Report.java:45)
	at com.gSTAX.Utilities.Report.failWithScreenshot(Report.java:45)
	at com.gSTAX.Utilities.Report.failWithScreenshot(Report.java:45)
	at com.gSTAX.Utilities.Report.failWithScreenshot(Report.java:45)
	at com.gSTAX.Utilities.Report.failWithScreenshot(Report.java:45)
	at com.gSTAX.Utilities.Report.failWithScreenshot(Report.java:45)
	at com.gSTAX.Utilities.Report.failWithScreenshot(Report.java:45)
	at com.gSTAX.Utilities.Report.failWithScreenshot(Report.java:45)
	at com.gSTAX.Utilities.Report.failWithScreenshot(Report.java:45)
	at com.gSTAX.Utilities.Report.failWithScreenshot(Report.java:45)
	at com.gSTAX.Utilities.Report.failWithScreenshot(Report.java:45)
	at com.gSTAX.Utilities.Report.failWithScreenshot(Report.java:45)
	at com.gSTAX.Utilities.Report.failWithScreenshot(Report.java:45)
	at com.gSTAX.Utilities.Report.failWithScreenshot(Report.java:45)
	at com.gSTAX.Utilities.Report.failWithScreenshot(Report.java:45)
	at com.gSTAX.Utilities.Report.failWithScreenshot(Report.java:45)
	at com.gSTAX.Utilities.Report.failWithScreenshot(Report.java:45)
	at com.gSTAX.Utilities.Report.failWithScreenshot(Report.java:45)
	at com.gSTAX.Utilities.Report.failWithScreenshot(Report.java:45)
	at com.gSTAX.Utilities.Report.failWithScreenshot(Report.java:45)
	at com.gSTAX.Utilities.Report.failWithScreenshot(Report.java:45)
	at com.gSTAX.Utilities.Report.failWithScreenshot(Report.java:45)
	at com.gSTAX.Utilities.Report.failWithScreenshot(Report.java:45)
	at com.gSTAX.Utilities.Report.failWithScreenshot(Report.java:45)
	at com.gSTAX.Utilities.Report.failWithScreenshot(Report.java:45)
	at com.gSTAX.Utilities.Report.failWithScreenshot(Report.java:45)
	at com.gSTAX.Utilities.Report.failWithScreenshot(Report.java:45)
	at com.gSTAX.Utilities.Report.failWithScreenshot(Report.java:45)
	at com.gSTAX.Utilities.Report.failWithScreenshot(Report.java:45)
	at com.gSTAX.Utilities.Report.failWithScreenshot(Report.java:45)
	at com.gSTAX.Utilities.Report.failWithScreenshot(Report.java:45)
	at com.gSTAX.Utilities.Report.failWithScreenshot(Report.java:45)
	at com.gSTAX.Utilities.Report.failWithScreenshot(Report.java:45)
	at com.gSTAX.Utilities.Report.failWithScreenshot(Report.java:45)
	at com.gSTAX.Utilities.Report.failWithScreenshot(Report.java:45)
	at com.gSTAX.Utilities.Report.failWithScreenshot(Report.java:45)
	at com.gSTAX.Utilities.Report.failWithScreenshot(Report.java:45)
	at com.gSTAX.Utilities.Report.failWithScreenshot(Report.java:45)
	at com.gSTAX.Utilities.Report.failWithScreenshot(Report.java:45)
	at com.gSTAX.Utilities.Report.failWithScreenshot(Report.java:45)
	at com.gSTAX.Utilities.Report.failWithScreenshot(Report.java:45)
	at com.gSTAX.Utilities.Report.failWithScreenshot(Report.java:45)
	at com.gSTAX.Utilities.Report.failWithScreenshot(Report.java:45)
	at com.gSTAX.Utilities.Report.failWithScreenshot(Report.java:45)
	at com.gSTAX.Utilities.Report.failWithScreenshot(Report.java:45)
	at com.gSTAX.Utilities.Report.failWithScreenshot(Report.java:45)
	at com.gSTAX.Utilities.Report.failWithScreenshot(Report.java:45)
	at com.gSTAX.Utilities.Report.failWithScreenshot(Report.java:45)
	at com.gSTAX.Utilities.Report.failWithScreenshot(Report.java:45)
	at com.gSTAX.Utilities.Report.failWithScreenshot(Report.java:45)
	at com.gSTAX.Utilities.Report.failWithScreenshot(Report.java:45)
	at com.gSTAX.Utilities.Report.failWithScreenshot(Report.java:45)
	at com.gSTAX.Utilities.Report.failWithScreenshot(Report.java:45)
	at com.gSTAX.Utilities.Report.failWithScreenshot(Report.java:45)
	at com.gSTAX.Utilities.Report.failWithScreenshot(Report.java:45)
	at com.gSTAX.Utilities.Report.failWithScreenshot(Report.java:45)
	at com.gSTAX.Utilities.Report.failWithScreenshot(Report.java:45)
[...]
	at com.gSTAX.Utilities.Report.failWithScreenshot(Report.java:45)
	at com.gSTAX.Utilities.Report.failWithScreenshot(Report.java:45)
	at com.gSTAX.Utilities.Report.failWithScreenshot(Report.java:45)
	at com.gSTAX.Utilities.Report.failWithScreenshot(Report.java:45)
	at com.gSTAX.Utilities.Report.failWithScreenshot(Report.java:45)
	at com.gSTAX.Utilities.Report.failWithScreenshot(Report.java:45)
	at com.gSTAX.Utilities.Report.failWithScreenshot(Report.java:45)
	at com.gSTAX.Utilities.Report.failWithScreenshot(Report.java:45)
	at com.gSTAX.Utilities.Report.failWithScreenshot(Report.java:45)
	at com.gSTAX.Utilities.Report.failWithScreenshot(Report.java:45)
	at com.gSTAX.Utilities.Report.failWithScreenshot(Report.java:45)
	at com.gSTAX.Utilities.Report.failWithScreenshot(Report.java:45)
	at com.gSTAX.Utilities.Report.failWithScreenshot(Report.java:45)
	at com.gSTAX.Utilities.Report.failWithScreenshot(Report.java:45)
	at com.gSTAX.Utilities.Report.failWithScreenshot(Report.java:45)
	at com.gSTAX.Utilities.Report.failWithScreenshot(Report.java:45)
	at com.gSTAX.Utilities.Report.failWithScreenshot(Report.java:45)
	at com.gSTAX.Utilities.Report.failWithScreenshot(Report.java:45)
	at com.gSTAX.Utilities.Report.failWithScreenshot(Report.java:45)
	at com.gSTAX.Utilities.Report.failWithScreenshot(Report.java:45)
	at com.gSTAX.Utilities.Report.failWithScreenshot(Report.java:45)
	at com.gSTAX.Utilities.Report.failWithScreenshot(Report.java:45)
	at com.gSTAX.Utilities.Report.failWithScreenshot(Report.java:45)
	at com.gSTAX.Utilities.Report.failWithScreenshot(Report.java:45)
	at com.gSTAX.Utilities.Report.failWithScreenshot(Report.java:45)
	at com.gSTAX.Utilities.Report.failWithScreenshot(Report.java:45)
	at com.gSTAX.Utilities.Report.failWithScreenshot(Report.java:45)
	at com.gSTAX.Utilities.Report.failWithScreenshot(Report.java:45)
	at com.gSTAX.Utilities.Report.failWithScreenshot(Report.java:45)
	at com.gSTAX.Utilities.Report.failWithScreenshot(Report.java:45)
	at com.gSTAX.Utilities.Report.failWithScreenshot(Report.java:45)
	at com.gSTAX.Utilities.Report.failWithScreenshot(Report.java:45)
	at com.gSTAX.Utilities.Report.failWithScreenshot(Report.java:45)
	at com.gSTAX.Utilities.Report.failWithScreenshot(Report.java:45)
	at com.gSTAX.Utilities.Report.failWithScreenshot(Report.java:45)
	at com.gSTAX.Utilities.Report.failWithScreenshot(Report.java:45)
	at com.gSTAX.Utilities.Report.failWithScreenshot(Report.java:45)
	at com.gSTAX.Utilities.Report.failWithScreenshot(Report.java:45)
	at com.gSTAX.Utilities.Report.failWithScreenshot(Report.java:45)
	at com.gSTAX.Utilities.Report.failWithScreenshot(Report.java:45)
	at com.gSTAX.Utilities.Report.failWithScreenshot(Report.java:45)
	at com.gSTAX.Utilities.Report.failWithScreenshot(Report.java:45)
	at com.gSTAX.Utilities.Report.failWithScreenshot(Report.java:45)
	at com.gSTAX.Utilities.Report.failWithScreenshot(Report.java:45)
	at com.gSTAX.Utilities.Report.failWithScreenshot(Report.java:45)
	at com.gSTAX.Utilities.Report.failWithScreenshot(Report.java:45)
	at com.gSTAX.Utilities.Report.failWithScreenshot(Report.java:45)
	at com.gSTAX.Utilities.Report.failWithScreenshot(Report.java:45)
	at com.gSTAX.Utilities.Report.failWithScreenshot(Report.java:45)
	at com.gSTAX.Utilities.Report.failWithScreenshot(Report.java:45)
	at com.gSTAX.Utilities.Report.failWithScreenshot(Report.java:45)
	at com.gSTAX.Utilities.Report.failWithScreenshot(Report.java:45)
	at com.gSTAX.Utilities.Report.failWithScreenshot(Report.java:45)
	at com.gSTAX.Utilities.Report.failWithScreenshot(Report.java:45)
	at com.gSTAX.Utilities.Report.failWithScreenshot(Report.java:45)
	at com.gSTAX.Utilities.Report.failWithScreenshot(Report.java:45)
	at com.gSTAX.Utilities.Report.failWithScreenshot(Report.java:45)
	at com.gSTAX.Utilities.Report.failWithScreenshot(Report.java:45)
	at com.gSTAX.Utilities.Report.failWithScreenshot(Report.java:45)
	at com.gSTAX.Utilities.Report.failWithScreenshot(Report.java:45)
	at com.gSTAX.Utilities.Report.failWithScreenshot(Report.java:45)
	at com.gSTAX.Utilities.Report.failWithScreenshot(Report.java:45)
	at com.gSTAX.Utilities.Report.failWithScreenshot(Report.java:45)
	at com.gSTAX.Utilities.Report.failWithScreenshot(Report.java:45)
	at com.gSTAX.Utilities.Report.failWithScreenshot(Report.java:45)
	at com.gSTAX.Utilities.Report.failWithScreenshot(Report.java:45)
	at com.gSTAX.Utilities.Report.failWithScreenshot(Report.java:45)
	at com.gSTAX.Utilities.Report.failWithScreenshot(Report.java:45)
	at com.gSTAX.Utilities.Report.failWithScreenshot(Report.java:45)
	at com.gSTAX.Utilities.Report.failWithScreenshot(Report.java:45)
	at com.gSTAX.Utilities.Report.failWithScreenshot(Report.java:45)
	at com.gSTAX.Utilities.Report.failWithScreenshot(Report.java:45)
	at com.gSTAX.Utilities.Report.failWithScreenshot(Report.java:45)
	at com.gSTAX.Utilities.Report.failWithScreenshot(Report.java:45)
	at com.gSTAX.Utilities.Report.failWithScreenshot(Report.java:45)
	at com.gSTAX.Utilities.Report.failWithScreenshot(Report.java:45)
	at com.gSTAX.Utilities.Report.failWithScreenshot(Report.java:45)
	at com.gSTAX.Utilities.Report.failWithScreenshot(Report.java:45)
	at com.gSTAX.Utilities.Report.failWithScreenshot(Report.java:45)
	at com.gSTAX.Utilities.Report.failWithScreenshot(Report.java:45)
	at com.gSTAX.Utilities.Report.failWithScreenshot(Report.java:45)
	at com.gSTAX.Utilities.Report.failWithScreenshot(Report.java:45)
	at com.gSTAX.Utilities.Report.failWithScreenshot(Report.java:45)
	at com.gSTAX.Utilities.Report.failWithScreenshot(Report.java:45)
	at com.gSTAX.Utilities.Report.failWithScreenshot(Report.java:45)
	at com.gSTAX.Utilities.Report.failWithScreenshot(Report.java:45)
	at com.gSTAX.Utilities.Report.failWithScreenshot(Report.java:45)
	at com.gSTAX.Utilities.Report.failWithScreenshot(Report.java:45)
	at com.gSTAX.Utilities.Report.failWithScreenshot(Report.java:45)
	at com.gSTAX.Utilities.Report.failWithScreenshot(Report.java:45)
	at com.gSTAX.Utilities.Report.failWithScreenshot(Report.java:45)
	at com.gSTAX.Utilities.Report.failWithScreenshot(Report.java:45)
	at com.gSTAX.Utilities.Report.failWithScreenshot(Report.java:45)
	at com.gSTAX.Utilities.Report.failWithScreenshot(Report.java:45)
	at com.gSTAX.Utilities.Report.failWithScreenshot(Report.java:45)
	at com.gSTAX.Utilities.Report.failWithScreenshot(Report.java:45)
	at com.gSTAX.Utilities.Report.failWithScreenshot(Report.java:45)
	at com.gSTAX.Utilities.Report.failWithScreenshot(Report.java:45)
	at com.gSTAX.Utilities.Report.failWithScreenshot(Report.java:45)
	at com.gSTAX.Utilities.Report.failWithScreenshot(Report.java:45)
	at com.gSTAX.Utilities.Report.failWithScreenshot(Report.java:45)
	at com.gSTAX.Utilities.Report.failWithScreenshot(Report.java:45)
	at com.gSTAX.Utilities.Report.failWithScreenshot(Report.java:45)
	at com.gSTAX.Utilities.Report.failWithScreenshot(Report.java:45)
	at com.gSTAX.Utilities.Report.failWithScreenshot(Report.java:45)
	at com.gSTAX.Utilities.Report.failWithScreenshot(Report.java:45)
	at com.gSTAX.Utilities.Report.failWithScreenshot(Report.java:45)
	at com.gSTAX.Utilities.Report.failWithScreenshot(Report.java:45)
	at com.gSTAX.Utilities.Report.failWithScreenshot(Report.java:45)
	at com.gSTAX.Utilities.Report.failWithScreenshot(Report.java:45)
	at com.gSTAX.Utilities.Report.failWithScreenshot(Report.java:45)
	at com.gSTAX.Utilities.Report.failWithScreenshot(Report.java:45)
	at com.gSTAX.Utilities.Report.failWithScreenshot(Report.java:45)
	at com.gSTAX.Utilities.Report.failWithScreenshot(Report.java:45)
	at com.gSTAX.Utilities.Report.failWithScreenshot(Report.java:45)
	at com.gSTAX.Utilities.Report.failWithScreenshot(Report.java:45)
	at com.gSTAX.Utilities.Report.failWithScreenshot(Report.java:45)
	at com.gSTAX.Utilities.Report.failWithScreenshot(Report.java:45)
	at com.gSTAX.Utilities.Report.failWithScreenshot(Report.java:45)
	at com.gSTAX.Utilities.Report.failWithScreenshot(Report.java:45)
	at com.gSTAX.Utilities.Report.failWithScreenshot(Report.java:45)
	at com.gSTAX.Utilities.Report.failWithScreenshot(Report.java:45)
	at com.gSTAX.Utilities.Report.failWithScreenshot(Report.java:45)
	at com.gSTAX.Utilities.Report.failWithScreenshot(Report.java:45)
	at com.gSTAX.Utilities.Report.failWithScreenshot(Report.java:45)
	at com.gSTAX.Utilities.Report.failWithScreenshot(Report.java:45)
	at com.gSTAX.Utilities.Report.failWithScreenshot(Report.java:45)
	at com.gSTAX.Utilities.Report.failWithScreenshot(Report.java:45)
	at com.gSTAX.Utilities.Report.failWithScreenshot(Report.java:45)
	at com.gSTAX.Utilities.Report.failWithScreenshot(Report.java:45)
	at com.gSTAX.Utilities.Report.failWithScreenshot(Report.java:45)
	at com.gSTAX.Utilities.Report.failWithScreenshot(Report.java:45)
	at com.gSTAX.Utilities.Report.failWithScreenshot(Report.java:45)
	at com.gSTAX.Utilities.Report.failWithScreenshot(Report.java:45)
	at com.gSTAX.Utilities.Report.failWithScreenshot(Report.java:45)
	at com.gSTAX.Utilities.Report.failWithScreenshot(Report.java:45)
	at com.gSTAX.Utilities.Report.failWithScreenshot(Report.java:45)
	at com.gSTAX.Utilities.Report.failWithScreenshot(Report.java:45)
	at com.gSTAX.Utilities.Report.failWithScreenshot(Report.java:45)
	at com.gSTAX.Utilities.Report.failWithScreenshot(Report.java:45)
	at com.gSTAX.Utilities.Report.failWithScreenshot(Report.java:45)
	at com.gSTAX.Utilities.Report.failWithScreenshot(Report.java:45)
	at com.gSTAX.Utilities.Report.failWithScreenshot(Report.java:45)
	at com.gSTAX.Utilities.Report.failWithScreenshot(Report.java:45)
	at com.gSTAX.Utilities.Report.failWithScreenshot(Report.java:45)
	at com.gSTAX.Utilities.Report.failWithScreenshot(Report.java:45)
	at com.gSTAX.Utilities.Report.failWithScreenshot(Report.java:45)
	at com.gSTAX.Utilities.Report.failWithScreenshot(Report.java:45)
	at com.gSTAX.Utilities.Report.failWithScreenshot(Report.java:45)
	at com.gSTAX.Utilities.Report.failWithScreenshot(Report.java:45)
	at com.gSTAX.Utilities.Report.failWithScreenshot(Report.java:45)
	at com.gSTAX.Utilities.Report.failWithScreenshot(Report.java:45)
	at com.gSTAX.Utilities.Report.failWithScreenshot(Report.java:45)
	at com.gSTAX.Utilities.Report.failWithScreenshot(Report.java:45)
	at com.gSTAX.Utilities.Report.failWithScreenshot(Report.java:45)
	at com.gSTAX.Utilities.Report.failWithScreenshot(Report.java:45)
	at com.gSTAX.Utilities.Report.failWithScreenshot(Report.java:45)
	at com.gSTAX.Utilities.Report.failWithScreenshot(Report.java:45)
	at com.gSTAX.Utilities.Report.failWithScreenshot(Report.java:45)
	at com.gSTAX.Utilities.Report.failWithScreenshot(Report.java:45)
	at com.gSTAX.Utilities.Report.failWithScreenshot(Report.java:45)
	at com.gSTAX.Utilities.Report.failWithScreenshot(Report.java:45)
	at com.gSTAX.Utilities.Report.failWithScreenshot(Report.java:45)
	at com.gSTAX.Utilities.Report.failWithScreenshot(Report.java:45)
	at com.gSTAX.Utilities.Report.failWithScreenshot(Report.java:45)
	at com.gSTAX.Utilities.Report.failWithScreenshot(Report.java:45)
	at com.gSTAX.Utilities.Report.failWithScreenshot(Report.java:45)
	at com.gSTAX.Utilities.Report.failWithScreenshot(Report.java:45)
	at com.gSTAX.Utilities.Report.failWithScreenshot(Report.java:45)
	at com.gSTAX.Utilities.Report.failWithScreenshot(Report.java:45)
	at com.gSTAX.Utilities.Report.failWithScreenshot(Report.java:45)
	at com.gSTAX.Utilities.Report.failWithScreenshot(Report.java:45)
	at com.gSTAX.Utilities.Report.failWithScreenshot(Report.java:45)
	at com.gSTAX.Utilities.Report.failWithScreenshot(Report.java:45)
	at com.gSTAX.Utilities.Report.failWithScreenshot(Report.java:45)
	at com.gSTAX.Utilities.Report.failWithScreenshot(Report.java:45)
	at com.gSTAX.Utilities.Report.failWithScreenshot(Report.java:45)
	at com.gSTAX.Utilities.Report.failWithScreenshot(Report.java:45)
	at com.gSTAX.Utilities.Report.failWithScreenshot(Report.java:45)
	at com.gSTAX.Utilities.Report.failWithScreenshot(Report.java:45)
	at com.gSTAX.Utilities.Report.failWithScreenshot(Report.java:45)
	at com.gSTAX.Utilities.Report.failWithScreenshot(Report.java:45)
	at com.gSTAX.Utilities.Report.failWithScreenshot(Report.java:45)
	at com.gSTAX.Utilities.Report.failWithScreenshot(Report.java:45)
	at com.gSTAX.Utilities.Report.failWithScreenshot(Report.java:45)
	at com.gSTAX.Utilities.Report.failWithScreenshot(Report.java:45)
	at com.gSTAX.Utilities.Report.failWithScreenshot(Report.java:45)
	at com.gSTAX.Utilities.Report.failWithScreenshot(Report.java:45)
	at com.gSTAX.Utilities.Report.failWithScreenshot(Report.java:45)
	at com.gSTAX.Utilities.Report.failWithScreenshot(Report.java:45)
	at com.gSTAX.Utilities.Report.failWithScreenshot(Report.java:45)
	at com.gSTAX.Utilities.Report.failWithScreenshot(Report.java:45)
	at com.gSTAX.Utilities.Report.failWithScreenshot(Report.java:45)
	at com.gSTAX.Utilities.Report.failWithScreenshot(Report.java:45)
	at com.gSTAX.Utilities.Report.failWithScreenshot(Report.java:45)
	at com.gSTAX.Utilities.Report.failWithScreenshot(Report.java:45)
	at com.gSTAX.Utilities.Report.failWithScreenshot(Report.java:45)
	at com.gSTAX.Utilities.Report.failWithScreenshot(Report.java:45)
	at com.gSTAX.Utilities.Report.failWithScreenshot(Report.java:45)
	at com.gSTAX.Utilities.Report.failWithScreenshot(Report.java:45)
	at com.gSTAX.Utilities.Report.failWithScreenshot(Report.java:45)
	at com.gSTAX.Utilities.Report.failWithScreenshot(Report.java:45)
	at com.gSTAX.Utilities.Report.failWithScreenshot(Report.java:45)
	at com.gSTAX.Utilities.Report.failWithScreenshot(Report.java:45)
	at com.gSTAX.Utilities.Report.failWithScreenshot(Report.java:45)
	at com.gSTAX.Utilities.Report.failWithScreenshot(Report.java:45)
	at com.gSTAX.Utilities.Report.failWithScreenshot(Report.java:45)
	at com.gSTAX.Utilities.Report.failWithScreenshot(Report.java:45)
	at com.gSTAX.Utilities.Report.failWithScreenshot(Report.java:45)
	at com.gSTAX.Utilities.Report.failWithScreenshot(Report.java:45)
	at com.gSTAX.Utilities.Report.failWithScreenshot(Report.java:45)
	at com.gSTAX.Utilities.Report.failWithScreenshot(Report.java:45)
	at com.gSTAX.Utilities.Report.failWithScreenshot(Report.java:45)
	at com.gSTAX.Utilities.Report.failWithScreenshot(Report.java:45)
	at com.gSTAX.Utilities.Report.failWithScreenshot(Report.java:45)
	at com.gSTAX.Utilities.Report.failWithScreenshot(Report.java:45)
	at com.gSTAX.Utilities.Report.failWithScreenshot(Report.java:45)
	at com.gSTAX.Utilities.Report.failWithScreenshot(Report.java:45)
	at com.gSTAX.Utilities.Report.failWithScreenshot(Report.java:45)
	at com.gSTAX.Utilities.Report.failWithScreenshot(Report.java:45)
	at com.gSTAX.Utilities.Report.failWithScreenshot(Report.java:45)
	at com.gSTAX.Utilities.Report.failWithScreenshot(Report.java:45)
	at com.gSTAX.Utilities.Report.failWithScreenshot(Report.java:45)
	at com.gSTAX.Utilities.Report.failWithScreenshot(Report.java:45)
	at com.gSTAX.Utilities.Report.failWithScreenshot(Report.java:45)
	at com.gSTAX.Utilities.Report.failWithScreenshot(Report.java:45)
	at com.gSTAX.Utilities.Report.failWithScreenshot(Report.java:45)
	at com.gSTAX.Utilities.Report.failWithScreenshot(Report.java:45)
	at com.gSTAX.Utilities.Report.failWithScreenshot(Report.java:45)
	at com.gSTAX.Utilities.Report.failWithScreenshot(Report.java:45)
	at com.gSTAX.Utilities.Report.failWithScreenshot(Report.java:45)
	at com.gSTAX.Utilities.Report.failWithScreenshot(Report.java:45)
	at com.gSTAX.Utilities.Report.failWithScreenshot(Report.java:45)
	at com.gSTAX.Utilities.Report.failWithScreenshot(Report.java:45)
	at com.gSTAX.Utilities.Report.failWithScreenshot(Report.java:45)
	at com.gSTAX.Utilities.Report.failWithScreenshot(Report.java:45)
	at com.gSTAX.Utilities.Report.failWithScreenshot(Report.java:45)
	at com.gSTAX.Utilities.Report.failWithScreenshot(Report.java:45)
	at com.gSTAX.Utilities.Report.failWithScreenshot(Report.java:45)
	at com.gSTAX.Utilities.Report.failWithScreenshot(Report.java:45)
	at com.gSTAX.Utilities.Report.failWithScreenshot(Report.java:45)
	at com.gSTAX.Utilities.Report.failWithScreenshot(Report.java:45)
	at com.gSTAX.Utilities.Report.failWithScreenshot(Report.java:45)
	at com.gSTAX.Utilities.Report.failWithScreenshot(Report.java:45)
	at com.gSTAX.Utilities.Report.failWithScreenshot(Report.java:45)
	at com.gSTAX.Utilities.Report.failWithScreenshot(Report.java:45)
	at com.gSTAX.Utilities.Report.failWithScreenshot(Report.java:45)
	at com.gSTAX.Utilities.Report.failWithScreenshot(Report.java:45)
	at com.gSTAX.Utilities.Report.failWithScreenshot(Report.java:45)
	at com.gSTAX.Utilities.Report.failWithScreenshot(Report.java:45)
	at com.gSTAX.Utilities.Report.failWithScreenshot(Report.java:45)
	at com.gSTAX.Utilities.Report.failWithScreenshot(Report.java:45)
	at com.gSTAX.Utilities.Report.failWithScreenshot(Report.java:45)
	at com.gSTAX.Utilities.Report.failWithScreenshot(Report.java:45)
	at com.gSTAX.Utilities.Report.failWithScreenshot(Report.java:45)
	at com.gSTAX.Utilities.Report.failWithScreenshot(Report.java:45)
	at com.gSTAX.Utilities.Report.failWithScreenshot(Report.java:45)
	at com.gSTAX.Utilities.Report.failWithScreenshot(Report.java:45)
	at com.gSTAX.Utilities.Report.failWithScreenshot(Report.java:45)
	at com.gSTAX.Utilities.Report.failWithScreenshot(Report.java:45)
	at com.gSTAX.Utilities.Report.failWithScreenshot(Report.java:45)
	at com.gSTAX.Utilities.Report.failWithScreenshot(Report.java:45)
	at com.gSTAX.Utilities.Report.failWithScreenshot(Report.java:45)
	at com.gSTAX.Utilities.Report.failWithScreenshot(Report.java:45)
	at com.gSTAX.Utilities.Report.failWithScreenshot(Report.java:45)
	at com.gSTAX.Utilities.Report.failWithScreenshot(Report.java:45)
	at com.gSTAX.Utilities.Report.failWithScreenshot(Report.java:45)
	at com.gSTAX.Utilities.Report.failWithScreenshot(Report.java:45)
	at com.gSTAX.Utilities.Report.failWithScreenshot(Report.java:45)
	at com.gSTAX.Utilities.Report.failWithScreenshot(Report.java:45)
	at com.gSTAX.Utilities.Report.failWithScreenshot(Report.java:45)
	at com.gSTAX.Utilities.Report.failWithScreenshot(Report.java:45)
	at com.gSTAX.Utilities.Report.failWithScreenshot(Report.java:45)
	at com.gSTAX.Utilities.Report.failWithScreenshot(Report.java:45)
	at com.gSTAX.Utilities.Report.failWithScreenshot(Report.java:45)
	at com.gSTAX.Utilities.Report.failWithScreenshot(Report.java:45)
	at com.gSTAX.Utilities.Report.failWithScreenshot(Report.java:45)
	at com.gSTAX.Utilities.Report.failWithScreenshot(Report.java:45)
	at com.gSTAX.Utilities.Report.failWithScreenshot(Report.java:45)
	at com.gSTAX.Utilities.Report.failWithScreenshot(Report.java:45)
	at com.gSTAX.Utilities.Report.failWithScreenshot(Report.java:45)
	at com.gSTAX.Utilities.Report.failWithScreenshot(Report.java:45)
	at com.gSTAX.Utilities.Report.failWithScreenshot(Report.java:45)
	at com.gSTAX.Utilities.Report.failWithScreenshot(Report.java:45)
	at com.gSTAX.Utilities.Report.failWithScreenshot(Report.java:45)
	at com.gSTAX.Utilities.Report.failWithScreenshot(Report.java:45)
	at com.gSTAX.Utilities.Report.failWithScreenshot(Report.java:45)
	at com.gSTAX.Utilities.Report.failWithScreenshot(Report.java:45)
	at com.gSTAX.Utilities.Report.failWithScreenshot(Report.java:45)
	at com.gSTAX.Utilities.Report.failWithScreenshot(Report.java:45)
	at com.gSTAX.Utilities.Report.failWithScreenshot(Report.java:45)
	at com.gSTAX.Utilities.Report.failWithScreenshot(Report.java:45)
	at com.gSTAX.Utilities.Report.failWithScreenshot(Report.java:45)
	at com.gSTAX.Utilities.Report.failWithScreenshot(Report.java:45)
	at com.gSTAX.Utilities.Report.failWithScreenshot(Report.java:45)
	at com.gSTAX.Utilities.Report.failWithScreenshot(Report.java:45)
	at com.gSTAX.Utilities.Report.failWithScreenshot(Report.java:45)
	at com.gSTAX.Utilities.Report.failWithScreenshot(Report.java:45)
	at com.gSTAX.Utilities.Report.failWithScreenshot(Report.java:45)
	at com.gSTAX.Utilities.Report.failWithScreenshot(Report.java:45)
	at com.gSTAX.Utilities.Report.failWithScreenshot(Report.java:45)
]]>
    </error>
  </testcase> <!-- AmazonTest -->
</testsuite> <!-- com.gSTAX.Tests.Website -->
